Unity Editor version:    6000.3.16f1 (a56f230f6470)
Branch:                  6000.3/staging
Build type:              Release
Batch mode:              YES
macOS version:           Version 26.5.1 (Build 25F80)
Darwin version:          25.5.0
Architecture:            arm64
Running under Rosetta:   NO
Available memory:        65536 MB
Date:                    2026-07-14T05:17:14Z
[Licensing::Module] Trying to connect to existing licensing client channel...
[Licensing::IpcConnector] Channel LicenseClient-redacted-user doesn't exist
Launching external process: <app-path>
[Licensing::Module] Successfully launched the LicensingClient (PId: 43702)
Launching external process: <app-path>

COMMAND LINE ARGUMENTS:
<app-path>
-batchmode
-projectPath
game
-executeMethod
ForgeGame.EditorTools.AssetIntegration.IntegrateAll
-quit
-logFile
<repo>/qa/evidence/assetintegration-s26-crfix.log
Successfully changed project path to: <repo>/game
<repo>/game
[UnityMemory] Configuration Parameters - Can be set up in boot.config
    "memorysetup-allocator-temp-initial-block-size-main=262144"
    "memorysetup-allocator-temp-initial-block-size-worker=262144"
    "memorysetup-temp-allocator-size-background-worker=32768"
    "memorysetup-temp-allocator-size-job-worker=262144"
    "memorysetup-temp-allocator-size-preload-manager=33554432"
    "memorysetup-temp-allocator-size-nav-mesh-worker=65536"
    "memorysetup-temp-allocator-size-audio-worker=65536"
    "memorysetup-temp-allocator-size-cloud-worker=32768"
    "memorysetup-bucket-allocator-granularity=16"
    "memorysetup-bucket-allocator-bucket-count=8"
    "memorysetup-bucket-allocator-block-size=33554432"
    "memorysetup-bucket-allocator-block-count=8"
    "memorysetup-main-allocator-block-size=16777216"
    "memorysetup-thread-allocator-block-size=16777216"
    "memorysetup-gfx-main-allocator-block-size=16777216"
    "memorysetup-gfx-thread-allocator-block-size=16777216"
    "memorysetup-cache-allocator-block-size=4194304"
    "memorysetup-typetree-allocator-block-size=2097152"
    "memorysetup-profiler-bucket-allocator-granularity=16"
    "memorysetup-profiler-bucket-allocator-bucket-count=8"
    "memorysetup-profiler-bucket-allocator-block-size=33554432"
    "memorysetup-profiler-bucket-allocator-block-count=8"
    "memorysetup-profiler-allocator-block-size=16777216"
    "memorysetup-profiler-editor-allocator-block-size=1048576"
    "memorysetup-temp-allocator-size-main=16777216"
    "memorysetup-job-temp-allocator-block-size=2097152"
    "memorysetup-job-temp-allocator-block-size-background=1048576"
    "memorysetup-job-temp-allocator-reduction-small-platforms=262144"
    "memorysetup-temp-allocator-size-gi-baking-worker=262144"
    "memorysetup-temp-allocator-size-gi-baking-worker=262144"
    "memorysetup-temp-allocator-size-gi-baking-worker=262144"
    "memorysetup-temp-allocator-size-gi-baking-worker=262144"
    "memorysetup-temp-allocator-size-gi-baking-worker=262144"
    "memorysetup-temp-allocator-size-gfx=262144"
Player connection [8426839680]  Target information:

Player connection [8426839680]  * "[IP] ip-redacted [Port] 55504 [Flags] 2 [Guid] 3408166655 [EditorId] 3408166655 [Version] 1048832 [Id] OSXEditor(0,redacted-host) [Debug] 1 [PackageName] OSXEditor [ProjectName] Editor" 

Player connection [8426839680]  * "[IP] ip-redacted [Port] 55504 [Flags] 2 [Guid] 3408166655 [EditorId] 3408166655 [Version] 1048832 [Id] OSXEditor(0,redacted-host) [Debug] 1 [PackageName] OSXEditor [ProjectName] Editor" 

Player connection [8426839680]  * "[IP] ip-redacted [Port] 55504 [Flags] 2 [Guid] 3408166655 [EditorId] 3408166655 [Version] 1048832 [Id] OSXEditor(0,redacted-host) [Debug] 1 [PackageName] OSXEditor [ProjectName] Editor" 

Player connection [8426839680]  * "[IP] ip-redacted [Port] 55504 [Flags] 2 [Guid] 3408166655 [EditorId] 3408166655 [Version] 1048832 [Id] OSXEditor(0,redacted-host) [Debug] 1 [PackageName] OSXEditor [ProjectName] Editor" 

Player connection [8426839680]  * "[IP] ip-redacted [Port] 55504 [Flags] 2 [Guid] 3408166655 [EditorId] 3408166655 [Version] 1048832 [Id] OSXEditor(0,redacted-host) [Debug] 1 [PackageName] OSXEditor [ProjectName] Editor" 

Player connection [8426839680] Host joined multi-casting on [225.0.0.222:54997]...
Player connection [8426839680] Host joined alternative multi-casting on [225.0.0.222:34997]...
Input System module state changed to: Initialized.
[Physics::Module] Initialized fallback backend.
[Physics::Module] Id: 0xdecafbad
[Package Manager] Connected to IPC stream "Upm-43701" after 0.1 seconds.
[Licensing::Module] Licensing is not yet initialized.
[Licensing::IpcConnector] Successfully connected to: "LicenseClient-redacted-user" at "2026-07-14T05:17:15.369026Z"
[Licensing::Client] Handshaking with LicensingClient:
  Version:                 1.18.1+9fbee8e
  Session Id:              f404f34541c64a62a9816687fc0cf860
  Correlation Id:          d836eb75709f6be21c107402ee5a9cdc
  External correlation Id: 7836162698112575683
  Machine Id:              BfThF0WKqAgDhnnSK9YQuaikHos=
[Licensing::Module] Successfully connected to LicensingClient on channel: "LicenseClient-redacted-user" (connect: 0.39s, validation: 0.02s, handshake: 0.23s)
[Licensing::IpcConnector] Successfully connected to: "LicenseClient-redacted-user-notifications" at "2026-07-14T05:17:15.618535Z"
[Licensing::Module] Connected to LicensingClient (PId: 43702, launch time: 0.00, total connection time: 0.64s)
[Licensing::Module] Error: Access token is unavailable; failed to update
[Licensing::Client] Successfully resolved entitlement details
[Licensing::Module] License group:
  Id: F4-4F8R-TQMZ-GN6C-Q2J8-XXXX
  Product: Unity Personal
  Type: ULF
  Expiration: Unlimited
[Licensing::Module] License group:
  Id: 15668730622722-UnityPersXXXX
  Product: Unity Personal
  Type: Assigned
  Expiration: Unlimited
[Licensing::Client] Successfully updated license, isAsync: True, time: 0.01
[Licensing::Client] Successfully resolved entitlement details
[Licensing::Module] License group:
  Id: F4-4F8R-TQMZ-GN6C-Q2J8-XXXX
  Product: Unity Personal
  Type: ULF
  Expiration: Unlimited
[Licensing::Module] License group:
  Id: 15668730622722-UnityPersXXXX
  Product: Unity Personal
  Type: Assigned
  Expiration: Unlimited
[Licensing::Module] Licensing Background thread has ended after 0.67s
[Licensing::Module] Licensing is initialized (took 0.48s).
[Licensing::Client] Successfully resolved entitlement details
[Licensing::Module] License group:
  Id: F4-4F8R-TQMZ-GN6C-Q2J8-XXXX
  Product: Unity Personal
  Type: ULF
  Expiration: Unlimited
[Licensing::Module] License group:
  Id: 15668730622722-UnityPersXXXX
  Product: Unity Personal
  Type: Assigned
  Expiration: Unlimited
Library Redirect Path: Library/
[Physics::Module] Selected backend.
[Physics::Module] Name: PhysX
[Physics::Module] Id: 0xf2b8ea05
[Physics::Module] SDK Version: 4.1.2
[Physics::Module] Integration Version: 1.0.0
[Physics::Module] Threading Mode: Multi-Threaded
Refreshing native plugins compatible for Editor in 0.05 ms, found 0 plugins.
Preloading 0 native plugins for Editor in 0.00 ms.
Initialize engine version: 6000.3.16f1 (a56f230f6470)
[Subsystems] Discovering subsystems at path <app-path>
[Subsystems] Discovering subsystems at path <repo>/game/Assets
GfxDevice: creating device client; kGfxThreadingModeNonThreaded
 preferred device: Apple M4 Max (high power)
Metal devices available: 1
0: Apple M4 Max (high power)
Using device Apple M4 Max (high power)
Initializing Metal device caps: Apple M4 Max
Mac GPU Family: 2
Apple GPU Family: 9
MSL Version: 3.0
Has Float MSAA: 1
Has Float Filtering: 1
ReadWrite Texture Tier: 2
Initialize mono
Mono path[0] = '<app-path>'
Mono path[1] = '<app-path>'
Mono config path = '<app-path>'
Using monoOptions --debugger-agent=transport=dt_socket,embedding=1,server=y,suspend=n,address=ip-redacted:56701
Using cacheserver namespaces - metadata:defaultmetadata, artifacts:defaultartifacts
Using cacheserver namespaces - metadata:defaultmetadata, artifacts:defaultartifacts
ImportWorker Server TCP listen port: 0
AcceleratorClientConnectionCallback - disconnected - :0
Begin MonoManager ReloadAssembly
Registering precompiled unity dll's ...
Register platform support module: <app-path>
[Licensing::Client] Successfully resolved entitlement details
[Licensing::Module] License group:
  Id: F4-4F8R-TQMZ-GN6C-Q2J8-XXXX
  Product: Unity Personal
  Type: ULF
  Expiration: Unlimited
[Licensing::Module] License group:
  Id: 15668730622722-UnityPersXXXX
  Product: Unity Personal
  Type: Assigned
  Expiration: Unlimited
Register platform support module: <app-path>
[Licensing::Client] Successfully resolved entitlement details
[Licensing::Module] License group:
  Id: F4-4F8R-TQMZ-GN6C-Q2J8-XXXX
  Product: Unity Personal
  Type: ULF
  Expiration: Unlimited
[Licensing::Module] License group:
  Id: 15668730622722-UnityPersXXXX
  Product: Unity Personal
  Type: Assigned
  Expiration: Unlimited
Register platform support module: <app-path>
Registered in 0.002065 seconds.
- Loaded All Assemblies, in  0.187 seconds
[usbmuxd] Start listen thread
[usbmuxd] Listen thread started
[usbmuxd] Send listen message
Native extension for iOS target not found
Native extension for Android target not found
Native extension for OSXStandalone target not found
Package Manager log level set to [2]
ScheduleIndexationOnStartup MainProcess:False IndexOnStartup:False
Mono: successfully reloaded assembly
- Finished resetting the current domain, in  0.220 seconds
Domain Reload Profiling: 407ms
	BeginReloadAssembly (53ms)
		ExecutionOrderSort (0ms)
		DisableScriptedObjects (0ms)
		BackupInstance (0ms)
		ReleaseScriptingObjects (0ms)
		CreateAndSetChildDomain (10ms)
	RebuildCommonClasses (19ms)
	RebuildNativeTypeToScriptingClass (7ms)
	initialDomainReloadingComplete (21ms)
	LoadAllAssembliesAndSetupDomain (87ms)
		LoadAssemblies (43ms)
		RebuildTransferFunctionScriptingTraits (0ms)
		AnalyzeDomain (85ms)
			TypeCache.Refresh (85ms)
				TypeCache.ScanAssembly (77ms)
			BuildScriptInfoCaches (0ms)
			ResolveRequiredComponents (0ms)
	FinalizeReload (220ms)
		ReleaseScriptCaches (0ms)
		RebuildScriptCaches (0ms)
		SetupLoadedEditorAssemblies (199ms)
			LogAssemblyErrors (0ms)
			InitializePlatformSupportModulesInManaged (47ms)
			SetLoadedEditorAssemblies (2ms)
			BeforeProcessingInitializeOnLoad (43ms)
			ProcessInitializeOnLoadAttributes (60ms)
			ProcessInitializeOnLoadMethodAttributes (47ms)
			AfterProcessingInitializeOnLoad (0ms)
			EditorAssembliesLoaded (0ms)
		ExecutionOrderSort2 (0ms)
		AwakeInstancesAfterBackupRestoration (0ms)
[Licensing::Client] Successfully resolved entitlement details
[Licensing::Module] License group:
  Id: F4-4F8R-TQMZ-GN6C-Q2J8-XXXX
  Product: Unity Personal
  Type: ULF
  Expiration: Unlimited
[Licensing::Module] License group:
  Id: 15668730622722-UnityPersXXXX
  Product: Unity Personal
  Type: Assigned
  Expiration: Unlimited
Application.AssetDatabase Initial Refresh Start
[Package Manager] Restoring resolved packages state from cache
[Licensing::Client] Successfully resolved entitlement details
[Package Manager] Registered 58 packages:
  Packages from [https://packages.unity.com]:
    com.unity.cloud.gltfast@6.9.0 (location: <repo>/game/Library/PackageCache/com.unity.cloud.gltfast@1bfd82b6f675)
    com.unity.ai.navigation@2.0.12 (location: <repo>/game/Library/PackageCache/com.unity.ai.navigation@734c2c4c5591)
    com.unity.collab-proxy@2.12.4 (location: <repo>/game/Library/PackageCache/com.unity.collab-proxy@0b1559bcd34e)
    com.unity.ide.rider@3.0.40 (location: <repo>/game/Library/PackageCache/com.unity.ide.rider@e4950c6d131b)
    com.unity.ide.visualstudio@2.0.26 (location: <repo>/game/Library/PackageCache/com.unity.ide.visualstudio@a99d56dec63f)
    com.unity.inputsystem@1.19.0 (location: <repo>/game/Library/PackageCache/com.unity.inputsystem@21a28c3a6c83)
    com.unity.timeline@1.8.12 (location: <repo>/game/Library/PackageCache/com.unity.timeline@8cd8509afae5)
    com.unity.visualscripting@1.9.11 (location: <repo>/game/Library/PackageCache/com.unity.visualscripting@8bed5ad90189)
    com.unity.burst@1.8.29 (location: <repo>/game/Library/PackageCache/com.unity.burst@6bb9aca3ef38)
    com.unity.collections@2.6.6 (location: <repo>/game/Library/PackageCache/com.unity.collections@9796e5ee0d9e)
    com.unity.mathematics@1.3.3 (location: <repo>/game/Library/PackageCache/com.unity.mathematics@19a9377c4ffa)
    com.unity.searcher@4.9.4 (location: <repo>/game/Library/PackageCache/com.unity.searcher@d45a78918735)
    com.unity.nuget.mono-cecil@1.11.6 (location: <repo>/game/Library/PackageCache/com.unity.nuget.mono-cecil@ecb9724e46ff)
    com.unity.test-framework.performance@3.4.0 (location: <repo>/game/Library/PackageCache/com.unity.test-framework.performance@aa81a99c4a75)
  Built-in packages:
    com.unity.multiplayer.center@1.0.1 (location: <repo>/game/Library/PackageCache/com.unity.multiplayer.center@f01f4ba8d00a)
    com.unity.render-pipelines.universal@17.3.0 (location: <repo>/game/Library/PackageCache/com.unity.render-pipelines.universal@97f77d4dda9a)
    com.unity.test-framework@1.6.0 (location: <repo>/game/Library/PackageCache/com.unity.test-framework@aebcb98460c6)
    com.unity.ugui@2.0.0 (location: <repo>/game/Library/PackageCache/com.unity.ugui@23e8d17bfaf9)
    com.unity.modules.accessibility@1.0.0 (location: <repo>/game/Library/PackageCache/com.unity.modules.accessibility)
    com.unity.modules.adaptiveperformance@1.0.0 (location: <repo>/game/Library/PackageCache/com.unity.modules.adaptiveperformance)
    com.unity.modules.ai@1.0.0 (location: <repo>/game/Library/PackageCache/com.unity.modules.ai)
    com.unity.modules.androidjni@1.0.0 (location: <repo>/game/Library/PackageCache/com.unity.modules.androidjni)
    com.unity.modules.animation@1.0.0 (location: <repo>/game/Library/PackageCache/com.unity.modules.animation)
    com.unity.modules.assetbundle@1.0.0 (location: <repo>/game/Library/PackageCache/com.unity.modules.assetbundle)
    com.unity.modules.audio@1.0.0 (location: <repo>/game/Library/PackageCache/com.unity.modules.audio)
    com.unity.modules.cloth@1.0.0 (location: <repo>/game/Library/PackageCache/com.unity.modules.cloth)
    com.unity.modules.director@1.0.0 (location: <repo>/game/Library/PackageCache/com.unity.modules.director)
    com.unity.modules.imageconversion@1.0.0 (location: <repo>/game/Library/PackageCache/com.unity.modules.imageconversion)
    com.unity.modules.imgui@1.0.0 (location: <repo>/game/Library/PackageCache/com.unity.modules.imgui)
    com.unity.modules.jsonserialize@1.0.0 (location: <repo>/game/Library/PackageCache/com.unity.modules.jsonserialize)
    com.unity.modules.particlesystem@1.0.0 (location: <repo>/game/Library/PackageCache/com.unity.modules.particlesystem)
    com.unity.modules.physics@1.0.0 (location: <repo>/game/Library/PackageCache/com.unity.modules.physics)
    com.unity.modules.physics2d@1.0.0 (location: <repo>/game/Library/PackageCache/com.unity.modules.physics2d)
    com.unity.modules.screencapture@1.0.0 (location: <repo>/game/Library/PackageCache/com.unity.modules.screencapture)
    com.unity.modules.terrain@1.0.0 (location: <repo>/game/Library/PackageCache/com.unity.modules.terrain)
    com.unity.modules.terrainphysics@1.0.0 (location: <repo>/game/Library/PackageCache/com.unity.modules.terrainphysics)
    com.unity.modules.tilemap@1.0.0 (location: <repo>/game/Library/PackageCache/com.unity.modules.tilemap)
    com.unity.modules.ui@1.0.0 (location: <repo>/game/Library/PackageCache/com.unity.modules.ui)
    com.unity.modules.uielements@1.0.0 (location: <repo>/game/Library/PackageCache/com.unity.modules.uielements)
    com.unity.modules.umbra@1.0.0 (location: <repo>/game/Library/PackageCache/com.unity.modules.umbra)
    com.unity.modules.unityanalytics@1.0.0 (location: <repo>/game/Library/PackageCache/com.unity.modules.unityanalytics)
    com.unity.modules.unitywebrequest@1.0.0 (location: <repo>/game/Library/PackageCache/com.unity.modules.unitywebrequest)
    com.unity.modules.unitywebrequestassetbundle@1.0.0 (location: <repo>/game/Library/PackageCache/com.unity.modules.unitywebrequestassetbundle)
    com.unity.modules.unitywebrequestaudio@1.0.0 (location: <repo>/game/Library/PackageCache/com.unity.modules.unitywebrequestaudio)
    com.unity.modules.unitywebrequesttexture@1.0.0 (location: <repo>/game/Library/PackageCache/com.unity.modules.unitywebrequesttexture)
    com.unity.modules.unitywebrequestwww@1.0.0 (location: <repo>/game/Library/PackageCache/com.unity.modules.unitywebrequestwww)
    com.unity.modules.vectorgraphics@1.0.0 (location: <repo>/game/Library/PackageCache/com.unity.modules.vectorgraphics)
    com.unity.modules.vehicles@1.0.0 (location: <repo>/game/Library/PackageCache/com.unity.modules.vehicles)
    com.unity.modules.video@1.0.0 (location: <repo>/game/Library/PackageCache/com.unity.modules.video)
    com.unity.modules.vr@1.0.0 (location: <repo>/game/Library/PackageCache/com.unity.modules.vr)
    com.unity.modules.wind@1.0.0 (location: <repo>/game/Library/PackageCache/com.unity.modules.wind)
    com.unity.modules.xr@1.0.0 (location: <repo>/game/Library/PackageCache/com.unity.modules.xr)
    com.unity.modules.subsystems@1.0.0 (location: <repo>/game/Library/PackageCache/com.unity.modules.subsystems)
    com.unity.modules.hierarchycore@1.0.0 (location: <repo>/game/Library/PackageCache/com.unity.modules.hierarchycore)
    com.unity.ext.nunit@2.0.5 (location: <repo>/game/Library/PackageCache/com.unity.ext.nunit@d8c07649098d)
    com.unity.render-pipelines.core@17.3.0 (location: <repo>/game/Library/PackageCache/com.unity.render-pipelines.core@648b47f96bf1)
    com.unity.shadergraph@17.3.0 (location: <repo>/game/Library/PackageCache/com.unity.shadergraph@138213decc3c)
    com.unity.render-pipelines.universal-config@17.0.3 (location: <repo>/game/Library/PackageCache/com.unity.render-pipelines.universal-config@8dc1aab4af1d)
[Subsystems] No new subsystems found in resolved package list.
[Package Manager] Done registering packages in 0.00 seconds
[40m[32minfo[39m[22m[49m: Microsoft.Hosting.Lifetime[14]
      Now listening on: http://unix:<tmp-path>
[40m[32minfo[39m[22m[49m: Microsoft.Hosting.Lifetime[0]
      Application started. Press Ctrl+C to shut down.
[40m[32minfo[39m[22m[49m: Microsoft.Hosting.Lifetime[0]
      Hosting environment: Production
[40m[32minfo[39m[22m[49m: Microsoft.Hosting.Lifetime[0]
      Content root path: <repo>/game/
[40m[32minfo[39m[22m[49m: Microsoft.AspNetCore.Hosting.Diagnostics[1]
      Request starting HTTP/2 POST http://ilpp/UnityILPP.PostProcessing/Ping application/grpc -
[40m[32minfo[39m[22m[49m: Microsoft.AspNetCore.Routing.EndpointMiddleware[0]
      Executing endpoint 'gRPC - /UnityILPP.PostProcessing/Ping'
[40m[32minfo[39m[22m[49m: Microsoft.AspNetCore.Routing.EndpointMiddleware[1]
      Executed endpoint 'gRPC - /UnityILPP.PostProcessing/Ping'
[40m[32minfo[39m[22m[49m: Microsoft.AspNetCore.Hosting.Diagnostics[2]
      Request finished HTTP/2 POST http://ilpp/UnityILPP.PostProcessing/Ping application/grpc - - 200 - application/grpc 35.2471ms
Starting: <app-path> --ipc --defer-dag-verification --dagfile="Library/Bee/200b0aEDbg.dag" --continue-on-failure --profile="Library/Bee/backend1.traceevents" ScriptAssemblies
WorkingDir: <repo>/game
DisplayProgressbar: Compiling Scripts
[40m[32minfo[39m[22m[49m: Microsoft.AspNetCore.Hosting.Diagnostics[1]
      Request starting HTTP/2 POST http://ilpp/UnityILPP.PostProcessing/ConfigurePostProcessors application/grpc -
[40m[32minfo[39m[22m[49m: Microsoft.AspNetCore.Routing.EndpointMiddleware[0]
      Executing endpoint 'gRPC - /UnityILPP.PostProcessing/ConfigurePostProcessors'
[40m[1m[33mwarn[39m[22m[49m: Unity.ILPP.Runner.PostProcessingAssemblyLoadContext[0]
      Assembly unityeditor.ios.extensions.xcode has duplicate hint path. Ignoring "<app-path>" in favor of "<app-path>"
[40m[1m[33mwarn[39m[22m[49m: Unity.ILPP.Runner.PostProcessingAssemblyLoadContext[0]
      Assembly system.runtime.interopservices.windowsruntime has duplicate hint path. Ignoring "<app-path>" in favor of "<app-path>"
[40m[1m[33mwarn[39m[22m[49m: Unity.ILPP.Runner.PostProcessingAssemblyLoadContext[0]
      Assembly system.componentmodel.composition has duplicate hint path. Ignoring "<app-path>" in favor of "<app-path>"
[40m[32minfo[39m[22m[49m: Unity.ILPP.Runner.PostProcessingAssemblyLoadContext[0]
      Resolved Unity.Burst.Cecil, Version=ip-redacted, Culture=neutral, PublicKeyToken=50cebf1cceb9d05e with Library/PackageCache/com.unity.burst@6bb9aca3ef38/Unity.Burst.CodeGen/Unity.Burst.Cecil.dll
[40m[32minfo[39m[22m[49m: Unity.ILPP.Runner.PostProcessingAssemblyLoadContext[0]
      Resolved Mono.Cecil, Version=ip-redacted, Culture=neutral, PublicKeyToken=50cebf1cceb9d05e with Library/PackageCache/com.unity.nuget.mono-cecil@ecb9724e46ff/Mono.Cecil.dll
[40m[32minfo[39m[22m[49m: Microsoft.AspNetCore.Routing.EndpointMiddleware[1]
      Executed endpoint 'gRPC - /UnityILPP.PostProcessing/ConfigurePostProcessors'
[40m[32minfo[39m[22m[49m: Microsoft.AspNetCore.Hosting.Diagnostics[2]
      Request finished HTTP/2 POST http://ilpp/UnityILPP.PostProcessing/ConfigurePostProcessors application/grpc - - 200 - application/grpc 30.0406ms
ExitCode: 0 Duration: 0s481ms
[662/870    0s] ILPP-Configuration Library/ilpp-configuration.nevergeneratedoutput
*** Tundra build success (0.46 seconds), 1 items updated, 870 evaluated
AssetDatabase: script compilation time: 1.079214s
Begin MonoManager ReloadAssembly
- Loaded All Assemblies, in  0.700 seconds
Refreshing native plugins compatible for Editor in 3.91 ms, found 2 plugins.
Native extension for iOS target not found
Native extension for Android target not found
Native extension for OSXStandalone target not found
Refreshing native plugins compatible for Editor in 1.18 ms, found 2 plugins.
ScheduleIndexationOnStartup MainProcess:True IndexOnStartup:True
Mono: successfully reloaded assembly
- Finished resetting the current domain, in  2.084 seconds
Domain Reload Profiling: 2783ms
	BeginReloadAssembly (301ms)
		ExecutionOrderSort (0ms)
		DisableScriptedObjects (45ms)
		BackupInstance (0ms)
		ReleaseScriptingObjects (0ms)
		CreateAndSetChildDomain (175ms)
	RebuildCommonClasses (20ms)
	RebuildNativeTypeToScriptingClass (7ms)
	initialDomainReloadingComplete (14ms)
	LoadAllAssembliesAndSetupDomain (358ms)
		LoadAssemblies (279ms)
		RebuildTransferFunctionScriptingTraits (0ms)
		AnalyzeDomain (144ms)
			TypeCache.Refresh (103ms)
				TypeCache.ScanAssembly (93ms)
			BuildScriptInfoCaches (33ms)
			ResolveRequiredComponents (5ms)
	FinalizeReload (2084ms)
		ReleaseScriptCaches (0ms)
		RebuildScriptCaches (0ms)
		SetupLoadedEditorAssemblies (1827ms)
			LogAssemblyErrors (0ms)
			InitializePlatformSupportModulesInManaged (20ms)
			SetLoadedEditorAssemblies (3ms)
			BeforeProcessingInitializeOnLoad (108ms)
			ProcessInitializeOnLoadAttributes (1592ms)
			ProcessInitializeOnLoadMethodAttributes (102ms)
			AfterProcessingInitializeOnLoad (1ms)
			EditorAssembliesLoaded (0ms)
		ExecutionOrderSort2 (0ms)
		AwakeInstancesAfterBackupRestoration (73ms)
Asset Pipeline Refresh (id=608246bf042c94e8db913a8a86a7e323): Total: 4.749 seconds - Initiated by InitialRefreshV2(ForceSynchronousImport)
	Summary:
		Imports: total=0 (actual=0, local cache=0, cache server=0)
		Asset DB Process Time: managed=0 ms, native=2899 ms
		Asset DB Callback time: managed=14 ms, native=6 ms
		Scripting: domain reloads=1, domain reload time=700 ms, compile time=1080 ms, other=48 ms
		Project Asset Count: scripts=1343, non-scripts=2426
		Asset File Changes: new=0, changed=0, moved=0, deleted=0
		Scan Filter Count: 1
	InvokeCustomDependenciesCallbacks: 0.000ms
	InvokePackagesCallback: 10.117ms
	ApplyChangesToAssetFolders: 0.270ms
	Scan: 590.368ms
	OnSourceAssetsModified: 0.001ms
	CategorizeAssetsWithTransientArtifact: 27.297ms
	ProcessAssetsWithTransientArtifactChanges: 37.171ms
	CategorizeAssets: 41.344ms
	ImportOutOfDateAssets: 2092.748ms (1011.275ms without children)
		CompileScripts: 1079.863ms
		ReloadNativeAssets: 0.018ms
		UnloadImportedAssets: 0.744ms
		EnsureUptoDateAssetsAreRegisteredWithGuidPM: 0.340ms
		InitializingProgressBar: 0.000ms
		OnDemandSchedulerStart: 0.507ms
	PostProcessAllAssets: 14.232ms
	GatherAllCurrentPrimaryArtifactRevisions: 0.000ms
	UnloadStreamsBegin: 1.016ms
	PersistCurrentRevisions: 0.077ms
	UnloadStreamsEnd: 0.001ms
	GenerateScriptTypeHashes: 1.250ms
	Untracked: 1934.411ms

Application.AssetDatabase Initial Refresh End
Launching external process: <app-path>
Launched and connected shader compiler UnityShaderCompiler after 0.05 seconds
Scanning for USB devices : 0.223ms
Initializing Unity extensions:
Script 'Library/PackageCache/com.unity.test-framework@aebcb98460c6/Tests/TestNewCustomAssembly/TestNewCustomAssembly.asmdef' will not be compiled because it exists outside the Assets folder and does not to belong to any assembly definition file.
Script 'Library/PackageCache/com.unity.ai.navigation@734c2c4c5591/ValidationExceptions.json' will not be compiled because it exists outside the Assets folder and does not to belong to any assembly definition file.
Script 'Library/PackageCache/com.unity.mathematics@19a9377c4ffa/Tests/Unity.Mathematics.Tests.asmdef' will not be compiled because it exists outside the Assets folder and does not to belong to any assembly definition file.
Script 'Library/PackageCache/com.unity.collections@9796e5ee0d9e/Unity.Collections.Tests/System.Runtime.CompilerServices.Unsafe/System.Runtime.CompilerServices.Unsafe.xml' will not be compiled because it exists outside the Assets folder and does not to belong to any assembly definition file.
Script 'Library/PackageCache/com.unity.collections@9796e5ee0d9e/DocCodeSamples.Tests/DocCodeSamples.Tests.asmdef' will not be compiled because it exists outside the Assets folder and does not to belong to any assembly definition file.
Script 'Library/PackageCache/com.unity.collections@9796e5ee0d9e/Unity.Collections.PerformanceTests/Unity.Collections.PerformanceTests.asmdef' will not be compiled because it exists outside the Assets folder and does not to belong to any assembly definition file.
Script 'Library/PackageCache/com.unity.timeline@8cd8509afae5/DocCodeExamples/DocCodeExamples.asmdef' will not be compiled because it exists outside the Assets folder and does not to belong to any assembly definition file.
Script 'Library/PackageCache/com.unity.multiplayer.center@f01f4ba8d00a/Tests/Runtime/Unity.Multiplayer.Center.Tests.asmdef' will not be compiled because it exists outside the Assets folder and does not to belong to any assembly definition file.
Script 'Library/PackageCache/com.unity.render-pipelines.core@648b47f96bf1/Tests/Runtime/Threading/FunctionTestsGroup.compute' will not be compiled because it exists outside the Assets folder and does not to belong to any assembly definition file.
Script 'Library/PackageCache/com.unity.ugui@23e8d17bfaf9/Tests/Runtime/UGUI/UnityEngine.UI.Tests.asmdef' will not be compiled because it exists outside the Assets folder and does not to belong to any assembly definition file.
Script 'Library/PackageCache/com.unity.collections@9796e5ee0d9e/Unity.Collections.Tests.Playmode/FixedListPlayModeTests.tt' will not be compiled because it exists outside the Assets folder and does not to belong to any assembly definition file.
Script 'Library/PackageCache/com.unity.ugui@23e8d17bfaf9/Tests/Runtime/TMP/Unity.TextMeshPro.Tests.asmdef' will not be compiled because it exists outside the Assets folder and does not to belong to any assembly definition file.
Script 'Library/PackageCache/com.unity.render-pipelines.universal@97f77d4dda9a/Tests/Runtime/Unity.RenderPipelines.Universal.Runtime.Tests.asmdef' will not be compiled because it exists outside the Assets folder and does not to belong to any assembly definition file.
Script 'Library/PackageCache/com.unity.collections@9796e5ee0d9e/Unity.Collections.BurstCompatibilityGen/Unity.Collections.BurstCompatibilityGen.asmdef' will not be compiled because it exists outside the Assets folder and does not to belong to any assembly definition file.
[MODES] ModeService[none].Initialize
[MODES] ModeService[none].LoadModes
[MODES] Loading mode Default (0) for mode-current-id-game
2026-07-14 14:17:23.030 Unity[43701:128471633] NSEventModifierFlagFunction specified to -setKeyEquivalentModifierMask: for item <NSMenuItem: 0x9a0b28a00 SDF, ke='Command-F12'>, but is only supported for system-provided menu items; will not be used
Unloading 20 Unused Serialized files (Serialized files now loaded: 0)
Unloading 6790 unused Assets / (4.9 MB). Loaded Objects now: 7641.
Memory consumption went from 228.5 MB to 223.6 MB.
Total: 6.612084 ms (FindLiveObjects: 0.275500 ms CreateObjectMapping: 0.117666 ms MarkObjects: 4.794250 ms  DeleteObjects: 1.424250 ms)

[AssetIntegration] === AssetIntegration.IntegrateAll start ===
UnityEngine.Debug:ExtractStackTraceNoAlloc (byte*,int,string)
UnityEngine.StackTraceUtility:ExtractStackTrace () (at <path-redacted>)
UnityEngine.DebugLogHandler:Internal_Log (UnityEngine.LogType,UnityEngine.LogOption,string,UnityEngine.Object)
UnityEngine.DebugLogHandler:LogFormat (UnityEngine.LogType,UnityEngine.Object,string,object[])
UnityEngine.Logger:Log (UnityEngine.LogType,object)
UnityEngine.Debug:Log (object)
ForgeGame.EditorTools.AssetIntegration:Log (string) (at Assets/Scripts/Editor/AssetIntegration.cs:1523)
ForgeGame.EditorTools.AssetIntegration:IntegrateAll () (at Assets/Scripts/Editor/AssetIntegration.cs:94)

(Filename: Assets/Scripts/Editor/AssetIntegration.cs Line: 1523)

Start importing Assets/Generated/Models/model-hero.fbx using Guid(82ccd5a0942e9407e88cb24376111817) (FBXImporter) -> (artifact id: '6d4a92e6d493f256f60fa7c995e28f4f') in 0.111303 seconds
Refreshing native plugins compatible for Editor in 0.60 ms, found 2 plugins.
Preloading 0 native plugins for Editor in 0.00 ms.
Asset Pipeline Refresh (id=9876fd24a37094372922b2c3d9f2006f): Total: 0.218 seconds - Initiated by StopAssetImportingV2(NoUpdateAssetOptions)
[AssetIntegration]   renderer[0]='char1' type=SkinnedMeshRenderer bounds.size=(1.021340, 1.800000, 0.730877)
UnityEngine.Debug:ExtractStackTraceNoAlloc (byte*,int,string)
UnityEngine.StackTraceUtility:ExtractStackTrace () (at <path-redacted>)
UnityEngine.DebugLogHandler:Internal_Log (UnityEngine.LogType,UnityEngine.LogOption,string,UnityEngine.Object)
UnityEngine.DebugLogHandler:LogFormat (UnityEngine.LogType,UnityEngine.Object,string,object[])
UnityEngine.Logger:Log (UnityEngine.LogType,object)
UnityEngine.Debug:Log (object)
ForgeGame.EditorTools.AssetIntegration:Log (string) (at Assets/Scripts/Editor/AssetIntegration.cs:1523)
ForgeGame.EditorTools.AssetIntegration:ComputeRendererBoundsSize (UnityEngine.GameObject) (at Assets/Scripts/Editor/AssetIntegration.cs:731)
ForgeGame.EditorTools.AssetIntegration:MeasureHeight (string) (at Assets/Scripts/Editor/AssetIntegration.cs:718)
ForgeGame.EditorTools.AssetIntegration:ConfigureHeroModel () (at Assets/Scripts/Editor/AssetIntegration.cs:168)
ForgeGame.EditorTools.AssetIntegration:IntegrateAll () (at Assets/Scripts/Editor/AssetIntegration.cs:96)

(Filename: Assets/Scripts/Editor/AssetIntegration.cs Line: 1523)

[AssetIntegration]   hero import (pre-correction) measured height=1.8000m (target range [1.6,2]m)
UnityEngine.Debug:ExtractStackTraceNoAlloc (byte*,int,string)
UnityEngine.StackTraceUtility:ExtractStackTrace () (at <path-redacted>)
UnityEngine.DebugLogHandler:Internal_Log (UnityEngine.LogType,UnityEngine.LogOption,string,UnityEngine.Object)
UnityEngine.DebugLogHandler:LogFormat (UnityEngine.LogType,UnityEngine.Object,string,object[])
UnityEngine.Logger:Log (UnityEngine.LogType,object)
UnityEngine.Debug:Log (object)
ForgeGame.EditorTools.AssetIntegration:Log (string) (at Assets/Scripts/Editor/AssetIntegration.cs:1523)
ForgeGame.EditorTools.AssetIntegration:ConfigureHeroModel () (at Assets/Scripts/Editor/AssetIntegration.cs:169)
ForgeGame.EditorTools.AssetIntegration:IntegrateAll () (at Assets/Scripts/Editor/AssetIntegration.cs:96)

(Filename: Assets/Scripts/Editor/AssetIntegration.cs Line: 1523)

[AssetIntegration] Hero Avatar: valid=True (isValid=True, isHuman=True)
UnityEngine.Debug:ExtractStackTraceNoAlloc (byte*,int,string)
UnityEngine.StackTraceUtility:ExtractStackTrace () (at <path-redacted>)
UnityEngine.DebugLogHandler:Internal_Log (UnityEngine.LogType,UnityEngine.LogOption,string,UnityEngine.Object)
UnityEngine.DebugLogHandler:LogFormat (UnityEngine.LogType,UnityEngine.Object,string,object[])
UnityEngine.Logger:Log (UnityEngine.LogType,object)
UnityEngine.Debug:Log (object)
ForgeGame.EditorTools.AssetIntegration:Log (string) (at Assets/Scripts/Editor/AssetIntegration.cs:1523)
ForgeGame.EditorTools.AssetIntegration:IntegrateAll () (at Assets/Scripts/Editor/AssetIntegration.cs:98)

(Filename: Assets/Scripts/Editor/AssetIntegration.cs Line: 1523)

Start importing Assets/Generated/Anims/anim-hero-idle.fbx using Guid(cae86cc57bfc94276b571f62b97c8985) (FBXImporter)Keyframe reduction: Ratio: 23.183033%;
 -> (artifact id: 'c420aaf8ccc39d60fab28c718cd862eb') in 0.101682375 seconds
Refreshing native plugins compatible for Editor in 2.75 ms, found 2 plugins.
Preloading 0 native plugins for Editor in 0.00 ms.
Asset Pipeline Refresh (id=6d9f184f18898480a810b1e0a554d9fc): Total: 0.113 seconds - Initiated by StopAssetImportingV2(NoUpdateAssetOptions)
Start importing Assets/Generated/Anims/anim-hero-run.fbx using Guid(2cb84c19ba2ac44118e9866c823f58f9) (FBXImporter)Keyframe reduction: Ratio: 59.632355%;
 -> (artifact id: 'caeeb6ded34e48ee1bc9cd1b3ff178cf') in 0.096159166 seconds
Refreshing native plugins compatible for Editor in 0.56 ms, found 2 plugins.
Preloading 0 native plugins for Editor in 0.00 ms.
Asset Pipeline Refresh (id=0cfd26ca4dede4dd78c83c1bfc948a0f): Total: 0.104 seconds - Initiated by StopAssetImportingV2(NoUpdateAssetOptions)
Start importing Assets/Generated/Anims/anim-hero-attack.fbx using Guid(d3cd0769737aa4ff299125ab4a616762) (FBXImporter)Keyframe reduction: Ratio: 29.385815%;
 -> (artifact id: 'a15e37d046d1dad4b000f2d62e4540d0') in 0.090802875 seconds
Refreshing native plugins compatible for Editor in 0.54 ms, found 2 plugins.
Preloading 0 native plugins for Editor in 0.00 ms.
Asset Pipeline Refresh (id=4b6755710ee0a47c0a9af6390be67e14): Total: 0.098 seconds - Initiated by StopAssetImportingV2(NoUpdateAssetOptions)
[AssetIntegration] Hero clips: idle=True run=True attack=True
UnityEngine.Debug:ExtractStackTraceNoAlloc (byte*,int,string)
UnityEngine.StackTraceUtility:ExtractStackTrace () (at <path-redacted>)
UnityEngine.DebugLogHandler:Internal_Log (UnityEngine.LogType,UnityEngine.LogOption,string,UnityEngine.Object)
UnityEngine.DebugLogHandler:LogFormat (UnityEngine.LogType,UnityEngine.Object,string,object[])
UnityEngine.Logger:Log (UnityEngine.LogType,object)
UnityEngine.Debug:Log (object)
ForgeGame.EditorTools.AssetIntegration:Log (string) (at Assets/Scripts/Editor/AssetIntegration.cs:1523)
ForgeGame.EditorTools.AssetIntegration:IntegrateAll () (at Assets/Scripts/Editor/AssetIntegration.cs:103)

(Filename: Assets/Scripts/Editor/AssetIntegration.cs Line: 1523)

Start importing Assets/Generated/Models/model-swarmer.fbx using Guid(fc3a1374aac0742e992af6d4434481b7) (FBXImporter) -> (artifact id: '928bb0b751afcbd60bafcb1cc8249e2f') in 0.044295125 seconds
Refreshing native plugins compatible for Editor in 0.52 ms, found 2 plugins.
Preloading 0 native plugins for Editor in 0.00 ms.
Asset Pipeline Refresh (id=cd4311c75e7ab490db90bf9639390723): Total: 0.052 seconds - Initiated by StopAssetImportingV2(NoUpdateAssetOptions)
Start importing Assets/Generated/Images/img-03-crystal-icon.png using Guid(a8236f041af2f4f479eb72fde8e20fb7) (TextureImporter) -> (artifact id: '9b5d5be44228a8e54506c6948ad11265') in 0.015836375 seconds
Refreshing native plugins compatible for Editor in 0.49 ms, found 2 plugins.
Preloading 0 native plugins for Editor in 0.00 ms.
Asset Pipeline Refresh (id=aa361cceed94c4f8ba717aa8beacefcc): Total: 0.024 seconds - Initiated by StopAssetImportingV2(NoUpdateAssetOptions)
Start importing Assets/Generated/Images/img-04-hit-vfx.png using Guid(4433228409dea47d58d11816afb519c2) (TextureImporter) -> (artifact id: '41b2cac3192b0432f0b34f7f627727f6') in 0.005018917 seconds
Refreshing native plugins compatible for Editor in 0.48 ms, found 2 plugins.
Preloading 0 native plugins for Editor in 0.00 ms.
Asset Pipeline Refresh (id=710928b0c2ecf427d89c3eff0ec279e9): Total: 0.011 seconds - Initiated by StopAssetImportingV2(NoUpdateAssetOptions)
Start importing Assets/Generated/Images/img-06-arena-backdrop.png using Guid(b3afce52bb6b646f6b37cc331c1d0ce8) (TextureImporter) -> (artifact id: '5a46d000feb05358fbf01d047805040a') in 0.059611125 seconds
Refreshing native plugins compatible for Editor in 0.56 ms, found 2 plugins.
Preloading 0 native plugins for Editor in 0.00 ms.
Asset Pipeline Refresh (id=e3e01892884f14321aa08f78dbac93f4): Total: 0.066 seconds - Initiated by StopAssetImportingV2(NoUpdateAssetOptions)
Asset Pipeline Refresh (id=a80dfb0fd4bcd4e8a8584434a79de409): Total: 0.094 seconds - Initiated by RefreshV2(NoUpdateAssetOptions)
[AssetIntegration]   extracted texture: Assets/Generated/Models/model-hero_Textures/hero_tex_base.png
UnityEngine.Debug:ExtractStackTraceNoAlloc (byte*,int,string)
UnityEngine.StackTraceUtility:ExtractStackTrace () (at <path-redacted>)
UnityEngine.DebugLogHandler:Internal_Log (UnityEngine.LogType,UnityEngine.LogOption,string,UnityEngine.Object)
UnityEngine.DebugLogHandler:LogFormat (UnityEngine.LogType,UnityEngine.Object,string,object[])
UnityEngine.Logger:Log (UnityEngine.LogType,object)
UnityEngine.Debug:Log (object)
ForgeGame.EditorTools.AssetIntegration:Log (string) (at Assets/Scripts/Editor/AssetIntegration.cs:1523)
ForgeGame.EditorTools.AssetIntegration:FixMaterialsForUrp (string) (at Assets/Scripts/Editor/AssetIntegration.cs:365)
ForgeGame.EditorTools.AssetIntegration:IntegrateAll () (at Assets/Scripts/Editor/AssetIntegration.cs:110)

(Filename: Assets/Scripts/Editor/AssetIntegration.cs Line: 1523)

[AssetIntegration]   extracted texture: Assets/Generated/Models/model-hero_Textures/hero_tex_metallic.png
UnityEngine.Debug:ExtractStackTraceNoAlloc (byte*,int,string)
UnityEngine.StackTraceUtility:ExtractStackTrace () (at <path-redacted>)
UnityEngine.DebugLogHandler:Internal_Log (UnityEngine.LogType,UnityEngine.LogOption,string,UnityEngine.Object)
UnityEngine.DebugLogHandler:LogFormat (UnityEngine.LogType,UnityEngine.Object,string,object[])
UnityEngine.Logger:Log (UnityEngine.LogType,object)
UnityEngine.Debug:Log (object)
ForgeGame.EditorTools.AssetIntegration:Log (string) (at Assets/Scripts/Editor/AssetIntegration.cs:1523)
ForgeGame.EditorTools.AssetIntegration:FixMaterialsForUrp (string) (at Assets/Scripts/Editor/AssetIntegration.cs:365)
ForgeGame.EditorTools.AssetIntegration:IntegrateAll () (at Assets/Scripts/Editor/AssetIntegration.cs:110)

(Filename: Assets/Scripts/Editor/AssetIntegration.cs Line: 1523)

[AssetIntegration]   extracted texture: Assets/Generated/Models/model-hero_Textures/hero_tex_normal.png
UnityEngine.Debug:ExtractStackTraceNoAlloc (byte*,int,string)
UnityEngine.StackTraceUtility:ExtractStackTrace () (at <path-redacted>)
UnityEngine.DebugLogHandler:Internal_Log (UnityEngine.LogType,UnityEngine.LogOption,string,UnityEngine.Object)
UnityEngine.DebugLogHandler:LogFormat (UnityEngine.LogType,UnityEngine.Object,string,object[])
UnityEngine.Logger:Log (UnityEngine.LogType,object)
UnityEngine.Debug:Log (object)
ForgeGame.EditorTools.AssetIntegration:Log (string) (at Assets/Scripts/Editor/AssetIntegration.cs:1523)
ForgeGame.EditorTools.AssetIntegration:FixMaterialsForUrp (string) (at Assets/Scripts/Editor/AssetIntegration.cs:365)
ForgeGame.EditorTools.AssetIntegration:IntegrateAll () (at Assets/Scripts/Editor/AssetIntegration.cs:110)

(Filename: Assets/Scripts/Editor/AssetIntegration.cs Line: 1523)

[AssetIntegration]   extracted texture: Assets/Generated/Models/model-hero_Textures/hero_tex_roughness.png
UnityEngine.Debug:ExtractStackTraceNoAlloc (byte*,int,string)
UnityEngine.StackTraceUtility:ExtractStackTrace () (at <path-redacted>)
UnityEngine.DebugLogHandler:Internal_Log (UnityEngine.LogType,UnityEngine.LogOption,string,UnityEngine.Object)
UnityEngine.DebugLogHandler:LogFormat (UnityEngine.LogType,UnityEngine.Object,string,object[])
UnityEngine.Logger:Log (UnityEngine.LogType,object)
UnityEngine.Debug:Log (object)
ForgeGame.EditorTools.AssetIntegration:Log (string) (at Assets/Scripts/Editor/AssetIntegration.cs:1523)
ForgeGame.EditorTools.AssetIntegration:FixMaterialsForUrp (string) (at Assets/Scripts/Editor/AssetIntegration.cs:365)
ForgeGame.EditorTools.AssetIntegration:IntegrateAll () (at Assets/Scripts/Editor/AssetIntegration.cs:110)

(Filename: Assets/Scripts/Editor/AssetIntegration.cs Line: 1523)

[AssetIntegration] FixMaterialsForUrp(Assets/Generated/Models/model-hero.fbx): 1 material(s) re-pointed at URP/Lit (baseMap=hero_tex_base, normalMap=hero_tex_normal).
UnityEngine.Debug:ExtractStackTraceNoAlloc (byte*,int,string)
UnityEngine.StackTraceUtility:ExtractStackTrace () (at <path-redacted>)
UnityEngine.DebugLogHandler:Internal_Log (UnityEngine.LogType,UnityEngine.LogOption,string,UnityEngine.Object)
UnityEngine.DebugLogHandler:LogFormat (UnityEngine.LogType,UnityEngine.Object,string,object[])
UnityEngine.Logger:Log (UnityEngine.LogType,object)
UnityEngine.Debug:Log (object)
ForgeGame.EditorTools.AssetIntegration:Log (string) (at Assets/Scripts/Editor/AssetIntegration.cs:1523)
ForgeGame.EditorTools.AssetIntegration:FixMaterialsForUrp (string) (at Assets/Scripts/Editor/AssetIntegration.cs:416)
ForgeGame.EditorTools.AssetIntegration:IntegrateAll () (at Assets/Scripts/Editor/AssetIntegration.cs:110)

(Filename: Assets/Scripts/Editor/AssetIntegration.cs Line: 1523)

Asset Pipeline Refresh (id=79be6b3e0af9c4808be7366dd16badf1): Total: 0.119 seconds - Initiated by RefreshV2(NoUpdateAssetOptions)
[AssetIntegration]   extracted texture: Assets/Generated/Models/model-swarmer_Textures/swarmer_tex_base_retouched.png
UnityEngine.Debug:ExtractStackTraceNoAlloc (byte*,int,string)
UnityEngine.StackTraceUtility:ExtractStackTrace () (at <path-redacted>)
UnityEngine.DebugLogHandler:Internal_Log (UnityEngine.LogType,UnityEngine.LogOption,string,UnityEngine.Object)
UnityEngine.DebugLogHandler:LogFormat (UnityEngine.LogType,UnityEngine.Object,string,object[])
UnityEngine.Logger:Log (UnityEngine.LogType,object)
UnityEngine.Debug:Log (object)
ForgeGame.EditorTools.AssetIntegration:Log (string) (at Assets/Scripts/Editor/AssetIntegration.cs:1523)
ForgeGame.EditorTools.AssetIntegration:FixMaterialsForUrp (string) (at Assets/Scripts/Editor/AssetIntegration.cs:365)
ForgeGame.EditorTools.AssetIntegration:IntegrateAll () (at Assets/Scripts/Editor/AssetIntegration.cs:111)

(Filename: Assets/Scripts/Editor/AssetIntegration.cs Line: 1523)

[AssetIntegration]   extracted texture: Assets/Generated/Models/model-swarmer_Textures/swarmer_tex_metallic.png
UnityEngine.Debug:ExtractStackTraceNoAlloc (byte*,int,string)
UnityEngine.StackTraceUtility:ExtractStackTrace () (at <path-redacted>)
UnityEngine.DebugLogHandler:Internal_Log (UnityEngine.LogType,UnityEngine.LogOption,string,UnityEngine.Object)
UnityEngine.DebugLogHandler:LogFormat (UnityEngine.LogType,UnityEngine.Object,string,object[])
UnityEngine.Logger:Log (UnityEngine.LogType,object)
UnityEngine.Debug:Log (object)
ForgeGame.EditorTools.AssetIntegration:Log (string) (at Assets/Scripts/Editor/AssetIntegration.cs:1523)
ForgeGame.EditorTools.AssetIntegration:FixMaterialsForUrp (string) (at Assets/Scripts/Editor/AssetIntegration.cs:365)
ForgeGame.EditorTools.AssetIntegration:IntegrateAll () (at Assets/Scripts/Editor/AssetIntegration.cs:111)

(Filename: Assets/Scripts/Editor/AssetIntegration.cs Line: 1523)

[AssetIntegration]   extracted texture: Assets/Generated/Models/model-swarmer_Textures/swarmer_tex_normal.png
UnityEngine.Debug:ExtractStackTraceNoAlloc (byte*,int,string)
UnityEngine.StackTraceUtility:ExtractStackTrace () (at <path-redacted>)
UnityEngine.DebugLogHandler:Internal_Log (UnityEngine.LogType,UnityEngine.LogOption,string,UnityEngine.Object)
UnityEngine.DebugLogHandler:LogFormat (UnityEngine.LogType,UnityEngine.Object,string,object[])
UnityEngine.Logger:Log (UnityEngine.LogType,object)
UnityEngine.Debug:Log (object)
ForgeGame.EditorTools.AssetIntegration:Log (string) (at Assets/Scripts/Editor/AssetIntegration.cs:1523)
ForgeGame.EditorTools.AssetIntegration:FixMaterialsForUrp (string) (at Assets/Scripts/Editor/AssetIntegration.cs:365)
ForgeGame.EditorTools.AssetIntegration:IntegrateAll () (at Assets/Scripts/Editor/AssetIntegration.cs:111)

(Filename: Assets/Scripts/Editor/AssetIntegration.cs Line: 1523)

[AssetIntegration]   extracted texture: Assets/Generated/Models/model-swarmer_Textures/swarmer_tex_roughness.png
UnityEngine.Debug:ExtractStackTraceNoAlloc (byte*,int,string)
UnityEngine.StackTraceUtility:ExtractStackTrace () (at <path-redacted>)
UnityEngine.DebugLogHandler:Internal_Log (UnityEngine.LogType,UnityEngine.LogOption,string,UnityEngine.Object)
UnityEngine.DebugLogHandler:LogFormat (UnityEngine.LogType,UnityEngine.Object,string,object[])
UnityEngine.Logger:Log (UnityEngine.LogType,object)
UnityEngine.Debug:Log (object)
ForgeGame.EditorTools.AssetIntegration:Log (string) (at Assets/Scripts/Editor/AssetIntegration.cs:1523)
ForgeGame.EditorTools.AssetIntegration:FixMaterialsForUrp (string) (at Assets/Scripts/Editor/AssetIntegration.cs:365)
ForgeGame.EditorTools.AssetIntegration:IntegrateAll () (at Assets/Scripts/Editor/AssetIntegration.cs:111)

(Filename: Assets/Scripts/Editor/AssetIntegration.cs Line: 1523)

[AssetIntegration] FixMaterialsForUrp(Assets/Generated/Models/model-swarmer.fbx): 1 material(s) re-pointed at URP/Lit (baseMap=swarmer_tex_base_retouched, normalMap=swarmer_tex_normal).
UnityEngine.Debug:ExtractStackTraceNoAlloc (byte*,int,string)
UnityEngine.StackTraceUtility:ExtractStackTrace () (at <path-redacted>)
UnityEngine.DebugLogHandler:Internal_Log (UnityEngine.LogType,UnityEngine.LogOption,string,UnityEngine.Object)
UnityEngine.DebugLogHandler:LogFormat (UnityEngine.LogType,UnityEngine.Object,string,object[])
UnityEngine.Logger:Log (UnityEngine.LogType,object)
UnityEngine.Debug:Log (object)
ForgeGame.EditorTools.AssetIntegration:Log (string) (at Assets/Scripts/Editor/AssetIntegration.cs:1523)
ForgeGame.EditorTools.AssetIntegration:FixMaterialsForUrp (string) (at Assets/Scripts/Editor/AssetIntegration.cs:416)
ForgeGame.EditorTools.AssetIntegration:IntegrateAll () (at Assets/Scripts/Editor/AssetIntegration.cs:111)

(Filename: Assets/Scripts/Editor/AssetIntegration.cs Line: 1523)

Refreshing native plugins compatible for Editor in 0.62 ms, found 2 plugins.
Preloading 0 native plugins for Editor in 0.00 ms.
Asset Pipeline Refresh (id=88d86187f73364139b2f46f462e8fdf4): Total: 0.021 seconds - Initiated by StopAssetImportingV2(NoUpdateAssetOptions)
Start importing Assets/Generated/Hero.controller using Guid(5a1c1688e35c5496e9b5b1c4fb503c35) (NativeFormatImporter) -> (artifact id: 'd53e7d60466d284d6fa3378f6829c7aa') in 0.001004625 seconds
Refreshing native plugins compatible for Editor in 0.53 ms, found 2 plugins.
Preloading 0 native plugins for Editor in 0.00 ms.
Asset Pipeline Refresh (id=be6c34155054642bfa0de24f57f8b95f): Total: 0.024 seconds - Initiated by StopAssetImportingV2(NoUpdateAssetOptions)
Start importing Assets/Generated/Hero.controller using Guid(5a1c1688e35c5496e9b5b1c4fb503c35) (NativeFormatImporter) -> (artifact id: 'e12d49af4adfe101bc03bb5d1cbfc2fc') in 0.00077625 seconds
Refreshing native plugins compatible for Editor in 0.56 ms, found 2 plugins.
Preloading 0 native plugins for Editor in 0.00 ms.
Asset Pipeline Refresh (id=5794bb28116994015be5c658dff8a0de): Total: 0.021 seconds - Initiated by StopAssetImportingV2(NoUpdateAssetOptions)
[AssetIntegration]   renderer[0]='char1' type=SkinnedMeshRenderer bounds.size=(1.021340, 1.800000, 0.730877)
UnityEngine.Debug:ExtractStackTraceNoAlloc (byte*,int,string)
UnityEngine.StackTraceUtility:ExtractStackTrace () (at <path-redacted>)
UnityEngine.DebugLogHandler:Internal_Log (UnityEngine.LogType,UnityEngine.LogOption,string,UnityEngine.Object)
UnityEngine.DebugLogHandler:LogFormat (UnityEngine.LogType,UnityEngine.Object,string,object[])
UnityEngine.Logger:Log (UnityEngine.LogType,object)
UnityEngine.Debug:Log (object)
ForgeGame.EditorTools.AssetIntegration:Log (string) (at Assets/Scripts/Editor/AssetIntegration.cs:1523)
ForgeGame.EditorTools.AssetIntegration:ComputeRendererBoundsSize (UnityEngine.GameObject) (at Assets/Scripts/Editor/AssetIntegration.cs:731)
ForgeGame.EditorTools.AssetIntegration:BuildHeroPrefab (UnityEngine.RuntimeAnimatorController,bool) (at Assets/Scripts/Editor/AssetIntegration.cs:503)
ForgeGame.EditorTools.AssetIntegration:IntegrateAll () (at Assets/Scripts/Editor/AssetIntegration.cs:123)

(Filename: Assets/Scripts/Editor/AssetIntegration.cs Line: 1523)

Asset Pipeline Refresh (id=d63a059c7abb74384b353adb27efc857): Total: 0.003 seconds - Initiated by StopAssetImportingV2(NoUpdateAssetOptions)
[AssetIntegration] Hero prefab bounds (world size at identity transform): (1.02, 1.80, 0.73)
UnityEngine.Debug:ExtractStackTraceNoAlloc (byte*,int,string)
UnityEngine.StackTraceUtility:ExtractStackTrace () (at <path-redacted>)
UnityEngine.DebugLogHandler:Internal_Log (UnityEngine.LogType,UnityEngine.LogOption,string,UnityEngine.Object)
UnityEngine.DebugLogHandler:LogFormat (UnityEngine.LogType,UnityEngine.Object,string,object[])
UnityEngine.Logger:Log (UnityEngine.LogType,object)
UnityEngine.Debug:Log (object)
ForgeGame.EditorTools.AssetIntegration:Log (string) (at Assets/Scripts/Editor/AssetIntegration.cs:1523)
ForgeGame.EditorTools.AssetIntegration:IntegrateAll () (at Assets/Scripts/Editor/AssetIntegration.cs:124)

(Filename: Assets/Scripts/Editor/AssetIntegration.cs Line: 1523)

[AssetIntegration]   renderer[0]='Visual' type=MeshRenderer bounds.size=(0.897059, 0.958856, 1.460847)
UnityEngine.Debug:ExtractStackTraceNoAlloc (byte*,int,string)
UnityEngine.StackTraceUtility:ExtractStackTrace () (at <path-redacted>)
UnityEngine.DebugLogHandler:Internal_Log (UnityEngine.LogType,UnityEngine.LogOption,string,UnityEngine.Object)
UnityEngine.DebugLogHandler:LogFormat (UnityEngine.LogType,UnityEngine.Object,string,object[])
UnityEngine.Logger:Log (UnityEngine.LogType,object)
UnityEngine.Debug:Log (object)
ForgeGame.EditorTools.AssetIntegration:Log (string) (at Assets/Scripts/Editor/AssetIntegration.cs:1523)
ForgeGame.EditorTools.AssetIntegration:ComputeRendererBoundsSize (UnityEngine.GameObject) (at Assets/Scripts/Editor/AssetIntegration.cs:731)
ForgeGame.EditorTools.AssetIntegration:BuildSwarmerPrefab () (at Assets/Scripts/Editor/AssetIntegration.cs:549)
ForgeGame.EditorTools.AssetIntegration:IntegrateAll () (at Assets/Scripts/Editor/AssetIntegration.cs:126)

(Filename: Assets/Scripts/Editor/AssetIntegration.cs Line: 1523)

Asset Pipeline Refresh (id=a46dc61f8ec694c06bbed64a0d776b2d): Total: 0.003 seconds - Initiated by StopAssetImportingV2(NoUpdateAssetOptions)
[AssetIntegration] Swarmer prefab bounds (world size at identity transform): (0.90, 0.96, 1.46)
UnityEngine.Debug:ExtractStackTraceNoAlloc (byte*,int,string)
UnityEngine.StackTraceUtility:ExtractStackTrace () (at <path-redacted>)
UnityEngine.DebugLogHandler:Internal_Log (UnityEngine.LogType,UnityEngine.LogOption,string,UnityEngine.Object)
UnityEngine.DebugLogHandler:LogFormat (UnityEngine.LogType,UnityEngine.Object,string,object[])
UnityEngine.Logger:Log (UnityEngine.LogType,object)
UnityEngine.Debug:Log (object)
ForgeGame.EditorTools.AssetIntegration:Log (string) (at Assets/Scripts/Editor/AssetIntegration.cs:1523)
ForgeGame.EditorTools.AssetIntegration:IntegrateAll () (at Assets/Scripts/Editor/AssetIntegration.cs:127)

(Filename: Assets/Scripts/Editor/AssetIntegration.cs Line: 1523)

Start importing Assets/Generated/Materials/HitVfxMaterial.mat using Guid(b5ce69f77464446e09b9e2206f13bcd5) (NativeFormatImporter) -> (artifact id: '1a9826c1a6f7c30434ab7dc40947014a') in 0.000884875 seconds
Refreshing native plugins compatible for Editor in 0.49 ms, found 2 plugins.
Preloading 0 native plugins for Editor in 0.00 ms.
Asset Pipeline Refresh (id=d16255dc65f9b4e2c8d94dff955756bb): Total: 0.007 seconds - Initiated by StopAssetImportingV2(NoUpdateAssetOptions)
Asset Pipeline Refresh (id=f3aaf399b61d240c190d839542d376e3): Total: 0.003 seconds - Initiated by StopAssetImportingV2(NoUpdateAssetOptions)
[AssetIntegration] Hit VFX prefab built: True
UnityEngine.Debug:ExtractStackTraceNoAlloc (byte*,int,string)
UnityEngine.StackTraceUtility:ExtractStackTrace () (at <path-redacted>)
UnityEngine.DebugLogHandler:Internal_Log (UnityEngine.LogType,UnityEngine.LogOption,string,UnityEngine.Object)
UnityEngine.DebugLogHandler:LogFormat (UnityEngine.LogType,UnityEngine.Object,string,object[])
UnityEngine.Logger:Log (UnityEngine.LogType,object)
UnityEngine.Debug:Log (object)
ForgeGame.EditorTools.AssetIntegration:Log (string) (at Assets/Scripts/Editor/AssetIntegration.cs:1523)
ForgeGame.EditorTools.AssetIntegration:IntegrateAll () (at Assets/Scripts/Editor/AssetIntegration.cs:130)

(Filename: Assets/Scripts/Editor/AssetIntegration.cs Line: 1523)

Opening scene 'Assets/Scenes/Game.unity'
Unloading 6 Unused Serialized files (Serialized files now loaded: 0)
Refreshing native plugins compatible for Editor in 0.47 ms, found 2 plugins.
Preloading 0 native plugins for Editor in 0.00 ms.
Loaded scene 'Assets/Scenes/Game.unity'
	Deserialize:            2.902 ms
	Integration:            113.623 ms
	Integration of assets:  0.658 ms
	Thread Wait Time:       0.003 ms
	Total Operation Time:   117.186 ms
Unloading 214 unused Assets / (26.5 KB). Loaded Objects now: 7905.
Memory consumption went from 241.2 MB to 241.2 MB.
Total: 4.738542 ms (FindLiveObjects: 0.166792 ms CreateObjectMapping: 0.062750 ms MarkObjects: 4.423875 ms  DeleteObjects: 0.084875 ms)

Start importing Assets/Scenes/Game.unity using Guid(032829f9c098a4cada3a29d8c961e401) (DefaultImporter) -> (artifact id: '2974fbf5d865415544ca55ab8cbe9d85') in 0.000633584 seconds
Refreshing native plugins compatible for Editor in 0.38 ms, found 2 plugins.
Preloading 0 native plugins for Editor in 0.00 ms.
Asset Pipeline Refresh (id=7d5857e707ce541cbaf8ad0163bf44fe): Total: 0.022 seconds - Initiated by StopAssetImportingV2(NoUpdateAssetOptions)
SceneWiring: Game scene wired (Player/PlayerController+AutoAttackDriver+HealthComponent+HeroFxController + Main Camera/ArenaCameraRig + ArenaEnvironment + ArenaBackdrop + WaveSpawner + RunStatsTracker + GameHud/GameHudController).
UnityEngine.Debug:ExtractStackTraceNoAlloc (byte*,int,string)
UnityEngine.StackTraceUtility:ExtractStackTrace () (at <path-redacted>)
UnityEngine.DebugLogHandler:Internal_Log (UnityEngine.LogType,UnityEngine.LogOption,string,UnityEngine.Object)
UnityEngine.DebugLogHandler:LogFormat (UnityEngine.LogType,UnityEngine.Object,string,object[])
UnityEngine.Logger:Log (UnityEngine.LogType,object)
UnityEngine.Debug:Log (object)
ForgeGame.EditorTools.SceneWiring:WireGame () (at Assets/Scripts/Editor/SceneWiring.cs:275)
ForgeGame.EditorTools.AssetIntegration:PatchGameScene () (at Assets/Scripts/Editor/AssetIntegration.cs:749)
ForgeGame.EditorTools.AssetIntegration:IntegrateAll () (at Assets/Scripts/Editor/AssetIntegration.cs:132)

(Filename: Assets/Scripts/Editor/SceneWiring.cs Line: 275)

Opening scene 'Assets/Scenes/Game.unity'
Unloading 24 Unused Serialized files (Serialized files now loaded: 0)
Loaded scene 'Assets/Scenes/Game.unity'
	Deserialize:            0.406 ms
	Integration:            110.041 ms
	Integration of assets:  0.001 ms
	Thread Wait Time:       0.007 ms
	Total Operation Time:   110.454 ms
Unloading 159 unused Assets / (52.5 KB). Loaded Objects now: 7914.
Memory consumption went from 240.1 MB to 240.1 MB.
Total: 4.648500 ms (FindLiveObjects: 0.167625 ms CreateObjectMapping: 0.070041 ms MarkObjects: 4.292167 ms  DeleteObjects: 0.118667 ms)

[AssetIntegration] PatchPlayerVisual: HeroVisual already present — skipping (idempotent re-run).
UnityEngine.Debug:ExtractStackTraceNoAlloc (byte*,int,string)
UnityEngine.StackTraceUtility:ExtractStackTrace () (at <path-redacted>)
UnityEngine.DebugLogHandler:Internal_Log (UnityEngine.LogType,UnityEngine.LogOption,string,UnityEngine.Object)
UnityEngine.DebugLogHandler:LogFormat (UnityEngine.LogType,UnityEngine.Object,string,object[])
UnityEngine.Logger:Log (UnityEngine.LogType,object)
UnityEngine.Debug:Log (object)
ForgeGame.EditorTools.AssetIntegration:Log (string) (at Assets/Scripts/Editor/AssetIntegration.cs:1523)
ForgeGame.EditorTools.AssetIntegration:PatchPlayerVisual () (at Assets/Scripts/Editor/AssetIntegration.cs:923)
ForgeGame.EditorTools.AssetIntegration:PatchGameScene () (at Assets/Scripts/Editor/AssetIntegration.cs:753)
ForgeGame.EditorTools.AssetIntegration:IntegrateAll () (at Assets/Scripts/Editor/AssetIntegration.cs:132)

(Filename: Assets/Scripts/Editor/AssetIntegration.cs Line: 1523)

[AssetIntegration] PatchWaveSpawnerPrefab: WaveSpawner.enemyPrefab -> Swarmer prefab.
UnityEngine.Debug:ExtractStackTraceNoAlloc (byte*,int,string)
UnityEngine.StackTraceUtility:ExtractStackTrace () (at <path-redacted>)
UnityEngine.DebugLogHandler:Internal_Log (UnityEngine.LogType,UnityEngine.LogOption,string,UnityEngine.Object)
UnityEngine.DebugLogHandler:LogFormat (UnityEngine.LogType,UnityEngine.Object,string,object[])
UnityEngine.Logger:Log (UnityEngine.LogType,object)
UnityEngine.Debug:Log (object)
ForgeGame.EditorTools.AssetIntegration:Log (string) (at Assets/Scripts/Editor/AssetIntegration.cs:1523)
ForgeGame.EditorTools.AssetIntegration:PatchWaveSpawnerPrefab () (at Assets/Scripts/Editor/AssetIntegration.cs:983)
ForgeGame.EditorTools.AssetIntegration:PatchGameScene () (at Assets/Scripts/Editor/AssetIntegration.cs:754)
ForgeGame.EditorTools.AssetIntegration:IntegrateAll () (at Assets/Scripts/Editor/AssetIntegration.cs:132)

(Filename: Assets/Scripts/Editor/AssetIntegration.cs Line: 1523)

[AssetIntegration] PatchSfxLibrary: SfxLibrary present with SFX-01..05 clip slots + mixer wired.
UnityEngine.Debug:ExtractStackTraceNoAlloc (byte*,int,string)
UnityEngine.StackTraceUtility:ExtractStackTrace () (at <path-redacted>)
UnityEngine.DebugLogHandler:Internal_Log (UnityEngine.LogType,UnityEngine.LogOption,string,UnityEngine.Object)
UnityEngine.DebugLogHandler:LogFormat (UnityEngine.LogType,UnityEngine.Object,string,object[])
UnityEngine.Logger:Log (UnityEngine.LogType,object)
UnityEngine.Debug:Log (object)
ForgeGame.EditorTools.AssetIntegration:Log (string) (at Assets/Scripts/Editor/AssetIntegration.cs:1523)
ForgeGame.EditorTools.AssetIntegration:PatchSfxLibrary () (at Assets/Scripts/Editor/AssetIntegration.cs:1060)
ForgeGame.EditorTools.AssetIntegration:PatchGameScene () (at Assets/Scripts/Editor/AssetIntegration.cs:755)
ForgeGame.EditorTools.AssetIntegration:IntegrateAll () (at Assets/Scripts/Editor/AssetIntegration.cs:132)

(Filename: Assets/Scripts/Editor/AssetIntegration.cs Line: 1523)

[AssetIntegration] PatchAutoAttackDriverVfx: AutoAttackDriver._hitVfxPrefab -> HitVfx prefab.
UnityEngine.Debug:ExtractStackTraceNoAlloc (byte*,int,string)
UnityEngine.StackTraceUtility:ExtractStackTrace () (at <path-redacted>)
UnityEngine.DebugLogHandler:Internal_Log (UnityEngine.LogType,UnityEngine.LogOption,string,UnityEngine.Object)
UnityEngine.DebugLogHandler:LogFormat (UnityEngine.LogType,UnityEngine.Object,string,object[])
UnityEngine.Logger:Log (UnityEngine.LogType,object)
UnityEngine.Debug:Log (object)
ForgeGame.EditorTools.AssetIntegration:Log (string) (at Assets/Scripts/Editor/AssetIntegration.cs:1523)
ForgeGame.EditorTools.AssetIntegration:PatchAutoAttackDriverVfx () (at Assets/Scripts/Editor/AssetIntegration.cs:1124)
ForgeGame.EditorTools.AssetIntegration:PatchGameScene () (at Assets/Scripts/Editor/AssetIntegration.cs:756)
ForgeGame.EditorTools.AssetIntegration:IntegrateAll () (at Assets/Scripts/Editor/AssetIntegration.cs:132)

(Filename: Assets/Scripts/Editor/AssetIntegration.cs Line: 1523)

Start importing Assets/Generated/Materials/ArenaBackdropSkybox.mat using Guid(cf64723657e1543db868075889de4552) (NativeFormatImporter) -> (artifact id: 'b5c89ada9f633cb649afb9056a4355c1') in 0.000907584 seconds
Refreshing native plugins compatible for Editor in 0.41 ms, found 2 plugins.
Preloading 0 native plugins for Editor in 0.00 ms.
Asset Pipeline Refresh (id=0929ac8ac4ebd4a968a28bb9bed99dad): Total: 0.025 seconds - Initiated by StopAssetImportingV2(NoUpdateAssetOptions)
[AssetIntegration] PatchArenaBackdrop: IMG-06-backed ArenaBackdropSkybox material assigned to ArenaBackdrop._skyboxMaterial.
UnityEngine.Debug:ExtractStackTraceNoAlloc (byte*,int,string)
UnityEngine.StackTraceUtility:ExtractStackTrace () (at <path-redacted>)
UnityEngine.DebugLogHandler:Internal_Log (UnityEngine.LogType,UnityEngine.LogOption,string,UnityEngine.Object)
UnityEngine.DebugLogHandler:LogFormat (UnityEngine.LogType,UnityEngine.Object,string,object[])
UnityEngine.Logger:Log (UnityEngine.LogType,object)
UnityEngine.Debug:Log (object)
ForgeGame.EditorTools.AssetIntegration:Log (string) (at Assets/Scripts/Editor/AssetIntegration.cs:1523)
ForgeGame.EditorTools.AssetIntegration:PatchArenaBackdrop () (at Assets/Scripts/Editor/AssetIntegration.cs:1254)
ForgeGame.EditorTools.AssetIntegration:PatchGameScene () (at Assets/Scripts/Editor/AssetIntegration.cs:757)
ForgeGame.EditorTools.AssetIntegration:IntegrateAll () (at Assets/Scripts/Editor/AssetIntegration.cs:132)

(Filename: Assets/Scripts/Editor/AssetIntegration.cs Line: 1523)

Start importing Assets/Scenes/Game.unity using Guid(032829f9c098a4cada3a29d8c961e401) (DefaultImporter) -> (artifact id: '33ea628091ca61c496ef1c8589b5e02b') in 0.000475125 seconds
Refreshing native plugins compatible for Editor in 0.48 ms, found 2 plugins.
Preloading 0 native plugins for Editor in 0.00 ms.
Asset Pipeline Refresh (id=cadb850dd0b424f65beae84ac333cd8d): Total: 0.020 seconds - Initiated by StopAssetImportingV2(NoUpdateAssetOptions)
Opening scene 'Assets/Scenes/Boot.unity'
Unloading 23 Unused Serialized files (Serialized files now loaded: 0)
Loaded scene 'Assets/Scenes/Boot.unity'
	Deserialize:            1.025 ms
	Integration:            110.243 ms
	Integration of assets:  0.003 ms
	Thread Wait Time:       0.004 ms
	Total Operation Time:   111.275 ms
Unloading 323 unused Assets / (413.4 KB). Loaded Objects now: 7676.
Memory consumption went from 242.2 MB to 241.8 MB.
Total: 4.704375 ms (FindLiveObjects: 0.169083 ms CreateObjectMapping: 0.074875 ms MarkObjects: 4.268500 ms  DeleteObjects: 0.191542 ms)

[AssetIntegration] PatchBgmPlayer: BgmPlayer present with BGM-01 clip + mixer wired.
UnityEngine.Debug:ExtractStackTraceNoAlloc (byte*,int,string)
UnityEngine.StackTraceUtility:ExtractStackTrace () (at <path-redacted>)
UnityEngine.DebugLogHandler:Internal_Log (UnityEngine.LogType,UnityEngine.LogOption,string,UnityEngine.Object)
UnityEngine.DebugLogHandler:LogFormat (UnityEngine.LogType,UnityEngine.Object,string,object[])
UnityEngine.Logger:Log (UnityEngine.LogType,object)
UnityEngine.Debug:Log (object)
ForgeGame.EditorTools.AssetIntegration:Log (string) (at Assets/Scripts/Editor/AssetIntegration.cs:1523)
ForgeGame.EditorTools.AssetIntegration:PatchBgmPlayer () (at Assets/Scripts/Editor/AssetIntegration.cs:835)
ForgeGame.EditorTools.AssetIntegration:PatchBootScene () (at Assets/Scripts/Editor/AssetIntegration.cs:775)
ForgeGame.EditorTools.AssetIntegration:IntegrateAll () (at Assets/Scripts/Editor/AssetIntegration.cs:133)

(Filename: Assets/Scripts/Editor/AssetIntegration.cs Line: 1523)

Start importing Assets/Scenes/Boot.unity using Guid(4c14e794638f346fdb78ed7487da25fb) (DefaultImporter) -> (artifact id: '6402b19f5e7dd90e769a3488a5a10fad') in 0.000877541 seconds
Refreshing native plugins compatible for Editor in 0.33 ms, found 2 plugins.
Preloading 0 native plugins for Editor in 0.00 ms.
Asset Pipeline Refresh (id=636c3488c7151416f8ee91da60650ba1): Total: 0.008 seconds - Initiated by StopAssetImportingV2(NoUpdateAssetOptions)
Opening scene 'Assets/Scenes/Menu.unity'
Unloading 24 Unused Serialized files (Serialized files now loaded: 0)
Loaded scene 'Assets/Scenes/Menu.unity'
	Deserialize:            1.360 ms
	Integration:            111.963 ms
	Integration of assets:  0.095 ms
	Thread Wait Time:       0.003 ms
	Total Operation Time:   113.421 ms
Unloading 160 unused Assets / (5.2 MB). Loaded Objects now: 7675.
Memory consumption went from 230.6 MB to 225.4 MB.
Total: 4.895583 ms (FindLiveObjects: 0.160709 ms CreateObjectMapping: 0.062375 ms MarkObjects: 4.546792 ms  DeleteObjects: 0.125583 ms)

Start importing Assets/Scenes/Menu.unity using Guid(57142c902727e420ab3fd524f42d3685) (DefaultImporter) -> (artifact id: '1f461f9efedf848d0153f984332cd445') in 0.000700208 seconds
Refreshing native plugins compatible for Editor in 0.41 ms, found 2 plugins.
Preloading 0 native plugins for Editor in 0.00 ms.
Asset Pipeline Refresh (id=e10c10e304d7a444b917fa03a7d72865): Total: 0.007 seconds - Initiated by StopAssetImportingV2(NoUpdateAssetOptions)
SceneWiring: Menu scene wired (MenuController + MenuScreen + AudioMixer + crystal icon).
UnityEngine.Debug:ExtractStackTraceNoAlloc (byte*,int,string)
UnityEngine.StackTraceUtility:ExtractStackTrace () (at <path-redacted>)
UnityEngine.DebugLogHandler:Internal_Log (UnityEngine.LogType,UnityEngine.LogOption,string,UnityEngine.Object)
UnityEngine.DebugLogHandler:LogFormat (UnityEngine.LogType,UnityEngine.Object,string,object[])
UnityEngine.Logger:Log (UnityEngine.LogType,object)
UnityEngine.Debug:Log (object)
ForgeGame.EditorTools.SceneWiring:WireMenu () (at Assets/Scripts/Editor/SceneWiring.cs:96)
ForgeGame.EditorTools.AssetIntegration:PatchMenuScene () (at Assets/Scripts/Editor/AssetIntegration.cs:857)
ForgeGame.EditorTools.AssetIntegration:IntegrateAll () (at Assets/Scripts/Editor/AssetIntegration.cs:134)

(Filename: Assets/Scripts/Editor/SceneWiring.cs Line: 96)

Opening scene 'Assets/Scenes/Menu.unity'
Unloading 22 Unused Serialized files (Serialized files now loaded: 0)
Loaded scene 'Assets/Scenes/Menu.unity'
	Deserialize:            0.253 ms
	Integration:            114.162 ms
	Integration of assets:  0.002 ms
	Thread Wait Time:       0.010 ms
	Total Operation Time:   114.426 ms
Unloading 159 unused Assets / (63.1 KB). Loaded Objects now: 7676.
Memory consumption went from 225.8 MB to 225.7 MB.
Total: 5.174167 ms (FindLiveObjects: 0.167084 ms CreateObjectMapping: 0.064916 ms MarkObjects: 4.810834 ms  DeleteObjects: 0.131125 ms)

[AssetIntegration] PatchMenuPurchaseSfx: MenuController present with SFX-06 (upgrade purchase) clip + AudioSource assigned.
UnityEngine.Debug:ExtractStackTraceNoAlloc (byte*,int,string)
UnityEngine.StackTraceUtility:ExtractStackTrace () (at <path-redacted>)
UnityEngine.DebugLogHandler:Internal_Log (UnityEngine.LogType,UnityEngine.LogOption,string,UnityEngine.Object)
UnityEngine.DebugLogHandler:LogFormat (UnityEngine.LogType,UnityEngine.Object,string,object[])
UnityEngine.Logger:Log (UnityEngine.LogType,object)
UnityEngine.Debug:Log (object)
ForgeGame.EditorTools.AssetIntegration:Log (string) (at Assets/Scripts/Editor/AssetIntegration.cs:1523)
ForgeGame.EditorTools.AssetIntegration:PatchMenuPurchaseSfx () (at Assets/Scripts/Editor/AssetIntegration.cs:898)
ForgeGame.EditorTools.AssetIntegration:PatchMenuScene () (at Assets/Scripts/Editor/AssetIntegration.cs:861)
ForgeGame.EditorTools.AssetIntegration:IntegrateAll () (at Assets/Scripts/Editor/AssetIntegration.cs:134)

(Filename: Assets/Scripts/Editor/AssetIntegration.cs Line: 1523)

Start importing Assets/Scenes/Menu.unity using Guid(57142c902727e420ab3fd524f42d3685) (DefaultImporter) -> (artifact id: '1f461f9efedf848d0153f984332cd445') in 0.002116333 seconds
Refreshing native plugins compatible for Editor in 0.41 ms, found 2 plugins.
Preloading 0 native plugins for Editor in 0.00 ms.
Asset Pipeline Refresh (id=c3dac5854ad4b474486448c629fc3038): Total: 0.011 seconds - Initiated by StopAssetImportingV2(NoUpdateAssetOptions)
[AssetIntegration] === AssetIntegration.IntegrateAll done ===
UnityEngine.Debug:ExtractStackTraceNoAlloc (byte*,int,string)
UnityEngine.StackTraceUtility:ExtractStackTrace () (at <path-redacted>)
UnityEngine.DebugLogHandler:Internal_Log (UnityEngine.LogType,UnityEngine.LogOption,string,UnityEngine.Object)
UnityEngine.DebugLogHandler:LogFormat (UnityEngine.LogType,UnityEngine.Object,string,object[])
UnityEngine.Logger:Log (UnityEngine.LogType,object)
UnityEngine.Debug:Log (object)
ForgeGame.EditorTools.AssetIntegration:Log (string) (at Assets/Scripts/Editor/AssetIntegration.cs:1523)
ForgeGame.EditorTools.AssetIntegration:IntegrateAll () (at Assets/Scripts/Editor/AssetIntegration.cs:137)

(Filename: Assets/Scripts/Editor/AssetIntegration.cs Line: 1523)

Batchmode quit successfully invoked - shutting down!
Killing ADB server in 0.102453 seconds.
Thread 0x33e553000 may have been prematurely finalized
Input System module state changed to: ShutdownInProgress.
Input System polling thread exited.
Input System module state changed to: Shutdown.
[Physics::Module] Cleanup current backend.
[Physics::Module] Id: 0xf2b8ea05
[Licensing::IpcConnector] LicenseClient-redacted-user-notifications channel disconnected successfully.
[Licensing::IpcConnector] LicenseClient-redacted-user channel disconnected successfully.
Thread 0x16ff73000 may have been prematurely finalized
Thread 0x1701a3000 may have been prematurely finalized
Thread 0x17008b000 may have been prematurely finalized
Thread 0x170117000 may have been prematurely finalized
Thread 0x16ffff000 may have been prematurely finalized
Thread 0x17022f000 may have been prematurely finalized
AcceleratorClientConnectionCallback - disconnected - :0
[40m[32minfo[39m[22m[49m: Microsoft.Hosting.Lifetime[0]
      Application is shutting down...
Cleanup mono
[40m[32minfo[39m[22m[49m: Unity.ILPP.Runner.PostProcessingAssemblyLoadContext[0]
      ALC ILPP context 1 is unloading
14:17:25.462 |V| RiderPlugin                    | :1                             | AppDomain.CurrentDomain.DomainUnload lifetimeDefinition.Terminate
debugger-agent: Unable to listen on 44
[usbmuxd] Stop listen thread
[usbmuxd] Error: 
[usbmuxd] Listen thread exiting
Exiting batchmode successfully now!
[Package Manager] Server process was shutdown
