Unity Editor version:    6000.3.16f1 (a56f230f6470)
Branch:                  6000.3/staging
Build type:              Release
Batch mode:              YES
macOS version:           Version 26.5.1 (Build 25F80)
Darwin version:          25.5.0
Architecture:            arm64
Running under Rosetta:   NO
Available memory:        65536 MB
Date:                    2026-07-21T14:07:38Z
[Licensing::Module] Trying to connect to existing licensing client channel...
[Licensing::IpcConnector] Channel LicenseClient-redacted-user doesn't exist
Launching external process: <app-path>
[Licensing::Module] Successfully launched the LicensingClient (PId: 60984)
Launching external process: <app-path>

COMMAND LINE ARGUMENTS:
<app-path>
-batchmode
-projectPath
game
-runTests
-testPlatform
PlayMode
-testResults
<repo>/qa/evidence/playmode-baseline-results.xml
-logFile
<repo>/qa/evidence/playmode-baseline.log
Successfully changed project path to: <repo>/game
<repo>/game
[UnityMemory] Configuration Parameters - Can be set up in boot.config
    "memorysetup-allocator-temp-initial-block-size-main=262144"
    "memorysetup-allocator-temp-initial-block-size-worker=262144"
    "memorysetup-temp-allocator-size-background-worker=32768"
    "memorysetup-temp-allocator-size-job-worker=262144"
    "memorysetup-temp-allocator-size-preload-manager=33554432"
    "memorysetup-temp-allocator-size-nav-mesh-worker=65536"
    "memorysetup-temp-allocator-size-audio-worker=65536"
    "memorysetup-temp-allocator-size-cloud-worker=32768"
    "memorysetup-bucket-allocator-granularity=16"
    "memorysetup-bucket-allocator-bucket-count=8"
    "memorysetup-bucket-allocator-block-size=33554432"
    "memorysetup-bucket-allocator-block-count=8"
    "memorysetup-main-allocator-block-size=16777216"
    "memorysetup-thread-allocator-block-size=16777216"
    "memorysetup-gfx-main-allocator-block-size=16777216"
    "memorysetup-gfx-thread-allocator-block-size=16777216"
    "memorysetup-cache-allocator-block-size=4194304"
    "memorysetup-typetree-allocator-block-size=2097152"
    "memorysetup-profiler-bucket-allocator-granularity=16"
    "memorysetup-profiler-bucket-allocator-bucket-count=8"
    "memorysetup-profiler-bucket-allocator-block-size=33554432"
    "memorysetup-profiler-bucket-allocator-block-count=8"
    "memorysetup-profiler-allocator-block-size=16777216"
    "memorysetup-profiler-editor-allocator-block-size=1048576"
    "memorysetup-temp-allocator-size-main=16777216"
    "memorysetup-job-temp-allocator-block-size=2097152"
    "memorysetup-job-temp-allocator-block-size-background=1048576"
    "memorysetup-job-temp-allocator-reduction-small-platforms=262144"
    "memorysetup-temp-allocator-size-gi-baking-worker=262144"
    "memorysetup-temp-allocator-size-gi-baking-worker=262144"
    "memorysetup-temp-allocator-size-gi-baking-worker=262144"
    "memorysetup-temp-allocator-size-gi-baking-worker=262144"
    "memorysetup-temp-allocator-size-gi-baking-worker=262144"
    "memorysetup-temp-allocator-size-gfx=262144"
Player connection [8426839680]  Target information:

Player connection [8426839680]  * "[IP] ip-redacted [Port] 55504 [Flags] 2 [Guid] 2721568444 [EditorId] 2721568444 [Version] 1048832 [Id] OSXEditor(0,redacted-host) [Debug] 1 [PackageName] OSXEditor [ProjectName] Editor" 

Player connection [8426839680]  * "[IP] ip-redacted [Port] 55504 [Flags] 2 [Guid] 2721568444 [EditorId] 2721568444 [Version] 1048832 [Id] OSXEditor(0,redacted-host) [Debug] 1 [PackageName] OSXEditor [ProjectName] Editor" 

Player connection [8426839680]  * "[IP] ip-redacted [Port] 55504 [Flags] 2 [Guid] 2721568444 [EditorId] 2721568444 [Version] 1048832 [Id] OSXEditor(0,redacted-host) [Debug] 1 [PackageName] OSXEditor [ProjectName] Editor" 

Player connection [8426839680]  * "[IP] ip-redacted [Port] 55504 [Flags] 2 [Guid] 2721568444 [EditorId] 2721568444 [Version] 1048832 [Id] OSXEditor(0,redacted-host) [Debug] 1 [PackageName] OSXEditor [ProjectName] Editor" 

Player connection [8426839680] Host joined multi-casting on [225.0.0.222:54997]...
Player connection [8426839680] Host joined alternative multi-casting on [225.0.0.222:34997]...
Input System module state changed to: Initialized.
[Physics::Module] Initialized fallback backend.
[Physics::Module] Id: 0xdecafbad
[Package Manager] Connected to IPC stream "Upm-60848" after 0.2 seconds.
[Licensing::Module] Licensing is not yet initialized.
[Licensing::IpcConnector] Successfully connected to: "LicenseClient-redacted-user" at "2026-07-21T14:07:39.464321Z"
[Licensing::Client] Handshaking with LicensingClient:
  Version:                 1.18.1+9fbee8e
  Session Id:              4763011ece634a5790db4a62c932b96e
  Correlation Id:          3c442edda432e7e8413c6723182dd812
  External correlation Id: 6743194175952626387
  Machine Id:              BfThF0WKqAgDhnnSK9YQuaikHos=
[Licensing::Module] Successfully connected to LicensingClient on channel: "LicenseClient-redacted-user" (connect: 0.58s, validation: 0.03s, handshake: 0.21s)
[Licensing::IpcConnector] Successfully connected to: "LicenseClient-redacted-user-notifications" at "2026-07-21T14:07:39.70205Z"
[Licensing::Module] Connected to LicensingClient (PId: 60984, launch time: 0.00, total connection time: 0.82s)
[Licensing::Module] Error: Access token is unavailable; failed to update
[Licensing::Client] Successfully resolved entitlement details
[Licensing::Module] License group:
  Id: F4-4F8R-TQMZ-GN6C-Q2J8-XXXX
  Product: Unity Personal
  Type: ULF
  Expiration: Unlimited
[Licensing::Module] License group:
  Id: 15668730622722-UnityPersXXXX
  Product: Unity Personal
  Type: Assigned
  Expiration: Unlimited
[Licensing::Client] Successfully updated license, isAsync: True, time: 0.00
[Licensing::Module] Licensing Background thread has ended after 0.83s
[Licensing::Module] Licensing is initialized (took 0.44s).
[Licensing::Client] Successfully resolved entitlement details
[Licensing::Module] License group:
  Id: F4-4F8R-TQMZ-GN6C-Q2J8-XXXX
  Product: Unity Personal
  Type: ULF
  Expiration: Unlimited
[Licensing::Module] License group:
  Id: 15668730622722-UnityPersXXXX
  Product: Unity Personal
  Type: Assigned
  Expiration: Unlimited
Library Redirect Path: Library/
[Physics::Module] Selected backend.
[Physics::Module] Name: PhysX
[Physics::Module] Id: 0xf2b8ea05
[Physics::Module] SDK Version: 4.1.2
[Physics::Module] Integration Version: 1.0.0
[Physics::Module] Threading Mode: Multi-Threaded
Refreshing native plugins compatible for Editor in 0.35 ms, found 0 plugins.
Preloading 0 native plugins for Editor in 0.00 ms.
Initialize engine version: 6000.3.16f1 (a56f230f6470)
[Subsystems] Discovering subsystems at path <app-path>
[Subsystems] Discovering subsystems at path <repo>/game/Assets
GfxDevice: creating device client; kGfxThreadingModeNonThreaded
 preferred device: Apple M4 Max (high power)
Metal devices available: 1
0: Apple M4 Max (high power)
Using device Apple M4 Max (high power)
Initializing Metal device caps: Apple M4 Max
Mac GPU Family: 2
Apple GPU Family: 9
MSL Version: 3.0
Has Float MSAA: 1
Has Float Filtering: 1
ReadWrite Texture Tier: 2
Initialize mono
Mono path[0] = '<app-path>'
Mono path[1] = '<app-path>'
Mono config path = '<app-path>'
Using monoOptions --debugger-agent=transport=dt_socket,embedding=1,server=y,suspend=n,address=ip-redacted:56848
Using cacheserver namespaces - metadata:defaultmetadata, artifacts:defaultartifacts
Using cacheserver namespaces - metadata:defaultmetadata, artifacts:defaultartifacts
ImportWorker Server TCP listen port: 0
AcceleratorClientConnectionCallback - disconnected - :0
Begin MonoManager ReloadAssembly
Registering precompiled unity dll's ...
Register platform support module: <app-path>
[Licensing::Client] Successfully resolved entitlement details
[Licensing::Module] License group:
  Id: F4-4F8R-TQMZ-GN6C-Q2J8-XXXX
  Product: Unity Personal
  Type: ULF
  Expiration: Unlimited
[Licensing::Module] License group:
  Id: 15668730622722-UnityPersXXXX
  Product: Unity Personal
  Type: Assigned
  Expiration: Unlimited
Register platform support module: <app-path>
[Licensing::Client] Successfully resolved entitlement details
[Licensing::Module] License group:
  Id: F4-4F8R-TQMZ-GN6C-Q2J8-XXXX
  Product: Unity Personal
  Type: ULF
  Expiration: Unlimited
[Licensing::Module] License group:
  Id: 15668730622722-UnityPersXXXX
  Product: Unity Personal
  Type: Assigned
  Expiration: Unlimited
Register platform support module: <app-path>
Registered in 0.003145 seconds.
- Loaded All Assemblies, in  0.296 seconds
[usbmuxd] Start listen thread
[usbmuxd] Listen thread started
[usbmuxd] Send listen message
[usbmuxd] Attached: 3 00008122-000D09512EB9801C
Native extension for iOS target not found
Native extension for Android target not found
Native extension for OSXStandalone target not found
Package Manager log level set to [2]
ScheduleIndexationOnStartup MainProcess:False IndexOnStartup:False
Mono: successfully reloaded assembly
- Finished resetting the current domain, in  0.238 seconds
Domain Reload Profiling: 534ms
	BeginReloadAssembly (121ms)
		ExecutionOrderSort (0ms)
		DisableScriptedObjects (0ms)
		BackupInstance (0ms)
		ReleaseScriptingObjects (0ms)
		CreateAndSetChildDomain (18ms)
	RebuildCommonClasses (25ms)
	RebuildNativeTypeToScriptingClass (7ms)
	initialDomainReloadingComplete (29ms)
	LoadAllAssembliesAndSetupDomain (114ms)
		LoadAssemblies (104ms)
		RebuildTransferFunctionScriptingTraits (0ms)
		AnalyzeDomain (110ms)
			TypeCache.Refresh (108ms)
				TypeCache.ScanAssembly (95ms)
			BuildScriptInfoCaches (0ms)
			ResolveRequiredComponents (1ms)
	FinalizeReload (238ms)
		ReleaseScriptCaches (0ms)
		RebuildScriptCaches (0ms)
		SetupLoadedEditorAssemblies (215ms)
			LogAssemblyErrors (0ms)
			InitializePlatformSupportModulesInManaged (54ms)
			SetLoadedEditorAssemblies (3ms)
			BeforeProcessingInitializeOnLoad (41ms)
			ProcessInitializeOnLoadAttributes (62ms)
			ProcessInitializeOnLoadMethodAttributes (56ms)
			AfterProcessingInitializeOnLoad (0ms)
			EditorAssembliesLoaded (0ms)
		ExecutionOrderSort2 (0ms)
		AwakeInstancesAfterBackupRestoration (0ms)
[Licensing::Client] Successfully resolved entitlement details
[Licensing::Module] License group:
  Id: F4-4F8R-TQMZ-GN6C-Q2J8-XXXX
  Product: Unity Personal
  Type: ULF
  Expiration: Unlimited
[Licensing::Module] License group:
  Id: 15668730622722-UnityPersXXXX
  Product: Unity Personal
  Type: Assigned
  Expiration: Unlimited
Application.AssetDatabase Initial Refresh Start
[Package Manager] Restoring resolved packages state from cache
[Licensing::Client] Successfully resolved entitlement details
[Package Manager] Registered 58 packages:
  Packages from [https://packages.unity.com]:
    com.unity.cloud.gltfast@6.19.0 (location: <repo>/game/Library/PackageCache/com.unity.cloud.gltfast@92828f845157)
    com.unity.ai.navigation@2.0.12 (location: <repo>/game/Library/PackageCache/com.unity.ai.navigation@734c2c4c5591)
    com.unity.collab-proxy@2.12.4 (location: <repo>/game/Library/PackageCache/com.unity.collab-proxy@0b1559bcd34e)
    com.unity.ide.rider@3.0.40 (location: <repo>/game/Library/PackageCache/com.unity.ide.rider@e4950c6d131b)
    com.unity.ide.visualstudio@2.0.26 (location: <repo>/game/Library/PackageCache/com.unity.ide.visualstudio@a99d56dec63f)
    com.unity.inputsystem@1.19.0 (location: <repo>/game/Library/PackageCache/com.unity.inputsystem@21a28c3a6c83)
    com.unity.timeline@1.8.12 (location: <repo>/game/Library/PackageCache/com.unity.timeline@8cd8509afae5)
    com.unity.visualscripting@1.9.11 (location: <repo>/game/Library/PackageCache/com.unity.visualscripting@8bed5ad90189)
    com.unity.burst@1.8.29 (location: <repo>/game/Library/PackageCache/com.unity.burst@6bb9aca3ef38)
    com.unity.collections@2.6.6 (location: <repo>/game/Library/PackageCache/com.unity.collections@9796e5ee0d9e)
    com.unity.mathematics@1.3.3 (location: <repo>/game/Library/PackageCache/com.unity.mathematics@19a9377c4ffa)
    com.unity.searcher@4.9.4 (location: <repo>/game/Library/PackageCache/com.unity.searcher@d45a78918735)
    com.unity.nuget.mono-cecil@1.11.6 (location: <repo>/game/Library/PackageCache/com.unity.nuget.mono-cecil@ecb9724e46ff)
    com.unity.test-framework.performance@3.4.0 (location: <repo>/game/Library/PackageCache/com.unity.test-framework.performance@aa81a99c4a75)
  Built-in packages:
    com.unity.multiplayer.center@1.0.1 (location: <repo>/game/Library/PackageCache/com.unity.multiplayer.center@f01f4ba8d00a)
    com.unity.render-pipelines.universal@17.3.0 (location: <repo>/game/Library/PackageCache/com.unity.render-pipelines.universal@97f77d4dda9a)
    com.unity.test-framework@1.6.0 (location: <repo>/game/Library/PackageCache/com.unity.test-framework@aebcb98460c6)
    com.unity.ugui@2.0.0 (location: <repo>/game/Library/PackageCache/com.unity.ugui@23e8d17bfaf9)
    com.unity.modules.accessibility@1.0.0 (location: <repo>/game/Library/PackageCache/com.unity.modules.accessibility)
    com.unity.modules.adaptiveperformance@1.0.0 (location: <repo>/game/Library/PackageCache/com.unity.modules.adaptiveperformance)
    com.unity.modules.ai@1.0.0 (location: <repo>/game/Library/PackageCache/com.unity.modules.ai)
    com.unity.modules.androidjni@1.0.0 (location: <repo>/game/Library/PackageCache/com.unity.modules.androidjni)
    com.unity.modules.animation@1.0.0 (location: <repo>/game/Library/PackageCache/com.unity.modules.animation)
    com.unity.modules.assetbundle@1.0.0 (location: <repo>/game/Library/PackageCache/com.unity.modules.assetbundle)
    com.unity.modules.audio@1.0.0 (location: <repo>/game/Library/PackageCache/com.unity.modules.audio)
    com.unity.modules.cloth@1.0.0 (location: <repo>/game/Library/PackageCache/com.unity.modules.cloth)
    com.unity.modules.director@1.0.0 (location: <repo>/game/Library/PackageCache/com.unity.modules.director)
    com.unity.modules.imageconversion@1.0.0 (location: <repo>/game/Library/PackageCache/com.unity.modules.imageconversion)
    com.unity.modules.imgui@1.0.0 (location: <repo>/game/Library/PackageCache/com.unity.modules.imgui)
    com.unity.modules.jsonserialize@1.0.0 (location: <repo>/game/Library/PackageCache/com.unity.modules.jsonserialize)
    com.unity.modules.particlesystem@1.0.0 (location: <repo>/game/Library/PackageCache/com.unity.modules.particlesystem)
    com.unity.modules.physics@1.0.0 (location: <repo>/game/Library/PackageCache/com.unity.modules.physics)
    com.unity.modules.physics2d@1.0.0 (location: <repo>/game/Library/PackageCache/com.unity.modules.physics2d)
    com.unity.modules.screencapture@1.0.0 (location: <repo>/game/Library/PackageCache/com.unity.modules.screencapture)
    com.unity.modules.terrain@1.0.0 (location: <repo>/game/Library/PackageCache/com.unity.modules.terrain)
    com.unity.modules.terrainphysics@1.0.0 (location: <repo>/game/Library/PackageCache/com.unity.modules.terrainphysics)
    com.unity.modules.tilemap@1.0.0 (location: <repo>/game/Library/PackageCache/com.unity.modules.tilemap)
    com.unity.modules.ui@1.0.0 (location: <repo>/game/Library/PackageCache/com.unity.modules.ui)
    com.unity.modules.uielements@1.0.0 (location: <repo>/game/Library/PackageCache/com.unity.modules.uielements)
    com.unity.modules.umbra@1.0.0 (location: <repo>/game/Library/PackageCache/com.unity.modules.umbra)
    com.unity.modules.unityanalytics@1.0.0 (location: <repo>/game/Library/PackageCache/com.unity.modules.unityanalytics)
    com.unity.modules.unitywebrequest@1.0.0 (location: <repo>/game/Library/PackageCache/com.unity.modules.unitywebrequest)
    com.unity.modules.unitywebrequestassetbundle@1.0.0 (location: <repo>/game/Library/PackageCache/com.unity.modules.unitywebrequestassetbundle)
    com.unity.modules.unitywebrequestaudio@1.0.0 (location: <repo>/game/Library/PackageCache/com.unity.modules.unitywebrequestaudio)
    com.unity.modules.unitywebrequesttexture@1.0.0 (location: <repo>/game/Library/PackageCache/com.unity.modules.unitywebrequesttexture)
    com.unity.modules.unitywebrequestwww@1.0.0 (location: <repo>/game/Library/PackageCache/com.unity.modules.unitywebrequestwww)
    com.unity.modules.vectorgraphics@1.0.0 (location: <repo>/game/Library/PackageCache/com.unity.modules.vectorgraphics)
    com.unity.modules.vehicles@1.0.0 (location: <repo>/game/Library/PackageCache/com.unity.modules.vehicles)
    com.unity.modules.video@1.0.0 (location: <repo>/game/Library/PackageCache/com.unity.modules.video)
    com.unity.modules.vr@1.0.0 (location: <repo>/game/Library/PackageCache/com.unity.modules.vr)
    com.unity.modules.wind@1.0.0 (location: <repo>/game/Library/PackageCache/com.unity.modules.wind)
    com.unity.modules.xr@1.0.0 (location: <repo>/game/Library/PackageCache/com.unity.modules.xr)
    com.unity.modules.subsystems@1.0.0 (location: <repo>/game/Library/PackageCache/com.unity.modules.subsystems)
    com.unity.modules.hierarchycore@1.0.0 (location: <repo>/game/Library/PackageCache/com.unity.modules.hierarchycore)
    com.unity.ext.nunit@2.0.5 (location: <repo>/game/Library/PackageCache/com.unity.ext.nunit@d8c07649098d)
    com.unity.render-pipelines.core@17.3.0 (location: <repo>/game/Library/PackageCache/com.unity.render-pipelines.core@648b47f96bf1)
    com.unity.shadergraph@17.3.0 (location: <repo>/game/Library/PackageCache/com.unity.shadergraph@138213decc3c)
    com.unity.render-pipelines.universal-config@17.0.3 (location: <repo>/game/Library/PackageCache/com.unity.render-pipelines.universal-config@8dc1aab4af1d)
[Subsystems] No new subsystems found in resolved package list.
[Package Manager] Done registering packages in 0.01 seconds
[ScriptCompilation] Requested script compilation because: Assetdatabase observed changes in script compilation related files
[40m[32minfo[39m[22m[49m: Microsoft.Hosting.Lifetime[14]
      Now listening on: http://unix:<tmp-path>
[40m[32minfo[39m[22m[49m: Microsoft.Hosting.Lifetime[0]
      Application started. Press Ctrl+C to shut down.
[40m[32minfo[39m[22m[49m: Microsoft.Hosting.Lifetime[0]
      Hosting environment: Production
[40m[32minfo[39m[22m[49m: Microsoft.Hosting.Lifetime[0]
      Content root path: <repo>/game/
[40m[32minfo[39m[22m[49m: Microsoft.AspNetCore.Hosting.Diagnostics[1]
      Request starting HTTP/2 POST http://ilpp/UnityILPP.PostProcessing/Ping application/grpc -
[40m[32minfo[39m[22m[49m: Microsoft.AspNetCore.Routing.EndpointMiddleware[0]
      Executing endpoint 'gRPC - /UnityILPP.PostProcessing/Ping'
[40m[32minfo[39m[22m[49m: Microsoft.AspNetCore.Routing.EndpointMiddleware[1]
      Executed endpoint 'gRPC - /UnityILPP.PostProcessing/Ping'
[40m[32minfo[39m[22m[49m: Microsoft.AspNetCore.Hosting.Diagnostics[2]
      Request finished HTTP/2 POST http://ilpp/UnityILPP.PostProcessing/Ping application/grpc - - 200 - application/grpc 33.7003ms
Starting: <app-path> --ipc --defer-dag-verification --dagfile="Library/Bee/200b0aEDbg.dag" --continue-on-failure --profile="Library/Bee/backend1.traceevents" ScriptAssemblies
WorkingDir: <repo>/game
DisplayProgressbar: Compiling Scripts
[40m[32minfo[39m[22m[49m: Microsoft.AspNetCore.Hosting.Diagnostics[1]
      Request starting HTTP/2 POST http://ilpp/UnityILPP.PostProcessing/ConfigurePostProcessors application/grpc -
[40m[32minfo[39m[22m[49m: Microsoft.AspNetCore.Routing.EndpointMiddleware[0]
      Executing endpoint 'gRPC - /UnityILPP.PostProcessing/ConfigurePostProcessors'
[40m[1m[33mwarn[39m[22m[49m: Unity.ILPP.Runner.PostProcessingAssemblyLoadContext[0]
      Assembly unityeditor.ios.extensions.xcode has duplicate hint path. Ignoring "<app-path>" in favor of "<app-path>"
[40m[1m[33mwarn[39m[22m[49m: Unity.ILPP.Runner.PostProcessingAssemblyLoadContext[0]
      Assembly system.runtime.interopservices.windowsruntime has duplicate hint path. Ignoring "<app-path>" in favor of "<app-path>"
[40m[1m[33mwarn[39m[22m[49m: Unity.ILPP.Runner.PostProcessingAssemblyLoadContext[0]
      Assembly system.componentmodel.composition has duplicate hint path. Ignoring "<app-path>" in favor of "<app-path>"
[40m[32minfo[39m[22m[49m: Unity.ILPP.Runner.PostProcessingAssemblyLoadContext[0]
      Resolved Unity.Burst.Cecil, Version=ip-redacted, Culture=neutral, PublicKeyToken=50cebf1cceb9d05e with Library/PackageCache/com.unity.burst@6bb9aca3ef38/Unity.Burst.CodeGen/Unity.Burst.Cecil.dll
[40m[32minfo[39m[22m[49m: Unity.ILPP.Runner.PostProcessingAssemblyLoadContext[0]
      Resolved Mono.Cecil, Version=ip-redacted, Culture=neutral, PublicKeyToken=50cebf1cceb9d05e with Library/PackageCache/com.unity.nuget.mono-cecil@ecb9724e46ff/Mono.Cecil.dll
[40m[32minfo[39m[22m[49m: Microsoft.AspNetCore.Routing.EndpointMiddleware[1]
      Executed endpoint 'gRPC - /UnityILPP.PostProcessing/ConfigurePostProcessors'
[40m[32minfo[39m[22m[49m: Microsoft.AspNetCore.Hosting.Diagnostics[2]
      Request finished HTTP/2 POST http://ilpp/UnityILPP.PostProcessing/ConfigurePostProcessors application/grpc - - 200 - application/grpc 13.8432ms
ExitCode: 3 Duration: 1s336ms
[661/870    0s] ILPP-Configuration Library/ilpp-configuration.nevergeneratedoutput
[866/870    1s] Csc Library/Bee/artifacts/200b0aEDbg.dag/ForgeGame.PlayMode.Tests.dll (+2 others)
##### CommandLine
"<app-path>" exec "<app-path>" /nostdlib /noconfig /shared "@Library/Bee/artifacts/200b0aEDbg.dag/ForgeGame.PlayMode.Tests.rsp" "@Library/Bee/artifacts/200b0aEDbg.dag/ForgeGame.PlayMode.Tests.rsp2"
##### Contents of Library/Bee/artifacts/200b0aEDbg.dag/ForgeGame.PlayMode.Tests.rsp
-target:library
-out:"Library/Bee/artifacts/200b0aEDbg.dag/ForgeGame.PlayMode.Tests.dll"
-refout:"Library/Bee/artifacts/200b0aEDbg.dag/ForgeGame.PlayMode.Tests.ref.dll"
-define:UNITY_6000_3_16
-define:UNITY_6000_3
-define:UNITY_6000
-define:UNITY_5_3_OR_NEWER
-define:UNITY_5_4_OR_NEWER
-define:UNITY_5_5_OR_NEWER
-define:UNITY_5_6_OR_NEWER
-define:UNITY_2017_1_OR_NEWER
-define:UNITY_2017_2_OR_NEWER
-define:UNITY_2017_3_OR_NEWER
-define:UNITY_2017_4_OR_NEWER
-define:UNITY_2018_1_OR_NEWER
-define:UNITY_2018_2_OR_NEWER
-define:UNITY_2018_3_OR_NEWER
-define:UNITY_2018_4_OR_NEWER
-define:UNITY_2019_1_OR_NEWER
-define:UNITY_2019_2_OR_NEWER
-define:UNITY_2019_3_OR_NEWER
-define:UNITY_2019_4_OR_NEWER
-define:UNITY_2020_1_OR_NEWER
-define:UNITY_2020_2_OR_NEWER
-define:UNITY_2020_3_OR_NEWER
-define:UNITY_2021_1_OR_NEWER
-define:UNITY_2021_2_OR_NEWER
-define:UNITY_2021_3_OR_NEWER
-define:UNITY_2022_1_OR_NEWER
-define:UNITY_2022_2_OR_NEWER
-define:UNITY_2022_3_OR_NEWER
-define:UNITY_2023_1_OR_NEWER
-define:UNITY_2023_2_OR_NEWER
-define:UNITY_2023_3_OR_NEWER
-define:UNITY_6000_0_OR_NEWER
-define:UNITY_6000_1_OR_NEWER
-define:UNITY_6000_2_OR_NEWER
-define:UNITY_6000_3_OR_NEWER
-define:PLATFORM_ARCH_64
-define:UNITY_64
-define:UNITY_INCLUDE_TESTS
-define:ENABLE_AR
-define:ENABLE_AUDIO
-define:ENABLE_AUDIO_SCRIPTABLE_PIPELINE
-define:ENABLE_CACHING
-define:ENABLE_CLOTH
-define:ENABLE_MICROPHONE
-define:ENABLE_MULTIPLE_DISPLAYS
-define:ENABLE_PHYSICS
-define:ENABLE_TEXTURE_STREAMING
-define:ENABLE_VIRTUALTEXTURING
-define:ENABLE_LZMA
-define:ENABLE_UNITYEVENTS
-define:ENABLE_VR
-define:ENABLE_WEBCAM
-define:ENABLE_UNITYWEBREQUEST
-define:ENABLE_WWW
-define:ENABLE_CLOUD_SERVICES
-define:ENABLE_CLOUD_SERVICES_ADS
-define:ENABLE_CLOUD_SERVICES_USE_WEBREQUEST
-define:ENABLE_UNITY_CONSENT
-define:ENABLE_UNITY_CLOUD_IDENTIFIERS
-define:ENABLE_CLOUD_SERVICES_CRASH_REPORTING
-define:ENABLE_CLOUD_SERVICES_NATIVE_CRASH_REPORTING
-define:ENABLE_CLOUD_SERVICES_PURCHASING
-define:ENABLE_CLOUD_SERVICES_ANALYTICS
-define:ENABLE_CLOUD_SERVICES_BUILD
-define:ENABLE_EDITOR_GAME_SERVICES
-define:ENABLE_UNITY_GAME_SERVICES_ANALYTICS_SUPPORT
-define:ENABLE_CLOUD_LICENSE
-define:ENABLE_EDITOR_HUB_LICENSE
-define:ENABLE_WEBSOCKET_CLIENT
-define:ENABLE_GENERATE_NATIVE_PLUGINS_FOR_ASSEMBLIES_API
-define:ENABLE_DIRECTOR_AUDIO
-define:ENABLE_DIRECTOR_TEXTURE
-define:ENABLE_MANAGED_JOBS
-define:ENABLE_MANAGED_TRANSFORM_JOBS
-define:ENABLE_MANAGED_ANIMATION_JOBS
-define:ENABLE_MANAGED_AUDIO_JOBS
-define:ENABLE_MANAGED_UNITYTLS
-define:INCLUDE_DYNAMIC_GI
-define:ENABLE_SCRIPTING_GC_WBARRIERS
-define:PLATFORM_SUPPORTS_MONO
-define:RENDER_SOFTWARE_CURSOR
-define:ENABLE_MARSHALLING_TESTS
-define:ENABLE_VIDEO
-define:ENABLE_NAVIGATION_OFFMESHLINK_TO_NAVMESHLINK
-define:ENABLE_ACCELERATOR_CLIENT_DEBUGGING
-define:ENABLE_ACCESSIBILITY_SCREEN_READER
-define:TEXTCORE_1_0_OR_NEWER
-define:EDITOR_ONLY_NAVMESH_BUILDER_DEPRECATED
-define:PLATFORM_STANDALONE_OSX
-define:PLATFORM_STANDALONE
-define:UNITY_STANDALONE_OSX
-define:UNITY_STANDALONE
-define:ENABLE_GAMECENTER
-define:ENABLE_RUNTIME_GI
-define:ENABLE_MOVIES
-define:ENABLE_NETWORK
-define:ENABLE_CRUNCH_TEXTURE_COMPRESSION
-define:ENABLE_CLOUD_SERVICES_ENGINE_DIAGNOSTICS
-define:ENABLE_CLUSTER_SYNC
-define:ENABLE_CLUSTERINPUT
-define:ENABLE_SPATIALTRACKING
-define:PLATFORM_HAS_CUSTOM_MUTEX
-define:PLATFORM_UPDATES_TIME_OUTSIDE_OF_PLAYER_LOOP
-define:PLATFORM_SUPPORTS_SPLIT_GRAPHICS_JOBS
-define:ENABLE_MONO
-define:NET_STANDARD_2_0
-define:NET_STANDARD
-define:NET_STANDARD_2_1
-define:NETSTANDARD
-define:NETSTANDARD2_1
-define:ENABLE_PROFILER
-define:DEBUG
-define:TRACE
-define:UNITY_ASSERTIONS
-define:UNITY_EDITOR
-define:UNITY_EDITOR_64
-define:UNITY_EDITOR_OSX
-define:ENABLE_UNITY_COLLECTIONS_CHECKS
-define:ENABLE_BURST_AOT
-define:UNITY_TEAM_LICENSE
-define:ENABLE_CUSTOM_RENDER_TEXTURE
-define:ENABLE_DIRECTOR
-define:ENABLE_LOCALIZATION
-define:ENABLE_SPRITES
-define:ENABLE_TERRAIN
-define:ENABLE_TILEMAP
-define:ENABLE_TIMELINE
-define:ENABLE_INPUT_SYSTEM
-define:TEXTCORE_FONT_ENGINE_1_5_OR_NEWER
-define:TEXTCORE_TEXT_ENGINE_1_5_OR_NEWER
-define:TEXTCORE_FONT_ENGINE_1_6_OR_NEWER
-define:CSHARP_7_OR_LATER
-define:CSHARP_7_3_OR_NEWER
-r:"<app-path>"
-r:"<app-path>"
-r:"<app-path>"
-r:"<app-path>"
-r:"<app-path>"
-r:"<app-path>"
-r:"<app-path>"
-r:"<app-path>"
-r:"<app-path>"
-r:"<app-path>"
-r:"<app-path>"
-r:"<app-path>"
-r:"<app-path>"
-r:"<app-path>"
-r:"<app-path>"
-r:"<app-path>"
-r:"<app-path>"
-r:"<app-path>"
-r:"<app-path>"
-r:"<app-path>"
-r:"<app-path>"
-r:"<app-path>"
-r:"<app-path>"
-r:"<app-path>"
-r:"<app-path>"
-r:"<app-path>"
-r:"<app-path>"
-r:"<app-path>"
-r:"<app-path>"
-r:"<app-path>"
-r:"<app-path>"
-r:"<app-path>"
-r:"<app-path>"
-r:"<app-path>"
-r:"<app-path>"
-r:"<app-path>"
-r:"<app-path>"
-r:"<app-path>"
-r:"<app-path>"
-r:"<app-path>"
-r:"<app-path>"
-r:"<app-path>"
-r:"<app-path>"
-r:"<app-path>"
-r:"<app-path>"
-r:"<app-path>"
-r:"<app-path>"
-r:"<app-path>"
-r:"<app-path>"
-r:"<app-path>"
-r:"<app-path>"
-r:"<app-path>"
-r:"<app-path>"
-r:"<app-path>"
-r:"<app-path>"
-r:"<app-path>"
-r:"<app-path>"
-r:"<app-path>"
-r:"<app-path>"
-r:"<app-path>"
-r:"<app-path>"
-r:"<app-path>"
-r:"<app-path>"
-r:"<app-path>"
-r:"<app-path>"
-r:"<app-path>"
-r:"<app-path>"
-r:"<app-path>"
-r:"<app-path>"
-r:"<app-path>"
-r:"<app-path>"
-r:"<app-path>"
-r:"<app-path>"
-r:"<app-path>"
-r:"<app-path>"
-r:"<app-path>"
-r:"<app-path>"
-r:"<app-path>"
-r:"<app-path>"
-r:"<app-path>"
-r:"<app-path>"
-r:"<app-path>"
-r:"<app-path>"
-r:"<app-path>"
-r:"<app-path>"
-r:"<app-path>"
-r:"<app-path>"
-r:"<app-path>"
-r:"<app-path>"
-r:"<app-path>"
-r:"<app-path>"
-r:"<app-path>"
-r:"<app-path>"
-r:"<app-path>"
-r:"<app-path>"
-r:"<app-path>"
-r:"<app-path>"
-r:"<app-path>"
-r:"<app-path>"
-r:"<app-path>"
-r:"<app-path>"
-r:"<app-path>"
-r:"<app-path>"
-r:"<app-path>"
-r:"<app-path>"
-r:"<app-path>"
-r:"<app-path>"
-r:"<app-path>"
-r:"<app-path>"
-r:"<app-path>"
-r:"<app-path>"
-r:"<app-path>"
-r:"<app-path>"
-r:"<app-path>"
-r:"<app-path>"
-r:"<app-path>"
-r:"<app-path>"
-r:"<app-path>"
-r:"<app-path>"
-r:"<app-path>"
-r:"<app-path>"
-r:"<app-path>"
-r:"<app-path>"
-r:"<app-path>"
-r:"<app-path>"
-r:"<app-path>"
-r:"<app-path>"
-r:"<app-path>"
-r:"<app-path>"
-r:"<app-path>"
-r:"<app-path>"
-r:"<app-path>"
-r:"<app-path>"
-r:"<app-path>"
-r:"<app-path>"
-r:"<app-path>"
-r:"<app-path>"
-r:"<app-path>"
-r:"<app-path>"
-r:"<app-path>"
-r:"<app-path>"
-r:"<app-path>"
-r:"<app-path>"
-r:"<app-path>"
-r:"<app-path>"
-r:"<app-path>"
-r:"<app-path>"
-r:"<app-path>"
-r:"<app-path>"
-r:"<app-path>"
-r:"<app-path>"
-r:"<app-path>"
-r:"<app-path>"
-r:"<app-path>"
-r:"<app-path>"
-r:"<app-path>"
-r:"<app-path>"
-r:"<app-path>"
-r:"<app-path>"
-r:"<app-path>"
-r:"<app-path>"
-r:"<app-path>"
-r:"<app-path>"
-r:"<app-path>"
-r:"<app-path>"
-r:"<app-path>"
-r:"<app-path>"
-r:"<app-path>"
-r:"<app-path>"
-r:"<app-path>"
-r:"<app-path>"
-r:"<app-path>"
-r:"<app-path>"
-r:"<app-path>"
-r:"<app-path>"
-r:"<app-path>"
-r:"<app-path>"
-r:"<app-path>"
-r:"<app-path>"
-r:"<app-path>"
-r:"<app-path>"
-r:"<app-path>"
-r:"<app-path>"
-r:"<app-path>"
-r:"<app-path>"
-r:"<app-path>"
-r:"<app-path>"
-r:"<app-path>"
-r:"<app-path>"
-r:"<app-path>"
-r:"<app-path>"
-r:"<app-path>"
-r:"<app-path>"
-r:"<app-path>"
-r:"<app-path>"
-r:"<app-path>"
-r:"<app-path>"
-r:"<app-path>"
-r:"<app-path>"
-r:"<app-path>"
-r:"<app-path>"
-r:"<app-path>"
-r:"<app-path>"
-r:"<app-path>"
-r:"<app-path>"
-r:"<app-path>"
-r:"<app-path>"
-r:"<app-path>"
-r:"<app-path>"
-r:"<app-path>"
-r:"<app-path>"
-r:"<app-path>"
-r:"<app-path>"
-r:"<app-path>"
-r:"<app-path>"
-r:"<app-path>"
-r:"<app-path>"
-r:"<app-path>"
-r:"<app-path>"
-r:"<app-path>"
-r:"<app-path>"
-r:"<app-path>"
-r:"<app-path>"
-r:"<app-path>"
-r:"<app-path>"
-r:"<app-path>"
-r:"<app-path>"
-r:"<app-path>"
-r:"<app-path>"
-r:"<app-path>"
-r:"<app-path>"
-r:"<app-path>"
-r:"<app-path>"
-r:"<app-path>"
-r:"<app-path>"
-r:"<app-path>"
-r:"<app-path>"
-r:"<app-path>"
-r:"<app-path>"
-r:"<app-path>"
-r:"<app-path>"
-r:"<app-path>"
-r:"<app-path>"
-r:"<app-path>"
-r:"<app-path>"
-r:"<app-path>"
-r:"<app-path>"
-r:"<app-path>"
-r:"<app-path>"
-r:"<app-path>"
-r:"<app-path>"
-r:"<app-path>"
-r:"<app-path>"
-r:"<app-path>"
-r:"<app-path>"
-r:"<app-path>"
-r:"<app-path>"
-r:"<app-path>"
-r:"<app-path>"
-r:"<app-path>"
-r:"<app-path>"
-r:"Library/PackageCache/com.unity.ext.nunit@d8c07649098d/net40/unity-custom/nunit.framework.dll"
-r:"Library/Bee/artifacts/200b0aEDbg.dag/ForgeGame.ref.dll"
-r:"Library/Bee/artifacts/200b0aEDbg.dag/Unity.InputSystem.ref.dll"
-r:"Library/Bee/artifacts/200b0aEDbg.dag/Unity.InputSystem.TestFramework.ref.dll"
-r:"Library/Bee/artifacts/200b0aEDbg.dag/UnityEditor.TestRunner.ref.dll"
-r:"Library/Bee/artifacts/200b0aEDbg.dag/UnityEditor.UI.ref.dll"
-r:"Library/Bee/artifacts/200b0aEDbg.dag/UnityEngine.TestRunner.ref.dll"
-r:"Library/Bee/artifacts/200b0aEDbg.dag/UnityEngine.UI.ref.dll"
-analyzer:"<app-path>"
-analyzer:"<app-path>"
-analyzer:"<app-path>"
"Assets/Tests/PlayMode/CoreDefensePlayModeTests.cs"
"Assets/Tests/PlayMode/FileSaveStorePlayModeTests.cs"
"Assets/Tests/PlayMode/GameFlowPlayModeTests.cs"
"Assets/Tests/PlayMode/GameHudPlayModeTests.cs"
"Assets/Tests/PlayMode/MenuScreenPlayModeTests.cs"
"Assets/Tests/PlayMode/QaVisualEvidencePlayModeTests.cs"
"Assets/Tests/PlayMode/ResultScreenPlayModeTests.cs"
"Assets/Tests/PlayMode/RunOutcomePlayModeTests.cs"
"Assets/Tests/PlayMode/ScaffoldPlayModeSmokeTests.cs"
"Assets/Tests/PlayMode/TitleScreenPlayModeTests.cs"
"Assets/Tests/PlayMode/TowerCombatPlayModeTests.cs"
-langversion:9.0
/deterministic
/optimize-
/debug:portable
/nologo
/RuntimeMetadataVersion:v4.0.30319
/nowarn:0169
/nowarn:0649
/nowarn:0282
/nowarn:1701
/nowarn:1702
/utf8output
/preferreduilang:en-US
/additionalfile:"Library/Bee/artifacts/200b0aEDbg.dag/ForgeGame.PlayMode.Tests.UnityAdditionalFile.txt"
##### Custom Environment Variables
DOTNET_MULTILEVEL_LOOKUP=0
##### ExitCode
1
##### Output
Assets/Tests/PlayMode/TitleScreenPlayModeTests.cs(27,28): warning CS0114: 'TitleScreenPlayModeTests.TearDown()' hides inherited member 'InputTestFixture.TearDown()'. To make the current member override that implementation, add the override keyword. Otherwise add the new keyword.
Assets/Tests/PlayMode/TitleScreenPlayModeTests.cs(34,28): error CS0161: 'TitleScreenPlayModeTests.TitleCanvas_IsScreenSpaceCamera()': not all code paths return a value
*** Tundra build failed (1.32 seconds), 2 items updated, 870 evaluated
## Script Compilation Error for: Csc Library/Bee/artifacts/200b0aEDbg.dag/ForgeGame.PlayMode.Tests.dll (+2 others)
## CmdLine: "<app-path>" exec "<app-path>" /nostdlib /noconfig /shared "@Library/Bee/artifacts/200b0aEDbg.dag/ForgeGame.PlayMode.Tests.rsp" "@Library/Bee/artifacts/200b0aEDbg.dag/ForgeGame.PlayMode.Tests.rsp2"
## Output:
Assets/Tests/PlayMode/TitleScreenPlayModeTests.cs(27,28): warning CS0114: 'TitleScreenPlayModeTests.TearDown()' hides inherited member 'InputTestFixture.TearDown()'. To make the current member override that implementation, add the override keyword. Otherwise add the new keyword.
Assets/Tests/PlayMode/TitleScreenPlayModeTests.cs(34,28): error CS0161: 'TitleScreenPlayModeTests.TitleCanvas_IsScreenSpaceCamera()': not all code paths return a value

Assets/Tests/PlayMode/TitleScreenPlayModeTests.cs(27,28): warning CS0114: 'TitleScreenPlayModeTests.TearDown()' hides inherited member 'InputTestFixture.TearDown()'. To make the current member override that implementation, add the override keyword. Otherwise add the new keyword.
Assets/Tests/PlayMode/TitleScreenPlayModeTests.cs(34,28): error CS0161: 'TitleScreenPlayModeTests.TitleCanvas_IsScreenSpaceCamera()': not all code paths return a value
AssetDatabase: script compilation time: 1.890953s
Scripts have compiler errors.
[Package Manager] Server process was shutdown
[40m[32minfo[39m[22m[49m: Microsoft.Hosting.Lifetime[0]
      Application is shutting down...
[40m[32minfo[39m[22m[49m: Unity.ILPP.Runner.PostProcessingAssemblyLoadContext[0]
      ALC ILPP context 1 is unloading
