Unity Editor version:    6000.3.16f1 (a56f230f6470)
Branch:                  6000.3/staging
Build type:              Release
Batch mode:              YES
macOS version:           Version 26.5.1 (Build 25F80)
Darwin version:          25.5.0
Architecture:            arm64
Running under Rosetta:   NO
Available memory:        65536 MB
Date:                    2026-07-13T06:54:00Z
[Licensing::Module] Trying to connect to existing licensing client channel...
[Licensing::IpcConnector] Channel LicenseClient-redacted-user doesn't exist
Launching external process: <app-path>
[Licensing::Module] Successfully launched the LicensingClient (PId: 28059)
Launching external process: <app-path>

COMMAND LINE ARGUMENTS:
<app-path>
-batchmode
-projectPath
game
-runTests
-testPlatform
PlayMode
-testFilter
ForgeGame.Tests.PlayMode.CrystalSceneTests
-testResults
<repo>/qa/evidence/playmode-crystal-retry.xml
-logFile
<repo>/qa/evidence/playmode-crystal-retry.log
Successfully changed project path to: <repo>/game
<repo>/game
[UnityMemory] Configuration Parameters - Can be set up in boot.config
    "memorysetup-allocator-temp-initial-block-size-main=262144"
    "memorysetup-allocator-temp-initial-block-size-worker=262144"
    "memorysetup-temp-allocator-size-background-worker=32768"
    "memorysetup-temp-allocator-size-job-worker=262144"
    "memorysetup-temp-allocator-size-preload-manager=33554432"
    "memorysetup-temp-allocator-size-nav-mesh-worker=65536"
    "memorysetup-temp-allocator-size-audio-worker=65536"
    "memorysetup-temp-allocator-size-cloud-worker=32768"
    "memorysetup-bucket-allocator-granularity=16"
    "memorysetup-bucket-allocator-bucket-count=8"
    "memorysetup-bucket-allocator-block-size=33554432"
    "memorysetup-bucket-allocator-block-count=8"
    "memorysetup-main-allocator-block-size=16777216"
    "memorysetup-thread-allocator-block-size=16777216"
    "memorysetup-gfx-main-allocator-block-size=16777216"
    "memorysetup-gfx-thread-allocator-block-size=16777216"
    "memorysetup-cache-allocator-block-size=4194304"
    "memorysetup-typetree-allocator-block-size=2097152"
    "memorysetup-profiler-bucket-allocator-granularity=16"
    "memorysetup-profiler-bucket-allocator-bucket-count=8"
    "memorysetup-profiler-bucket-allocator-block-size=33554432"
    "memorysetup-profiler-bucket-allocator-block-count=8"
    "memorysetup-profiler-allocator-block-size=16777216"
    "memorysetup-profiler-editor-allocator-block-size=1048576"
    "memorysetup-temp-allocator-size-main=16777216"
    "memorysetup-job-temp-allocator-block-size=2097152"
    "memorysetup-job-temp-allocator-block-size-background=1048576"
    "memorysetup-job-temp-allocator-reduction-small-platforms=262144"
    "memorysetup-temp-allocator-size-gi-baking-worker=262144"
    "memorysetup-temp-allocator-size-gi-baking-worker=262144"
    "memorysetup-temp-allocator-size-gi-baking-worker=262144"
    "memorysetup-temp-allocator-size-gi-baking-worker=262144"
    "memorysetup-temp-allocator-size-gi-baking-worker=262144"
    "memorysetup-temp-allocator-size-gfx=262144"
Player connection [8426839680]  Target information:

Player connection [8426839680]  * "[IP] ip-redacted [Port] 55505 [Flags] 2 [Guid] 4045548615 [EditorId] 4045548615 [Version] 1048832 [Id] OSXEditor(0,redacted-host) [Debug] 1 [PackageName] OSXEditor [ProjectName] Editor" 

Player connection [8426839680]  * "[IP] ip-redacted [Port] 55505 [Flags] 2 [Guid] 4045548615 [EditorId] 4045548615 [Version] 1048832 [Id] OSXEditor(0,redacted-host) [Debug] 1 [PackageName] OSXEditor [ProjectName] Editor" 

Player connection [8426839680]  * "[IP] ip-redacted [Port] 55505 [Flags] 2 [Guid] 4045548615 [EditorId] 4045548615 [Version] 1048832 [Id] OSXEditor(0,redacted-host) [Debug] 1 [PackageName] OSXEditor [ProjectName] Editor" 

Player connection [8426839680]  * "[IP] ip-redacted [Port] 55505 [Flags] 2 [Guid] 4045548615 [EditorId] 4045548615 [Version] 1048832 [Id] OSXEditor(0,redacted-host) [Debug] 1 [PackageName] OSXEditor [ProjectName] Editor" 

Player connection [8426839680]  * "[IP] ip-redacted [Port] 55505 [Flags] 2 [Guid] 4045548615 [EditorId] 4045548615 [Version] 1048832 [Id] OSXEditor(0,redacted-host) [Debug] 1 [PackageName] OSXEditor [ProjectName] Editor" 

Player connection [8426839680] Host joined multi-casting on [225.0.0.222:54997]...
Player connection [8426839680] Host joined alternative multi-casting on [225.0.0.222:34997]...
Input System module state changed to: Initialized.
[Physics::Module] Initialized fallback backend.
[Physics::Module] Id: 0xdecafbad
[Package Manager] Connected to IPC stream "Upm-28058" after 0.1 seconds.
[Licensing::Module] Licensing is not yet initialized.
[Licensing::IpcConnector] Successfully connected to: "LicenseClient-redacted-user" at "2026-07-13T06:54:00.731845Z"
[Licensing::Client] Handshaking with LicensingClient:
  Version:                 1.18.1+9fbee8e
  Session Id:              073858b40e994779889a8a5fa01a1de5
  Correlation Id:          33e75769924ddeee5263cafbbcee58da
  External correlation Id: 6244504636226405781
  Machine Id:              BfThF0WKqAgDhnnSK9YQuaikHos=
[Licensing::Module] Successfully connected to LicensingClient on channel: "LicenseClient-redacted-user" (connect: 0.39s, validation: 0.01s, handshake: 0.19s)
[Licensing::IpcConnector] Successfully connected to: "LicenseClient-redacted-user-notifications" at "2026-07-13T06:54:00.933082Z"
[Licensing::Module] Connected to LicensingClient (PId: 28059, launch time: 0.00, total connection time: 0.59s)
[Licensing::Module] Error: Access token is unavailable; failed to update
[Licensing::Client] Successfully resolved entitlement details
[Licensing::Module] License group:
  Id: F4-4F8R-TQMZ-GN6C-Q2J8-XXXX
  Product: Unity Personal
  Type: ULF
  Expiration: Unlimited
[Licensing::Module] License group:
  Id: 15668730622722-UnityPersXXXX
  Product: Unity Personal
  Type: Assigned
  Expiration: Unlimited
[Licensing::Client] Successfully updated license, isAsync: True, time: 0.00
[Licensing::Module] Licensing Background thread has ended after 0.60s
[Licensing::Module] Licensing is initialized (took 0.38s).
[Licensing::Client] Successfully resolved entitlement details
[Licensing::Module] License group:
  Id: F4-4F8R-TQMZ-GN6C-Q2J8-XXXX
  Product: Unity Personal
  Type: ULF
  Expiration: Unlimited
[Licensing::Module] License group:
  Id: 15668730622722-UnityPersXXXX
  Product: Unity Personal
  Type: Assigned
  Expiration: Unlimited
Library Redirect Path: Library/
[Physics::Module] Selected backend.
[Physics::Module] Name: PhysX
[Physics::Module] Id: 0xf2b8ea05
[Physics::Module] SDK Version: 4.1.2
[Physics::Module] Integration Version: 1.0.0
[Physics::Module] Threading Mode: Multi-Threaded
Refreshing native plugins compatible for Editor in 0.03 ms, found 0 plugins.
Preloading 0 native plugins for Editor in 0.00 ms.
Initialize engine version: 6000.3.16f1 (a56f230f6470)
[Subsystems] Discovering subsystems at path <app-path>
[Subsystems] Discovering subsystems at path <repo>/game/Assets
GfxDevice: creating device client; kGfxThreadingModeNonThreaded
 preferred device: Apple M4 Max (high power)
Metal devices available: 1
0: Apple M4 Max (high power)
Using device Apple M4 Max (high power)
Initializing Metal device caps: Apple M4 Max
Mac GPU Family: 2
Apple GPU Family: 9
MSL Version: 3.0
Has Float MSAA: 1
Has Float Filtering: 1
ReadWrite Texture Tier: 2
Initialize mono
Mono path[0] = '<app-path>'
Mono path[1] = '<app-path>'
Mono config path = '<app-path>'
Using monoOptions --debugger-agent=transport=dt_socket,embedding=1,server=y,suspend=n,address=ip-redacted:56058
Using cacheserver namespaces - metadata:defaultmetadata, artifacts:defaultartifacts
Using cacheserver namespaces - metadata:defaultmetadata, artifacts:defaultartifacts
ImportWorker Server TCP listen port: 0
AcceleratorClientConnectionCallback - disconnected - :0
Begin MonoManager ReloadAssembly
Registering precompiled unity dll's ...
Register platform support module: <app-path>
[Licensing::Client] Successfully resolved entitlement details
[Licensing::Module] License group:
  Id: F4-4F8R-TQMZ-GN6C-Q2J8-XXXX
  Product: Unity Personal
  Type: ULF
  Expiration: Unlimited
[Licensing::Module] License group:
  Id: 15668730622722-UnityPersXXXX
  Product: Unity Personal
  Type: Assigned
  Expiration: Unlimited
Register platform support module: <app-path>
[Licensing::Client] Successfully resolved entitlement details
[Licensing::Module] License group:
  Id: F4-4F8R-TQMZ-GN6C-Q2J8-XXXX
  Product: Unity Personal
  Type: ULF
  Expiration: Unlimited
[Licensing::Module] License group:
  Id: 15668730622722-UnityPersXXXX
  Product: Unity Personal
  Type: Assigned
  Expiration: Unlimited
Register platform support module: <app-path>
Registered in 0.005928 seconds.
- Loaded All Assemblies, in  0.230 seconds
[usbmuxd] Start listen thread
[usbmuxd] Listen thread started
[usbmuxd] Send listen message
Native extension for iOS target not found
Native extension for Android target not found
Native extension for OSXStandalone target not found
Package Manager log level set to [2]
ScheduleIndexationOnStartup MainProcess:False IndexOnStartup:False
Mono: successfully reloaded assembly
- Finished resetting the current domain, in  0.220 seconds
Domain Reload Profiling: 450ms
	BeginReloadAssembly (83ms)
		ExecutionOrderSort (0ms)
		DisableScriptedObjects (0ms)
		BackupInstance (0ms)
		ReleaseScriptingObjects (0ms)
		CreateAndSetChildDomain (3ms)
	RebuildCommonClasses (18ms)
	RebuildNativeTypeToScriptingClass (7ms)
	initialDomainReloadingComplete (26ms)
	LoadAllAssembliesAndSetupDomain (97ms)
		LoadAssemblies (80ms)
		RebuildTransferFunctionScriptingTraits (0ms)
		AnalyzeDomain (94ms)
			TypeCache.Refresh (93ms)
				TypeCache.ScanAssembly (86ms)
			BuildScriptInfoCaches (0ms)
			ResolveRequiredComponents (0ms)
	FinalizeReload (220ms)
		ReleaseScriptCaches (0ms)
		RebuildScriptCaches (0ms)
		SetupLoadedEditorAssemblies (199ms)
			LogAssemblyErrors (0ms)
			InitializePlatformSupportModulesInManaged (48ms)
			SetLoadedEditorAssemblies (2ms)
			BeforeProcessingInitializeOnLoad (41ms)
			ProcessInitializeOnLoadAttributes (60ms)
			ProcessInitializeOnLoadMethodAttributes (47ms)
			AfterProcessingInitializeOnLoad (0ms)
			EditorAssembliesLoaded (0ms)
		ExecutionOrderSort2 (0ms)
		AwakeInstancesAfterBackupRestoration (0ms)
[Licensing::Client] Successfully resolved entitlement details
[Licensing::Module] License group:
  Id: F4-4F8R-TQMZ-GN6C-Q2J8-XXXX
  Product: Unity Personal
  Type: ULF
  Expiration: Unlimited
[Licensing::Module] License group:
  Id: 15668730622722-UnityPersXXXX
  Product: Unity Personal
  Type: Assigned
  Expiration: Unlimited
Application.AssetDatabase Initial Refresh Start
[Package Manager] Restoring resolved packages state from cache
[Licensing::Client] Successfully resolved entitlement details
[Package Manager] Registered 58 packages:
  Packages from [https://packages.unity.com]:
    com.unity.cloud.gltfast@6.9.0 (location: <repo>/game/Library/PackageCache/com.unity.cloud.gltfast@1bfd82b6f675)
    com.unity.ai.navigation@2.0.12 (location: <repo>/game/Library/PackageCache/com.unity.ai.navigation@734c2c4c5591)
    com.unity.collab-proxy@2.12.4 (location: <repo>/game/Library/PackageCache/com.unity.collab-proxy@0b1559bcd34e)
    com.unity.ide.rider@3.0.40 (location: <repo>/game/Library/PackageCache/com.unity.ide.rider@e4950c6d131b)
    com.unity.ide.visualstudio@2.0.26 (location: <repo>/game/Library/PackageCache/com.unity.ide.visualstudio@a99d56dec63f)
    com.unity.inputsystem@1.19.0 (location: <repo>/game/Library/PackageCache/com.unity.inputsystem@21a28c3a6c83)
    com.unity.timeline@1.8.12 (location: <repo>/game/Library/PackageCache/com.unity.timeline@8cd8509afae5)
    com.unity.visualscripting@1.9.11 (location: <repo>/game/Library/PackageCache/com.unity.visualscripting@8bed5ad90189)
    com.unity.burst@1.8.29 (location: <repo>/game/Library/PackageCache/com.unity.burst@6bb9aca3ef38)
    com.unity.collections@2.6.6 (location: <repo>/game/Library/PackageCache/com.unity.collections@9796e5ee0d9e)
    com.unity.mathematics@1.3.3 (location: <repo>/game/Library/PackageCache/com.unity.mathematics@19a9377c4ffa)
    com.unity.searcher@4.9.4 (location: <repo>/game/Library/PackageCache/com.unity.searcher@d45a78918735)
    com.unity.nuget.mono-cecil@1.11.6 (location: <repo>/game/Library/PackageCache/com.unity.nuget.mono-cecil@ecb9724e46ff)
    com.unity.test-framework.performance@3.4.0 (location: <repo>/game/Library/PackageCache/com.unity.test-framework.performance@aa81a99c4a75)
  Built-in packages:
    com.unity.multiplayer.center@1.0.1 (location: <repo>/game/Library/PackageCache/com.unity.multiplayer.center@f01f4ba8d00a)
    com.unity.render-pipelines.universal@17.3.0 (location: <repo>/game/Library/PackageCache/com.unity.render-pipelines.universal@97f77d4dda9a)
    com.unity.test-framework@1.6.0 (location: <repo>/game/Library/PackageCache/com.unity.test-framework@aebcb98460c6)
    com.unity.ugui@2.0.0 (location: <repo>/game/Library/PackageCache/com.unity.ugui@23e8d17bfaf9)
    com.unity.modules.accessibility@1.0.0 (location: <repo>/game/Library/PackageCache/com.unity.modules.accessibility)
    com.unity.modules.adaptiveperformance@1.0.0 (location: <repo>/game/Library/PackageCache/com.unity.modules.adaptiveperformance)
    com.unity.modules.ai@1.0.0 (location: <repo>/game/Library/PackageCache/com.unity.modules.ai)
    com.unity.modules.androidjni@1.0.0 (location: <repo>/game/Library/PackageCache/com.unity.modules.androidjni)
    com.unity.modules.animation@1.0.0 (location: <repo>/game/Library/PackageCache/com.unity.modules.animation)
    com.unity.modules.assetbundle@1.0.0 (location: <repo>/game/Library/PackageCache/com.unity.modules.assetbundle)
    com.unity.modules.audio@1.0.0 (location: <repo>/game/Library/PackageCache/com.unity.modules.audio)
    com.unity.modules.cloth@1.0.0 (location: <repo>/game/Library/PackageCache/com.unity.modules.cloth)
    com.unity.modules.director@1.0.0 (location: <repo>/game/Library/PackageCache/com.unity.modules.director)
    com.unity.modules.imageconversion@1.0.0 (location: <repo>/game/Library/PackageCache/com.unity.modules.imageconversion)
    com.unity.modules.imgui@1.0.0 (location: <repo>/game/Library/PackageCache/com.unity.modules.imgui)
    com.unity.modules.jsonserialize@1.0.0 (location: <repo>/game/Library/PackageCache/com.unity.modules.jsonserialize)
    com.unity.modules.particlesystem@1.0.0 (location: <repo>/game/Library/PackageCache/com.unity.modules.particlesystem)
    com.unity.modules.physics@1.0.0 (location: <repo>/game/Library/PackageCache/com.unity.modules.physics)
    com.unity.modules.physics2d@1.0.0 (location: <repo>/game/Library/PackageCache/com.unity.modules.physics2d)
    com.unity.modules.screencapture@1.0.0 (location: <repo>/game/Library/PackageCache/com.unity.modules.screencapture)
    com.unity.modules.terrain@1.0.0 (location: <repo>/game/Library/PackageCache/com.unity.modules.terrain)
    com.unity.modules.terrainphysics@1.0.0 (location: <repo>/game/Library/PackageCache/com.unity.modules.terrainphysics)
    com.unity.modules.tilemap@1.0.0 (location: <repo>/game/Library/PackageCache/com.unity.modules.tilemap)
    com.unity.modules.ui@1.0.0 (location: <repo>/game/Library/PackageCache/com.unity.modules.ui)
    com.unity.modules.uielements@1.0.0 (location: <repo>/game/Library/PackageCache/com.unity.modules.uielements)
    com.unity.modules.umbra@1.0.0 (location: <repo>/game/Library/PackageCache/com.unity.modules.umbra)
    com.unity.modules.unityanalytics@1.0.0 (location: <repo>/game/Library/PackageCache/com.unity.modules.unityanalytics)
    com.unity.modules.unitywebrequest@1.0.0 (location: <repo>/game/Library/PackageCache/com.unity.modules.unitywebrequest)
    com.unity.modules.unitywebrequestassetbundle@1.0.0 (location: <repo>/game/Library/PackageCache/com.unity.modules.unitywebrequestassetbundle)
    com.unity.modules.unitywebrequestaudio@1.0.0 (location: <repo>/game/Library/PackageCache/com.unity.modules.unitywebrequestaudio)
    com.unity.modules.unitywebrequesttexture@1.0.0 (location: <repo>/game/Library/PackageCache/com.unity.modules.unitywebrequesttexture)
    com.unity.modules.unitywebrequestwww@1.0.0 (location: <repo>/game/Library/PackageCache/com.unity.modules.unitywebrequestwww)
    com.unity.modules.vectorgraphics@1.0.0 (location: <repo>/game/Library/PackageCache/com.unity.modules.vectorgraphics)
    com.unity.modules.vehicles@1.0.0 (location: <repo>/game/Library/PackageCache/com.unity.modules.vehicles)
    com.unity.modules.video@1.0.0 (location: <repo>/game/Library/PackageCache/com.unity.modules.video)
    com.unity.modules.vr@1.0.0 (location: <repo>/game/Library/PackageCache/com.unity.modules.vr)
    com.unity.modules.wind@1.0.0 (location: <repo>/game/Library/PackageCache/com.unity.modules.wind)
    com.unity.modules.xr@1.0.0 (location: <repo>/game/Library/PackageCache/com.unity.modules.xr)
    com.unity.modules.subsystems@1.0.0 (location: <repo>/game/Library/PackageCache/com.unity.modules.subsystems)
    com.unity.modules.hierarchycore@1.0.0 (location: <repo>/game/Library/PackageCache/com.unity.modules.hierarchycore)
    com.unity.ext.nunit@2.0.5 (location: <repo>/game/Library/PackageCache/com.unity.ext.nunit@d8c07649098d)
    com.unity.render-pipelines.core@17.3.0 (location: <repo>/game/Library/PackageCache/com.unity.render-pipelines.core@648b47f96bf1)
    com.unity.shadergraph@17.3.0 (location: <repo>/game/Library/PackageCache/com.unity.shadergraph@138213decc3c)
    com.unity.render-pipelines.universal-config@17.0.3 (location: <repo>/game/Library/PackageCache/com.unity.render-pipelines.universal-config@8dc1aab4af1d)
[Subsystems] No new subsystems found in resolved package list.
[Package Manager] Done registering packages in 0.00 seconds
[40m[32minfo[39m[22m[49m: Microsoft.Hosting.Lifetime[14]
      Now listening on: http://unix:<tmp-path>
[40m[32minfo[39m[22m[49m: Microsoft.Hosting.Lifetime[0]
      Application started. Press Ctrl+C to shut down.
[40m[32minfo[39m[22m[49m: Microsoft.Hosting.Lifetime[0]
      Hosting environment: Production
[40m[32minfo[39m[22m[49m: Microsoft.Hosting.Lifetime[0]
      Content root path: <repo>/game/
[40m[32minfo[39m[22m[49m: Microsoft.AspNetCore.Hosting.Diagnostics[1]
      Request starting HTTP/2 POST http://ilpp/UnityILPP.PostProcessing/Ping application/grpc -
[40m[32minfo[39m[22m[49m: Microsoft.AspNetCore.Routing.EndpointMiddleware[0]
      Executing endpoint 'gRPC - /UnityILPP.PostProcessing/Ping'
[40m[32minfo[39m[22m[49m: Microsoft.AspNetCore.Routing.EndpointMiddleware[1]
      Executed endpoint 'gRPC - /UnityILPP.PostProcessing/Ping'
[40m[32minfo[39m[22m[49m: Microsoft.AspNetCore.Hosting.Diagnostics[2]
      Request finished HTTP/2 POST http://ilpp/UnityILPP.PostProcessing/Ping application/grpc - - 200 - application/grpc 19.5326ms
Starting: <app-path> --ipc --defer-dag-verification --dagfile="Library/Bee/200b0aEDbg.dag" --continue-on-failure --profile="Library/Bee/backend1.traceevents" ScriptAssemblies
WorkingDir: <repo>/game
DisplayProgressbar: Compiling Scripts
[40m[32minfo[39m[22m[49m: Microsoft.AspNetCore.Hosting.Diagnostics[1]
      Request starting HTTP/2 POST http://ilpp/UnityILPP.PostProcessing/ConfigurePostProcessors application/grpc -
[40m[32minfo[39m[22m[49m: Microsoft.AspNetCore.Routing.EndpointMiddleware[0]
      Executing endpoint 'gRPC - /UnityILPP.PostProcessing/ConfigurePostProcessors'
[40m[1m[33mwarn[39m[22m[49m: Unity.ILPP.Runner.PostProcessingAssemblyLoadContext[0]
      Assembly unityeditor.ios.extensions.xcode has duplicate hint path. Ignoring "<app-path>" in favor of "<app-path>"
[40m[1m[33mwarn[39m[22m[49m: Unity.ILPP.Runner.PostProcessingAssemblyLoadContext[0]
      Assembly system.runtime.interopservices.windowsruntime has duplicate hint path. Ignoring "<app-path>" in favor of "<app-path>"
[40m[1m[33mwarn[39m[22m[49m: Unity.ILPP.Runner.PostProcessingAssemblyLoadContext[0]
      Assembly system.componentmodel.composition has duplicate hint path. Ignoring "<app-path>" in favor of "<app-path>"
[40m[32minfo[39m[22m[49m: Unity.ILPP.Runner.PostProcessingAssemblyLoadContext[0]
      Resolved Unity.Burst.Cecil, Version=ip-redacted, Culture=neutral, PublicKeyToken=50cebf1cceb9d05e with Library/PackageCache/com.unity.burst@6bb9aca3ef38/Unity.Burst.CodeGen/Unity.Burst.Cecil.dll
[40m[32minfo[39m[22m[49m: Unity.ILPP.Runner.PostProcessingAssemblyLoadContext[0]
      Resolved Mono.Cecil, Version=ip-redacted, Culture=neutral, PublicKeyToken=50cebf1cceb9d05e with Library/PackageCache/com.unity.nuget.mono-cecil@ecb9724e46ff/Mono.Cecil.dll
[40m[32minfo[39m[22m[49m: Microsoft.AspNetCore.Routing.EndpointMiddleware[1]
      Executed endpoint 'gRPC - /UnityILPP.PostProcessing/ConfigurePostProcessors'
[40m[32minfo[39m[22m[49m: Microsoft.AspNetCore.Hosting.Diagnostics[2]
      Request finished HTTP/2 POST http://ilpp/UnityILPP.PostProcessing/ConfigurePostProcessors application/grpc - - 200 - application/grpc 12.8267ms
ExitCode: 0 Duration: 0s304ms
[662/870    0s] ILPP-Configuration Library/ilpp-configuration.nevergeneratedoutput
*** Tundra build success (0.29 seconds), 1 items updated, 870 evaluated
AssetDatabase: script compilation time: 0.731332s
Begin MonoManager ReloadAssembly
- Loaded All Assemblies, in  0.520 seconds
Refreshing native plugins compatible for Editor in 0.52 ms, found 2 plugins.
Native extension for iOS target not found
Native extension for Android target not found
Native extension for OSXStandalone target not found
Refreshing native plugins compatible for Editor in 0.46 ms, found 2 plugins.
ScheduleIndexationOnStartup MainProcess:True IndexOnStartup:False
Mono: successfully reloaded assembly
- Finished resetting the current domain, in  2.153 seconds
Domain Reload Profiling: 2673ms
	BeginReloadAssembly (186ms)
		ExecutionOrderSort (0ms)
		DisableScriptedObjects (9ms)
		BackupInstance (0ms)
		ReleaseScriptingObjects (0ms)
		CreateAndSetChildDomain (134ms)
	RebuildCommonClasses (18ms)
	RebuildNativeTypeToScriptingClass (7ms)
	initialDomainReloadingComplete (12ms)
	LoadAllAssembliesAndSetupDomain (297ms)
		LoadAssemblies (190ms)
		RebuildTransferFunctionScriptingTraits (0ms)
		AnalyzeDomain (136ms)
			TypeCache.Refresh (94ms)
				TypeCache.ScanAssembly (86ms)
			BuildScriptInfoCaches (34ms)
			ResolveRequiredComponents (5ms)
	FinalizeReload (2153ms)
		ReleaseScriptCaches (0ms)
		RebuildScriptCaches (0ms)
		SetupLoadedEditorAssemblies (2003ms)
			LogAssemblyErrors (0ms)
			InitializePlatformSupportModulesInManaged (18ms)
			SetLoadedEditorAssemblies (3ms)
			BeforeProcessingInitializeOnLoad (100ms)
			ProcessInitializeOnLoadAttributes (1839ms)
			ProcessInitializeOnLoadMethodAttributes (43ms)
			AfterProcessingInitializeOnLoad (1ms)
			EditorAssembliesLoaded (0ms)
		ExecutionOrderSort2 (0ms)
		AwakeInstancesAfterBackupRestoration (7ms)
Asset Pipeline Refresh (id=4dbf9f06bcf3044af975aae962e1d669): Total: 4.207 seconds - Initiated by InitialRefreshV2(ForceSynchronousImport)
	Summary:
		Imports: total=0 (actual=0, local cache=0, cache server=0)
		Asset DB Process Time: managed=0 ms, native=2841 ms
		Asset DB Callback time: managed=60 ms, native=5 ms
		Scripting: domain reloads=1, domain reload time=520 ms, compile time=732 ms, other=46 ms
		Project Asset Count: scripts=1343, non-scripts=2421
		Asset File Changes: new=0, changed=0, moved=0, deleted=0
		Scan Filter Count: 1
	InvokeCustomDependenciesCallbacks: 0.001ms
	InvokePackagesCallback: 6.000ms
	ApplyChangesToAssetFolders: 0.291ms
	Scan: 447.948ms
	OnSourceAssetsModified: 0.001ms
	CategorizeAssetsWithTransientArtifact: 35.279ms
	ProcessAssetsWithTransientArtifactChanges: 30.104ms
	CategorizeAssets: 76.470ms
	ImportOutOfDateAssets: 2158.026ms (1424.646ms without children)
		CompileScripts: 732.314ms
		ReloadNativeAssets: 0.018ms
		UnloadImportedAssets: 0.452ms
		EnsureUptoDateAssetsAreRegisteredWithGuidPM: 0.332ms
		PostProcessAllAssetNotificationsAddChangedAssets: 0.000ms
		OnDemandSchedulerStart: 0.264ms
	PostProcessAllAssets: 60.274ms
	GatherAllCurrentPrimaryArtifactRevisions: 0.000ms
	UnloadStreamsBegin: 0.960ms
	PersistCurrentRevisions: 0.085ms
	UnloadStreamsEnd: 0.000ms
	GenerateScriptTypeHashes: 45.121ms
	Untracked: 1391.593ms

Application.AssetDatabase Initial Refresh End
Launching external process: <app-path>
Launched and connected shader compiler UnityShaderCompiler after 0.04 seconds
Scanning for USB devices : 3.309ms
Initializing Unity extensions:
Script 'Library/PackageCache/com.unity.test-framework@aebcb98460c6/Tests/TestNewCustomAssembly/TestNewCustomAssembly.asmdef' will not be compiled because it exists outside the Assets folder and does not to belong to any assembly definition file.
Script 'Library/PackageCache/com.unity.ai.navigation@734c2c4c5591/ValidationExceptions.json' will not be compiled because it exists outside the Assets folder and does not to belong to any assembly definition file.
Script 'Library/PackageCache/com.unity.mathematics@19a9377c4ffa/Tests/Unity.Mathematics.Tests.asmdef' will not be compiled because it exists outside the Assets folder and does not to belong to any assembly definition file.
Script 'Library/PackageCache/com.unity.collections@9796e5ee0d9e/Unity.Collections.Tests/System.Runtime.CompilerServices.Unsafe/System.Runtime.CompilerServices.Unsafe.xml' will not be compiled because it exists outside the Assets folder and does not to belong to any assembly definition file.
Script 'Library/PackageCache/com.unity.collections@9796e5ee0d9e/DocCodeSamples.Tests/DocCodeSamples.Tests.asmdef' will not be compiled because it exists outside the Assets folder and does not to belong to any assembly definition file.
Script 'Library/PackageCache/com.unity.collections@9796e5ee0d9e/Unity.Collections.PerformanceTests/Unity.Collections.PerformanceTests.asmdef' will not be compiled because it exists outside the Assets folder and does not to belong to any assembly definition file.
Script 'Library/PackageCache/com.unity.timeline@8cd8509afae5/DocCodeExamples/DocCodeExamples.asmdef' will not be compiled because it exists outside the Assets folder and does not to belong to any assembly definition file.
Script 'Library/PackageCache/com.unity.multiplayer.center@f01f4ba8d00a/Tests/Runtime/Unity.Multiplayer.Center.Tests.asmdef' will not be compiled because it exists outside the Assets folder and does not to belong to any assembly definition file.
Script 'Library/PackageCache/com.unity.render-pipelines.core@648b47f96bf1/Tests/Runtime/Threading/FunctionTestsGroup.compute' will not be compiled because it exists outside the Assets folder and does not to belong to any assembly definition file.
Script 'Library/PackageCache/com.unity.ugui@23e8d17bfaf9/Tests/Runtime/UGUI/UnityEngine.UI.Tests.asmdef' will not be compiled because it exists outside the Assets folder and does not to belong to any assembly definition file.
Script 'Library/PackageCache/com.unity.collections@9796e5ee0d9e/Unity.Collections.Tests.Playmode/FixedListPlayModeTests.tt' will not be compiled because it exists outside the Assets folder and does not to belong to any assembly definition file.
Script 'Library/PackageCache/com.unity.ugui@23e8d17bfaf9/Tests/Runtime/TMP/Unity.TextMeshPro.Tests.asmdef' will not be compiled because it exists outside the Assets folder and does not to belong to any assembly definition file.
Script 'Library/PackageCache/com.unity.render-pipelines.universal@97f77d4dda9a/Tests/Runtime/Unity.RenderPipelines.Universal.Runtime.Tests.asmdef' will not be compiled because it exists outside the Assets folder and does not to belong to any assembly definition file.
Script 'Library/PackageCache/com.unity.collections@9796e5ee0d9e/Unity.Collections.BurstCompatibilityGen/Unity.Collections.BurstCompatibilityGen.asmdef' will not be compiled because it exists outside the Assets folder and does not to belong to any assembly definition file.
[MODES] ModeService[none].Initialize
[MODES] ModeService[none].LoadModes
[MODES] Loading mode Default (0) for mode-current-id-game
2026-07-13 15:54:07.110 Unity[28058:118455741] NSEventModifierFlagFunction specified to -setKeyEquivalentModifierMask: for item <NSMenuItem: 0x9b54fc820 SDF, ke='Command-F12'>, but is only supported for system-provided menu items; will not be used
Unloading 20 Unused Serialized files (Serialized files now loaded: 0)
Unloading 6780 unused Assets / (4.0 MB). Loaded Objects now: 7630.
Memory consumption went from 242.2 MB to 238.2 MB.
Total: 5.983292 ms (FindLiveObjects: 0.270834 ms CreateObjectMapping: 0.108709 ms MarkObjects: 4.483166 ms  DeleteObjects: 1.120250 ms)

[Project] Loading completed in 6.826 seconds
	Project init time: 				6.373 seconds
		Template init time: 		0.000 seconds
		Package Manager init time: 		0.475 seconds
		Asset Database init time: 		0.131 seconds
		Global illumination init time: 	0.001 seconds
		Assemblies load time: 			0.458 seconds
		Unity extensions init time: 	0.020 seconds
		Asset Database refresh time: 	4.207 seconds
	Scene opening time: 			0.372 seconds
##utp:{"type":"ProjectInfo","version":2,"phase":"Immediate","time":1783925647163,"processId":28058,"projectLoad":6.826239291,"projectInit":6.372749042,"templateInit":0.0,"packageManagerInit":0.474929709,"assetDatabaseInit":0.130723625,"globalIlluminationInit":0.000597708,"assembliesLoad":0.458219916,"unityExtensionsInit":0.019871,"assetDatabaseRefresh":4.207081458,"sceneOpening":0.372178792}
##utp:{"type":"EditorInfo","version":2,"phase":"Immediate","time":1783925647163,"processId":28058,"editorVersion":"6000.3.16f1 (a56f230f6470)","branch":"6000.3/staging","buildType":"Release","platform":"OSX"}
Subscribe to USB device events
Scanning for USB devices : 0.174ms
[Licensing::Client] Successfully resolved entitlement details
Running tests for ExecutionSettings with details:
targetPlatform = 
playerHeartbeatTimeout = 600
filters[0] = 
   Filter with settings:
   testMode = PlayMode
   targetPlatform = 
   testNames = null
   groupNames = ForgeGame.Tests.PlayMode.CrystalSceneTests
   categoryNames = null
   assemblyNames = null
ignoreTests = {}
featureFlags = null

UnityEngine.Debug:ExtractStackTraceNoAlloc (byte*,int,string)
UnityEngine.StackTraceUtility:ExtractStackTrace () (at <path-redacted>)
UnityEngine.DebugLogHandler:Internal_Log (UnityEngine.LogType,UnityEngine.LogOption,string,UnityEngine.Object)
UnityEngine.DebugLogHandler:LogFormat (UnityEngine.LogType,UnityEngine.Object,string,object[])
UnityEngine.Logger:Log (UnityEngine.LogType,object)
UnityEngine.Debug:Log (object)
UnityEditor.TestTools.TestRunner.CommandLineTest.Executer:InitializeAndExecuteRun (string[]) (at ./Library/PackageCache/com.unity.test-framework@aebcb98460c6/UnityEditor.TestRunner/CommandLineTest/Executer.cs:53)
UnityEditor.TestTools.TestRunner.CommandLineTest.TestStarter:InitializeAndExecuteRun () (at ./Library/PackageCache/com.unity.test-framework@aebcb98460c6/UnityEditor.TestRunner/CommandLineTest/TestStarter.cs:64)
UnityEditor.EditorApplication:Internal_CallUpdateFunctions () (at <path-redacted>)

(Filename: ./Library/PackageCache/com.unity.test-framework@aebcb98460c6/UnityEditor.TestRunner/CommandLineTest/Executer.cs Line: 53)

DisplayProgressbar: Material Upgrader re-import
Start importing Packages/com.unity.render-pipelines.universal/Runtime/Materials/Decal.mat using Guid(31d0dcc6f2dd4e4408d18036a2c93862) (NativeFormatImporter) -> (artifact id: '8f3d32c29394a79b41f28a25b53defe8') in 0.003544459 seconds
Start importing Packages/com.unity.render-pipelines.universal/Runtime/Materials/Lit.mat using Guid(31321ba15b8f8eb4c954353edc038b1d) (NativeFormatImporter) -> (artifact id: '960643f9fe6857c5d72b0d2fd2085c0e') in 0.00074925 seconds
Start importing Packages/com.unity.render-pipelines.universal/Runtime/Materials/Mesh2D-Unlit-Default.mat using Guid(71942363c5608a64bb62421349d39c9c) (NativeFormatImporter) -> (artifact id: 'ef7311a66811940111367c78fa0cdd5d') in 0.00084475 seconds
Start importing Packages/com.unity.render-pipelines.universal/Editor/SceneTemplates/Materials/Emissive.mat using Guid(92f845725428c954b878da352f657fe5) (NativeFormatImporter) -> (artifact id: 'b1f26f5eeb8ffbff6a8f6611506c4115') in 0.000698209 seconds
Start importing Packages/com.unity.render-pipelines.universal/Editor/SceneTemplates/Materials/Gold.mat using Guid(c2e40fa84d53ccd428f640eac126b1fb) (NativeFormatImporter) -> (artifact id: '9f9661d44e363023702c87ca4956e3f6') in 0.000634375 seconds
Start importing Packages/com.unity.render-pipelines.universal/Editor/SceneTemplates/Materials/Metal_Black.mat using Guid(b34b07a45ba63ce47896c9e674f3a7a7) (NativeFormatImporter) -> (artifact id: '2e543c70b0a48798291a154a0176c0e2') in 0.000652458 seconds
Start importing Packages/com.unity.render-pipelines.universal/Runtime/Materials/Mesh2D-Lit-Default.mat using Guid(9452ae1262a74094f8a68013fbcd1834) (NativeFormatImporter) -> (artifact id: 'a9f6a1c64081483a70fbc1be53f18baa') in 0.000455209 seconds
Start importing Packages/com.unity.render-pipelines.universal/Runtime/Materials/SpriteMask-Default.mat using Guid(15d0c3709176029428a0da2f8cecf0b5) (NativeFormatImporter) -> (artifact id: '9b9123c1145efbdb38e316f85cad951e') in 0.000408208 seconds
Start importing Packages/com.unity.render-pipelines.universal/Runtime/Materials/SpatialMappingOcclusion.mat using Guid(b51db210fe78df745a372851b3db949e) (NativeFormatImporter) -> (artifact id: 'e725b235a682e6bf286c10ab07552b74') in 0.000519958 seconds
Start importing Assets/Generated/Materials/HitVfxMaterial.mat using Guid(b5ce69f77464446e09b9e2206f13bcd5) (NativeFormatImporter) -> (artifact id: '1a9826c1a6f7c30434ab7dc40947014a') in 0.000692417 seconds
Start importing Packages/com.unity.render-pipelines.universal/Editor/SceneTemplates/Materials/Ground.mat using Guid(761d8e1f988ed2345a28312145c79c6e) (NativeFormatImporter) -> (artifact id: '27ce923cbd5bcc4047b0e855e6fb0af9') in 0.000564 seconds
Start importing Packages/com.unity.render-pipelines.universal/Runtime/Materials/RenderAs2D-Flattening.mat using Guid(b697f6a938056384e968ccf6527dac83) (NativeFormatImporter) -> (artifact id: '5ecfe90ca8080262222ed764ee85060b') in 0.000516667 seconds
Start importing Packages/com.unity.render-pipelines.universal/Runtime/Materials/FullscreenInvertColors.mat using Guid(78a08787ca30045abb69f6f7dd878e09) (NativeFormatImporter) -> (artifact id: 'ee24d1240c4d3093a35a8ce9cd6a6123') in 0.001106083 seconds
Start importing Packages/com.unity.render-pipelines.universal/Runtime/Materials/SpatialMappingWireframe.mat using Guid(9875a245ac49007498213638a307faa1) (NativeFormatImporter)WARNING: Shader Unsupported: 'Universal Render Pipeline/VR/SpatialMapping/Wireframe' - All subshaders removed
WARNING: Shader Did you use #pragma only_renderers and omit this platform?
WARNING: Shader If subshaders removal was intentional, you may have forgotten turning Fallback off?
WARNING: Shader Unsupported: 'Universal Render Pipeline/VR/SpatialMapping/Wireframe' - All subshaders removed
WARNING: Shader Did you use #pragma only_renderers and omit this platform?
WARNING: Shader If subshaders removal was intentional, you may have forgotten turning Fallback off?
 -> (artifact id: '40a3a03ad30c23572795ee7951b74454') in 0.000859792 seconds
Start importing Packages/com.unity.render-pipelines.universal/Runtime/Materials/ParticlesUnlit.mat using Guid(e823cd5b5d27c0f4b8256e7c12ee3e6d) (NativeFormatImporter) -> (artifact id: 'aa862bff269d59d834f13819255630e6') in 0.000403875 seconds
Start importing Packages/com.unity.render-pipelines.universal/Runtime/Materials/TerrainLit.mat using Guid(594ea882c5a793440b60ff72d896021e) (NativeFormatImporter) -> (artifact id: '32c0756065a4c99773d8b19abfdb7370') in 0.000403834 seconds
Start importing Packages/com.unity.render-pipelines.universal/Runtime/Materials/Sprite-Lit-Default.mat using Guid(a97c105638bdf8b4a8650670310a4cd3) (NativeFormatImporter) -> (artifact id: '6b65b378b739cf40c13c1e455b16dff7') in 0.000420875 seconds
Start importing Packages/com.unity.render-pipelines.universal/Editor/SceneTemplates/Materials/White.mat using Guid(f96821bbefeea864b9b418af4b8615ac) (NativeFormatImporter) -> (artifact id: 'b0a10ce88eba78cadb227317064359ad') in 0.000507958 seconds
Start importing Packages/com.unity.render-pipelines.universal/Runtime/Materials/SimpleLit.mat using Guid(6a1143ee683302f4aa628c052723efc1) (NativeFormatImporter) -> (artifact id: '4e947c4ad6c49ec8c3dbccd89f2ba9c5') in 0.000494292 seconds
Start importing Packages/com.unity.render-pipelines.universal/Runtime/RendererFeatures/SurfaceCacheGI/FallbackMaterial.mat using Guid(8a239b3da89050c4e89ac06b168fc684) (NativeFormatImporter) -> (artifact id: '365f287f19db505f8da5f5a7aa1bdbca') in 0.0006235 seconds
Start importing Packages/com.unity.render-pipelines.universal/Runtime/Materials/Sprite-Unlit-Default.mat using Guid(9dfc825aed78fcd4ba02077103263b40) (NativeFormatImporter) -> (artifact id: '3535407266e63a704ebed07394e8e29d') in 0.00038225 seconds
Start importing Packages/com.unity.render-pipelines.universal/Editor/SceneTemplates/Materials/Black.mat using Guid(4f1ef37ae953c484bbc5d5e4049147e5) (NativeFormatImporter) -> (artifact id: 'c073248664ba5268b69bc9cf80293393') in 0.000499 seconds
Start importing Packages/com.unity.searcher/Editor/Resources/FlatSkin/Font/Roboto-Black.ttf using Guid(1062c701058745940ae5dca6219c64c8) (TrueTypeFontImporter) -> (artifact id: 'e0560b005e27842f0c6bc50c40d4de83') in 0.002687375 seconds
Start importing Packages/com.unity.searcher/Editor/Resources/FlatSkin/Font/Roboto-Regular.ttf using Guid(30dc370b164eefc43b95744fc796dad0) (TrueTypeFontImporter) -> (artifact id: '39c6dc645265881224d60d7b7f086074') in 0.0008675 seconds
Start importing Packages/com.unity.collab-proxy/Editor/Assets/Fonts/Cascadia.ttf using Guid(9229ae5dbc38f488d921156ff75869e9) (TrueTypeFontImporter) -> (artifact id: 'c3b9b51418dd4971a98b1ad46af8e1a8') in 0.000669167 seconds
Start importing Packages/com.unity.searcher/Editor/Resources/FlatSkin/Font/Roboto-ThinItalic.ttf using Guid(b2ea3b3f1765e544b9eb5bd1a93a91ce) (TrueTypeFontImporter) -> (artifact id: 'b93c4cecbaafa6063ba3755b2a28ddae') in 0.000794542 seconds
Start importing Packages/com.unity.render-pipelines.core/Runtime/Debugging/Prefabs/Fonts/PerfectDOSVGA437.ttf using Guid(74a5091d8707f334b9a5c31ef71a64ba) (TrueTypeFontImporter) -> (artifact id: '723385af364c8264b6e33b97e086153e') in 0.000954083 seconds
Start importing Packages/com.unity.searcher/Editor/Resources/FlatSkin/Font/Roboto-Medium.ttf using Guid(a51a3aebb43ac044989270407476b208) (TrueTypeFontImporter) -> (artifact id: '00581967ee582f47a3c439bce1d4d21b') in 0.001368458 seconds
Start importing Packages/com.unity.searcher/Editor/Resources/FlatSkin/Font/Roboto-Bold.ttf using Guid(3750c318f40cab44a97d3a81beaefeb3) (TrueTypeFontImporter) -> (artifact id: 'cc01f6411876c564006b916a0e66e007') in 0.00091325 seconds
Start importing Packages/com.unity.searcher/Editor/Resources/FlatSkin/Font/Roboto-Italic.ttf using Guid(c839255fc8f6b4b4d90bf8c1af9f9bd1) (TrueTypeFontImporter) -> (artifact id: 'ae7aaf0727dce1b92c2db8893c25485e') in 0.0009255 seconds
Start importing Packages/com.unity.searcher/Editor/Resources/FlatSkin/Font/Roboto-Thin.ttf using Guid(19a9abb883540be48b75b951a927ae03) (TrueTypeFontImporter) -> (artifact id: '8354df5f177860b31e32e7029181f410') in 0.000742416 seconds
Start importing Packages/com.unity.searcher/Editor/Resources/FlatSkin/Font/Roboto-MediumItalic.ttf using Guid(d93c1bc57fdf1ac4dad1bf04fac05464) (TrueTypeFontImporter) -> (artifact id: 'a6c15a0c4e2948c2ef893b81e7fb3048') in 0.001076208 seconds
Start importing Packages/com.unity.searcher/Editor/Resources/FlatSkin/Font/Roboto-BlackItalic.ttf using Guid(f95147a9bab9fe649b8070170fa7ebd2) (TrueTypeFontImporter) -> (artifact id: 'b1ed15e28432295c8fee8935dec1a5d5') in 0.000908958 seconds
Start importing Packages/com.unity.searcher/Editor/Resources/FlatSkin/Font/Roboto-Light.ttf using Guid(2a29e27936eb547458f646f71125b264) (TrueTypeFontImporter) -> (artifact id: '1e28493261ae5c80ea096fedb90b1a49') in 0.003873916 seconds
Start importing Packages/com.unity.searcher/Editor/Resources/FlatSkin/Font/Roboto-LightItalic.ttf using Guid(5e63515167650a541b309ba3bfd4db3d) (TrueTypeFontImporter) -> (artifact id: '328c950d9b9619e5bb758e3f27ae65b5') in 0.000965458 seconds
Start importing Packages/com.unity.searcher/Editor/Resources/FlatSkin/Font/Roboto-BoldItalic.ttf using Guid(dfb97a9307a577a41bcacba34b9a7e32) (TrueTypeFontImporter) -> (artifact id: '467bae6c489865715773820edac077c6') in 0.00086575 seconds
Start importing Packages/com.unity.shadergraph/GraphTemplates/BuiltIn/BuiltIn Lit Basic.shadergraph using Guid(2019d78ad3d1c5c4a8d309a857ca449f) (ScriptedImporter) -> (artifact id: 'a5bc78115f35bb7207831f579190c7ad') in 0.187657792 seconds
Start importing Packages/com.unity.render-pipelines.universal/Runtime/Materials/ArnoldStandardSurface/ArnoldStandardSurfaceTransparent.shadergraph using Guid(30fa68ce467463643a86b839ca0eb195) (ScriptedImporter) -> (artifact id: '64a7f9ff2c98bc59aa4c4c8a945d8423') in 0.103566167 seconds
Start importing Packages/com.unity.render-pipelines.universal/Shaders/AutodeskInteractive/AutodeskInteractiveMasked.shadergraph using Guid(80aa867ac363ac043847b06ad71604cd) (ScriptedImporter) -> (artifact id: 'd45834231b57e3324e6f77a7aa7ff129') in 0.061422792 seconds
Start importing Packages/com.unity.cloud.gltfast/Runtime/Shader/Legacy/glTF-pbrMetallicRoughness-Opaque.shadergraph using Guid(90c26dfde11bf4ff69ef936c6e6b1ed1) (ScriptedImporter) -> (artifact id: 'e204c7d812ed5b3b67bd69845b0e54bb') in 0.09485375 seconds
Start importing Packages/com.unity.cloud.gltfast/Runtime/Shader/Legacy/glTF-pbrMetallicRoughness-Blend.shadergraph using Guid(f06cd296b834444abb6dbc0acccf9414) (ScriptedImporter) -> (artifact id: 'd2a95512d3a1e32b41dacb43de3fc5c7') in 0.078483291 seconds
Start importing Packages/com.unity.cloud.gltfast/Runtime/Shader/Legacy/glTF-pbrSpecularGlossiness-Opaque.shadergraph using Guid(41356b46cd8884ec5b404223e1338fa0) (ScriptedImporter) -> (artifact id: 'a8b48f3339d54cec1f04bc9270a45754') in 0.07749125 seconds
Start importing Packages/com.unity.cloud.gltfast/Runtime/Shader/Legacy/glTF-unlit-Opaque.shadergraph using Guid(81efe6bcd8aa64c21b80376f539ee767) (ScriptedImporter) -> (artifact id: '85d74b206fe99451762a29155a346e63') in 0.052611792 seconds
Start importing Packages/com.unity.cloud.gltfast/Runtime/Shader/URP/glTF-pbrMetallicRoughness-Clearcoat.shadergraph using Guid(c18c97ae1ce021b4980c5d19a54f0d3c) (ScriptedImporter) -> (artifact id: '09fbdcc2507ddc7910a71aab331e7a5e') in 0.157727333 seconds
Start importing Packages/com.unity.cloud.gltfast/Runtime/Shader/Legacy/glTF-pbrSpecularGlossiness-Opaque-double.shadergraph using Guid(4233af6163f6143de9458c05a40a9e2a) (ScriptedImporter) -> (artifact id: 'de342de95f470e2dfbc9a90ce5c7c1a8') in 0.074949125 seconds
Start importing Packages/com.unity.cloud.gltfast/Runtime/Shader/HDRP/glTF-pbrMetallicRoughnessStackLit.shadergraph using Guid(429ab83ee9ef05b4f8a76e58ea5d5ad4) (ScriptedImporter) -> (artifact id: 'df5e6582deb7da599c6a9316ed97b936') in 0.170305625 seconds
Start importing Packages/com.unity.cloud.gltfast/Runtime/Shader/Legacy/glTF-unlit-Blend-double.shadergraph using Guid(42aa4553160a34cf08f29a15eea9eb3b) (ScriptedImporter) -> (artifact id: '193e7524baf5d00f8d2f283bead2c014') in 0.042816583 seconds
Start importing Packages/com.unity.shadergraph/GraphTemplates/Cross Pipeline/0_Lit Basic.shadergraph using Guid(a2407126e3372f64cacb75ed466a5621) (ScriptedImporter) -> (artifact id: '43bf9b02a0be17267023ce0eeb5c5b74') in 0.052203667 seconds
Start importing Packages/com.unity.cloud.gltfast/Runtime/Shader/Legacy/glTF-pbrMetallicRoughness-Premultiply-double.shadergraph using Guid(0370904c39b8a4cd4a5db6bcf181055d) (ScriptedImporter) -> (artifact id: '708a2914e904882eed6192fd01cdfbe8') in 0.069495708 seconds
Start importing Packages/com.unity.shadergraph/GraphTemplates/Cross Pipeline/Unlit Simple.shadergraph using Guid(2476a2d151e824143af40dce1fc93a12) (ScriptedImporter) -> (artifact id: '5ffd704e3f3d222de7730558c56bf4a6') in 0.038384958 seconds
Start importing Packages/com.unity.render-pipelines.universal/Shaders/2D/VFXSpriteLit.shadergraph using Guid(24a73dccd7b6fad4798be282f96a21f4) (ScriptedImporter) -> (artifact id: 'ea8132911bd7b5b07e172acdcef4762f') in 0.037715667 seconds
Start importing Packages/com.unity.render-pipelines.universal/Runtime/Materials/PhysicalMaterial3DsMax/PhysicalMaterial3DsMax.shadergraph using Guid(44245ab89240f51459a5077d7145c452) (ScriptedImporter) -> (artifact id: 'b9940361a8e3ee3d9a4a70aada4cdc9a') in 0.061127333 seconds
Start importing Packages/com.unity.render-pipelines.universal/Editor/ShaderGraph/GraphTemplates/2D/1_2D Sprite Unlit.shadergraph using Guid(25a0ebb4827f3cc47a1af2c79005f65b) (ScriptedImporter) -> (artifact id: 'd082d63bf3a6183a0a442c87ebb5b671') in 0.035826792 seconds
Start importing Packages/com.unity.shadergraph/GraphTemplates/BuiltIn/BuiltIn Unlit Basic.shadergraph using Guid(9618d41bb71f74048bb6cace8785b93d) (ScriptedImporter) -> (artifact id: 'e8dde162935bc542b1bfc86a2d2d47db') in 0.028373417 seconds
Start importing Packages/com.unity.shadergraph/GraphTemplates/Cross Pipeline/2_Particle Lit.shadergraph using Guid(a680d9a9f8b66514abbfd3ae1c8f77f7) (ScriptedImporter) -> (artifact id: '6799ed948006ee3f58c4da03bbcb6db0') in 0.051652 seconds
Start importing Packages/com.unity.render-pipelines.universal/Editor/ShaderGraph/GraphTemplates/UITKBasicTemplate.shadergraph using Guid(0738648e2f2f84b489a2f0076b69e30a) (ScriptedImporter) -> (artifact id: '96d494f264233a15b1a5401a2766982c') in 0.025259792 seconds
Start importing Packages/com.unity.shadergraph/GraphTemplates/Cross Pipeline/1_Decal Material Volume.shadergraph using Guid(1716ff8c1e51af14280cc97fbcba3b11) (ScriptedImporter) -> (artifact id: '695c611b32f8f46c35ac2fcd3718312a') in 0.058699375 seconds
Start importing Packages/com.unity.render-pipelines.universal/Runtime/Materials/ArnoldStandardSurface/ArnoldStandardSurface.shadergraph using Guid(3739e562a03fc0b4982d8aa66cc50865) (ScriptedImporter) -> (artifact id: '4fd6e8dbb5b4f049bbfa80664eab3f2f') in 0.054326875 seconds
Start importing Packages/com.unity.cloud.gltfast/Runtime/Shader/Legacy/glTF-pbrSpecularGlossiness-Blend-double.shadergraph using Guid(570c30d8611584eb4b05ed386a2c66f1) (ScriptedImporter) -> (artifact id: '38a374fffbfb4fb4980de5b916cd1fc7') in 0.082771084 seconds
Start importing Packages/com.unity.render-pipelines.universal/Shaders/2D/VFXSpriteUnlit.shadergraph using Guid(d7288f66e4fb0634c9afef98c31b722a) (ScriptedImporter) -> (artifact id: '3fbd6632d07841cada434429fcc2c2e0') in 0.037235584 seconds
Start importing Packages/com.unity.cloud.gltfast/Runtime/Shader/Legacy/glTF-unlit-Blend.shadergraph using Guid(28efc76bda49d4bae9db32ea2079d3c0) (ScriptedImporter) -> (artifact id: '0bd7fc4240a89c1bcb38bb827a2e1bca') in 0.087973917 seconds
Start importing Packages/com.unity.cloud.gltfast/Runtime/Shader/glTF-unlit.shadergraph using Guid(c87047c884d9843f5b0f4cce282aa760) (ScriptedImporter) -> (artifact id: 'e7603e6b16bdb75a9da347ee27801a18') in 0.076941584 seconds
Start importing Packages/com.unity.shadergraph/GraphTemplates/Cross Pipeline/0_Decal Simple.shadergraph using Guid(39144937a5efe954dac51acbbe54157e) (ScriptedImporter) -> (artifact id: 'c7fce18ccdddb4c6d2fdaa5a36f168bc') in 0.046798125 seconds
Start importing Packages/com.unity.cloud.gltfast/Runtime/Shader/Legacy/glTF-pbrMetallicRoughness-Premultiply.shadergraph using Guid(7954f2f1aefcf4383b97888420a84c00) (ScriptedImporter) -> (artifact id: 'e75dba94a2b5f12c62724601428f6bfe') in 0.08028975 seconds
Start importing Packages/com.unity.render-pipelines.universal/Shaders/Nature/SpeedTree8_PBRLit.shadergraph using Guid(9920c1f1781549a46ba081a2a15a16ec) (ScriptedImporter) -> (artifact id: 'b1e11ba99e6ca3c054f3d15248b7de73') in 0.144319583 seconds
Start importing Packages/com.unity.cloud.gltfast/Runtime/Shader/glTF-pbrMetallicRoughness.shadergraph using Guid(b9d29dfa1474148e792ac720cbd45122) (ScriptedImporter) -> (artifact id: '4cfef2249011aadcbefcb129805d4b23') in 0.132364666 seconds
Start importing Packages/com.unity.cloud.gltfast/Runtime/Shader/Legacy/glTF-pbrMetallicRoughness-Blend-double.shadergraph using Guid(c9ba521fe23b44d6db1017a2d9d47a17) (ScriptedImporter) -> (artifact id: 'ed373155598dc4839b637165cc5bccc8') in 0.104391958 seconds
Start importing Packages/com.unity.cloud.gltfast/Runtime/Shader/Legacy/glTF-unlit-Opaque-double.shadergraph using Guid(f94bbd13412a4419bbfac24d9a53b058) (ScriptedImporter) -> (artifact id: 'fd2e375f08d57ec953f020b8dc13faaf') in 0.043866708 seconds
Start importing Packages/com.unity.render-pipelines.universal/Runtime/Materials/PhysicalMaterial3DsMax/PhysicalMaterial3DsMaxTransparent.shadergraph using Guid(1a207e3bee00db44b940e6f362a8e148) (ScriptedImporter) -> (artifact id: '0cca6dcf4723facc1b937da54078883a') in 0.077558375 seconds
Start importing Packages/com.unity.shadergraph/GraphTemplates/Cross Pipeline/UGUI Canvas Basic.shadergraph using Guid(5a4a765e921b8554eb959f7cf697b3be) (ScriptedImporter) -> (artifact id: '325207d9362f295a28b04a3f5572cecd') in 0.032989917 seconds
Start importing Packages/com.unity.cloud.gltfast/Runtime/Shader/glTF-pbrSpecularGlossiness.shadergraph using Guid(9a07dad0f3c4e43ff8312e3b5fa42300) (ScriptedImporter) -> (artifact id: 'de86216801fa9735037a070632c99341') in 0.119168709 seconds
Start importing Packages/com.unity.cloud.gltfast/Runtime/Shader/Legacy/glTF-pbrMetallicRoughness-Opaque-double.shadergraph using Guid(ba6d401c74b2c4f96af7edf0fe32241e) (ScriptedImporter) -> (artifact id: 'e78c143be4d4ad275e62545e8bcff1dd') in 0.078891959 seconds
Start importing Packages/com.unity.render-pipelines.universal/Shaders/Decal.shadergraph using Guid(9b4e681081e2b4c469111bb649e2f7ee) (ScriptedImporter) -> (artifact id: 'b7e8124d57ff66c22b2bec096ddccc69') in 0.043243208 seconds
Start importing Packages/com.unity.render-pipelines.universal/Shaders/Nature/SpeedTree9_URP.shadergraph using Guid(cbd3e1cc4ae141c42a30e33b4d666a61) (ScriptedImporter) -> (artifact id: '174fd0f9fd1aa68e8829c0c5bbfc039a') in 0.100320666 seconds
Start importing Packages/com.unity.render-pipelines.universal/Shaders/FullscreenInvertColors.shadergraph using Guid(fb6390f650ca44a5ba3246d8dda47927) (ScriptedImporter) -> (artifact id: 'eddddb2260fe2b60caf7b07be00a7ffb') in 0.0270335 seconds
Start importing Packages/com.unity.render-pipelines.universal/Shaders/AutodeskInteractive/AutodeskInteractiveTransparent.shadergraph using Guid(5c81372d981403744adbdda4433c9c11) (ScriptedImporter) -> (artifact id: 'cece318c45b81463feef48dd0d4a4054') in 0.054251667 seconds
Start importing Packages/com.unity.render-pipelines.universal/Editor/ShaderGraph/GraphTemplates/Terrain Standard 4 Layers URP.shadergraph using Guid(bc3def193b270c649b041063a70a1a1f) (ScriptedImporter)Shader 'Hidden/Terrain/Terrain Standard 4 Layers URP': dependency 'AddPassShader' shader 'Hidden/Hidden/Terrain/Terrain Standard 4 Layers URP_AddPass' not found
Shader 'Hidden/Terrain/Terrain Standard 4 Layers URP': dependency 'BaseMapGenShader' shader 'Hidden/Hidden/Terrain/Terrain Standard 4 Layers URP_BaseMapGen' not found
Shader 'Hidden/Terrain/Terrain Standard 4 Layers URP': dependency 'AddPassShader' shader 'Hidden/Hidden/Terrain/Terrain Standard 4 Layers URP_AddPass' not found
Shader 'Hidden/Terrain/Terrain Standard 4 Layers URP': dependency 'BaseMapGenShader' shader 'Hidden/Hidden/Terrain/Terrain Standard 4 Layers URP_BaseMapGen' not found
 -> (artifact id: '306ac6a544f9e228ed3e8cb4f5ae5d67') in 0.190076917 seconds
Start importing Packages/com.unity.cloud.gltfast/Runtime/Shader/Legacy/glTF-pbrSpecularGlossiness-Blend.shadergraph using Guid(fc3d9e208a7d541c1b4e38291aec4252) (ScriptedImporter) -> (artifact id: '581f3e0c22b445a1e68d958ca7f84e2f') in 0.083448833 seconds
Start importing Packages/com.unity.shadergraph/GraphTemplates/Cross Pipeline/UGUI Canvas Meter.shadergraph using Guid(9d4e8ca8c5046914c87ca6ccef140dac) (ScriptedImporter) -> (artifact id: '880f73d1e922c1f3f5abd1263a3c0ed0') in 0.032747667 seconds
Start importing Packages/com.unity.render-pipelines.universal/Editor/ShaderGraph/GraphTemplates/2D/0_2D Sprite Lit.shadergraph using Guid(bde135b320597544b9ac325092409f8b) (ScriptedImporter) -> (artifact id: '536d838d2dd48c4962a31a0ef67d7e7a') in 0.039562583 seconds
Start importing Packages/com.unity.render-pipelines.universal/Shaders/AutodeskInteractive/AutodeskInteractive.shadergraph using Guid(0e9d5a909a1f7e84882a534d0d11e49f) (ScriptedImporter) -> (artifact id: 'c727634f6991970942e1661407073a18') in 0.057657875 seconds
Start importing Packages/com.unity.render-pipelines.universal/Editor/ShaderGraph/GraphTemplates/UITKFullTemplate.shadergraph using Guid(3e01bbae25716b24ea9da11102b44902) (ScriptedImporter) -> (artifact id: 'bff35ae1008a3e2a6e9cbbc3d0d835b7') in 0.0242395 seconds
Start importing Packages/com.unity.shadergraph/GraphTemplates/Custom Render Texture.shadergraph using Guid(7ef2cf71ad164fe479662ae612dff99e) (ScriptedImporter) -> (artifact id: '642ebfd30ccc57632aa7c63b3fb7b6ba') in 0.009624917 seconds
Start importing Packages/com.unity.shadergraph/GraphTemplates/Cross Pipeline/1_Lit Full.shadergraph using Guid(aee84ce0dab81b049bb88017d78a63cd) (ScriptedImporter) -> (artifact id: 'ba33daabc3558c2019fce514faf004a9') in 0.099732333 seconds
Start importing Packages/com.unity.shadergraph/GraphTemplates/Cross Pipeline/Terrain Simple.shadergraph using Guid(def488a52add6574d9f295a507032cb8) (ScriptedImporter)Shader 'Hidden/Terrain/Terrain Simple': dependency 'AddPassShader' shader 'Hidden/Hidden/Terrain/Terrain Simple_AddPass' not found
Shader 'Hidden/Terrain/Terrain Simple': dependency 'BaseMapGenShader' shader 'Hidden/Hidden/Terrain/Terrain Simple_BaseMapGen' not found
Shader 'Hidden/Terrain/Terrain Simple': dependency 'AddPassShader' shader 'Hidden/Hidden/Terrain/Terrain Simple_AddPass' not found
Shader 'Hidden/Terrain/Terrain Simple': dependency 'BaseMapGenShader' shader 'Hidden/Hidden/Terrain/Terrain Simple_BaseMapGen' not found
 -> (artifact id: '29a0a1fb6f5c4f7722375be340748e98') in 0.131515416 seconds
Start importing Packages/com.unity.shadergraph/GraphTemplates/Cross Pipeline/0_Particle Unlit.shadergraph using Guid(af66091e0eca0c04a9c3584ae867418a) (ScriptedImporter) -> (artifact id: 'f7f5015aa143adb90e23584e123f92c7') in 0.043167917 seconds
Start importing Packages/com.unity.render-pipelines.universal/Editor/ShaderGraph/GraphTemplates/2D/2_2D Sprite Custom Lit.shadergraph using Guid(bfad0aba0faa90547b68abd10bb6be86) (ScriptedImporter) -> (artifact id: '2d8a44adf6faf7a15ae25f3e0371fa35') in 0.048990791 seconds
Start importing Packages/com.unity.render-pipelines.universal/Editor/ShaderGraph/GraphTemplates/Fullscreen Basic URP.shadergraph using Guid(df41eefe8c13d444ca890dddbbc61f8d) (ScriptedImporter) -> (artifact id: '252e1aae5dc6247f7bbe134f3879dcb2') in 0.024884666 seconds
Start importing Assets/Generated/Models/model-hero.fbx using Guid(82ccd5a0942e9407e88cb24376111817) (FBXImporter) -> (artifact id: '6d4a92e6d493f256f60fa7c995e28f4f') in 0.092357 seconds
Start importing Packages/com.unity.render-pipelines.core/Runtime/RenderPipelineResources/Mesh/SamplesFixture.fbx using Guid(b28fa67a0ff82c5478f27368dc627683) (FBXImporter) -> (artifact id: 'c94d99449f98254de0010f713f1e4115') in 0.009049458 seconds
Start importing Assets/Generated/Anims/anim-hero-attack.fbx using Guid(d3cd0769737aa4ff299125ab4a616762) (FBXImporter)Keyframe reduction: Ratio: 29.385815%;
 -> (artifact id: 'a15e37d046d1dad4b000f2d62e4540d0') in 0.087088959 seconds
Start importing Assets/Generated/Anims/anim-hero-idle.fbx using Guid(cae86cc57bfc94276b571f62b97c8985) (FBXImporter)Keyframe reduction: Ratio: 23.183033%;
 -> (artifact id: 'c420aaf8ccc39d60fab28c718cd862eb') in 0.094907458 seconds
Start importing Assets/Generated/Anims/anim-hero-run.fbx using Guid(2cb84c19ba2ac44118e9866c823f58f9) (FBXImporter)Keyframe reduction: Ratio: 59.632355%;
 -> (artifact id: 'caeeb6ded34e48ee1bc9cd1b3ff178cf') in 0.088708875 seconds
Start importing Assets/Generated/Models/model-swarmer.fbx using Guid(fc3a1374aac0742e992af6d4434481b7) (FBXImporter) -> (artifact id: '928bb0b751afcbd60bafcb1cc8249e2f') in 0.046092917 seconds
Start importing Packages/com.unity.render-pipelines.core/Runtime/RenderPipelineResources/Mesh/SamplesFloorSpotlight.fbx using Guid(1dbf28c1bb322474d981b2dc555e28b0) (FBXImporter) -> (artifact id: 'ccceda26345b05f74368d2fd7b44e83d') in 0.010684667 seconds
Refreshing native plugins compatible for Editor in 0.58 ms, found 2 plugins.
Preloading 0 native plugins for Editor in 0.00 ms.
Asset Pipeline Refresh (id=560e514a531014b248ecb37ad4e1c508): Total: 4.605 seconds - Initiated by StopAssetImportingV2(NoUpdateAssetOptions)
	Summary:
		Imports: total=97 (actual=95, local cache=2, cache server=0)
		Asset DB Process Time: managed=14 ms, native=4372 ms
		Asset DB Callback time: managed=69 ms, native=148 ms
		Scripting: domain reloads=0, domain reload time=0 ms, compile time=0 ms, other=0 ms
		Project Asset Count: scripts=1343, non-scripts=2421
		Asset File Changes: new=0, changed=0, moved=0, deleted=0
		Scan Filter Count: 143
	InvokeCustomDependenciesCallbacks: 0.000ms
	InvokePackagesCallback: 0.000ms
	ApplyChangesToAssetFolders: 0.107ms
	Scan: 12.752ms
	OnSourceAssetsModified: 0.000ms
	CategorizeAssetsWithTransientArtifact: 0.149ms
	ProcessAssetsWithTransientArtifactChanges: 0.028ms
	CategorizeAssets: 15.280ms
	ImportOutOfDateAssets: 4354.520ms (-7.261ms without children)
		ImportManagerImport: 4353.458ms (99.707ms without children)
			ImportInProcess: 4246.902ms
			UpdateCategorizedAssets: 6.848ms
		ReloadNativeAssets: 0.015ms
		UnloadImportedAssets: 0.528ms
		ReloadImportedAssets: 7.384ms
		EnsureUptoDateAssetsAreRegisteredWithGuidPM: 0.220ms
		InitializingProgressBar: 0.002ms
		PostProcessAllAssetNotificationsAddChangedAssets: 0.000ms
		OnDemandSchedulerStart: 0.173ms
	PostProcessAllAssets: 216.439ms
	Hotreload: 2.026ms
	GatherAllCurrentPrimaryArtifactRevisions: 0.099ms
	UnloadStreamsBegin: 0.033ms
	PersistCurrentRevisions: 0.083ms
	UnloadStreamsEnd: 0.019ms
	Untracked: 3.800ms

[UnityConnectServicesConfig] config is NOT valid, switching to default
Created GICache directory at <path-redacted> Took: 0.002s, timestamps: [6.829 - 6.831]
[Licensing::Client] Successfully resolved entitlement details
[Licensing::Client] Successfully resolved entitlement details
[Licensing::Client] Successfully resolved entitlement details
Unloading 118 Unused Serialized files (Serialized files now loaded: 0)
Unloading 220 unused Assets / (27.2 MB). Loaded Objects now: 7651.
Memory consumption went from 313.1 MB to 285.9 MB.
Total: 14.122958 ms (FindLiveObjects: 0.116750 ms CreateObjectMapping: 0.062458 ms MarkObjects: 10.813750 ms  DeleteObjects: 3.129791 ms)

Start importing Assets/InitTestScenecead058e-826a-44e9-a22a-fd8fd8d30948.unity using Guid(3f7652d41ca36463db74221d69137bdc) (DefaultImporter) -> (artifact id: '26fbdaebb970a590d6e2d49384c5448e') in 0.000608333 seconds
Refreshing native plugins compatible for Editor in 0.41 ms, found 2 plugins.
Preloading 0 native plugins for Editor in 0.00 ms.
Asset Pipeline Refresh (id=345c8ff4e2a0944bc86a3064ab775ff1): Total: 0.023 seconds - Initiated by StopAssetImportingV2(NoUpdateAssetOptions)
Executing IPrebuildSetup for: Unity.PerformanceTesting.Editor.TestRunBuilder.
UnityEngine.Debug:ExtractStackTraceNoAlloc (byte*,int,string)
UnityEngine.StackTraceUtility:ExtractStackTrace () (at <path-redacted>)
UnityEngine.DebugLogHandler:Internal_Log (UnityEngine.LogType,UnityEngine.LogOption,string,UnityEngine.Object)
UnityEngine.DebugLogHandler:LogFormat (UnityEngine.LogType,UnityEngine.Object,string,object[])
UnityEngine.Logger:Log (UnityEngine.LogType,object)
UnityEngine.Debug:Log (object)
UnityEditor.TestTools.TestRunner.TestRun.Tasks.BuildActionTaskBase`1/<ExecuteMethods>d__8<UnityEngine.TestTools.IPrebuildSetup>:MoveNext () (at ./Library/PackageCache/com.unity.test-framework@aebcb98460c6/UnityEditor.TestRunner/TestRun/Tasks/BuildActionTaskBase.cs:48)
UnityEditor.TestTools.TestRunner.TestRun.Tasks.BuildActionTaskBase`1/<Execute>d__7<UnityEngine.TestTools.IPrebuildSetup>:MoveNext () (at ./Library/PackageCache/com.unity.test-framework@aebcb98460c6/UnityEditor.TestRunner/TestRun/Tasks/BuildActionTaskBase.cs:34)
UnityEditor.TestTools.TestRunner.TestRun.TestJobRunner:ExecuteStep () (at ./Library/PackageCache/com.unity.test-framework@aebcb98460c6/UnityEditor.TestRunner/TestRun/TestJobRunner.cs:173)
UnityEditor.TestTools.TestRunner.TestRun.TestJobRunner:ExecuteCallback () (at ./Library/PackageCache/com.unity.test-framework@aebcb98460c6/UnityEditor.TestRunner/TestRun/TestJobRunner.cs:108)
UnityEditor.EditorApplication:Internal_CallUpdateFunctions () (at <path-redacted>)

(Filename: ./Library/PackageCache/com.unity.test-framework@aebcb98460c6/UnityEditor.TestRunner/TestRun/Tasks/BuildActionTaskBase.cs Line: 48)

Thread 0x172297000 may have been prematurely finalized
Reloading assemblies for play mode.
Reloading assemblies after forced synchronous recompile.
Begin MonoManager ReloadAssembly
2026-07-13 15:54:12.349 Unity[28058:118455741] NSEventModifierFlagFunction specified to -setKeyEquivalentModifierMask: for item <NSMenuItem: 0x9b54fd2c0 SDF, ke='Command-F12'>, but is only supported for system-provided menu items; will not be used
2026-07-13 15:54:12.351 Unity[28058:118455741] NSEventModifierFlagFunction specified to -setKeyEquivalentModifierMask: for item <NSMenuItem: 0x9b54f2e40 SDF, ke='Command-F12'>, but is only supported for system-provided menu items; will not be used
2026-07-13 15:54:12.353 Unity[28058:118455741] NSEventModifierFlagFunction specified to -setKeyEquivalentModifierMask: for item <NSMenuItem: 0x9b54ff200 SDF, ke='Command-F12'>, but is only supported for system-provided menu items; will not be used
2026-07-13 15:54:12.355 Unity[28058:118455741] NSEventModifierFlagFunction specified to -setKeyEquivalentModifierMask: for item <NSMenuItem: 0x9b54ebac0 SDF, ke='Command-F12'>, but is only supported for system-provided menu items; will not be used
15:54:12.392 |V| RiderPlugin                    | :1                             | AppDomain.CurrentDomain.DomainUnload lifetimeDefinition.Terminate
- Loaded All Assemblies, in  0.384 seconds
Refreshing native plugins compatible for Editor in 0.44 ms, found 2 plugins.
Native extension for iOS target not found
Native extension for Android target not found
Native extension for OSXStandalone target not found
ScheduleIndexationOnStartup MainProcess:True IndexOnStartup:False
Mono: successfully reloaded assembly
- Finished resetting the current domain, in  0.569 seconds
Domain Reload Profiling: 955ms
	BeginReloadAssembly (226ms)
		ExecutionOrderSort (0ms)
		DisableScriptedObjects (11ms)
		BackupInstance (0ms)
		ReleaseScriptingObjects (0ms)
		CreateAndSetChildDomain (165ms)
	RebuildCommonClasses (18ms)
	RebuildNativeTypeToScriptingClass (7ms)
	initialDomainReloadingComplete (11ms)
	LoadAllAssembliesAndSetupDomain (123ms)
		LoadAssemblies (48ms)
		RebuildTransferFunctionScriptingTraits (0ms)
		AnalyzeDomain (100ms)
			TypeCache.Refresh (6ms)
				TypeCache.ScanAssembly (0ms)
			BuildScriptInfoCaches (85ms)
			ResolveRequiredComponents (6ms)
	FinalizeReload (569ms)
		ReleaseScriptCaches (0ms)
		RebuildScriptCaches (0ms)
		SetupLoadedEditorAssemblies (427ms)
			LogAssemblyErrors (0ms)
			InitializePlatformSupportModulesInManaged (19ms)
			SetLoadedEditorAssemblies (3ms)
			BeforeProcessingInitializeOnLoad (98ms)
			ProcessInitializeOnLoadAttributes (222ms)
			ProcessInitializeOnLoadMethodAttributes (83ms)
			AfterProcessingInitializeOnLoad (1ms)
			EditorAssembliesLoaded (0ms)
		ExecutionOrderSort2 (0ms)
		AwakeInstancesAfterBackupRestoration (14ms)
Asset Pipeline Refresh (id=476cd6969a6eb43939188fc03e86e106): Total: 1.027 seconds - Initiated by StopAssetImportingV2(ForceSynchronousImport | ForceDomainReload)
	Summary:
		Imports: total=0 (actual=0, local cache=0, cache server=0)
		Asset DB Process Time: managed=0 ms, native=625 ms
		Asset DB Callback time: managed=11 ms, native=0 ms
		Scripting: domain reloads=1, domain reload time=388 ms, compile time=0 ms, other=0 ms
		Project Asset Count: scripts=1343, non-scripts=2422
		Asset File Changes: new=0, changed=0, moved=0, deleted=0
		Scan Filter Count: 0
	InvokeCustomDependenciesCallbacks: 0.000ms
	InvokePackagesCallback: 0.568ms
	ApplyChangesToAssetFolders: 0.169ms
	Scan: 0.000ms
	OnSourceAssetsModified: 0.000ms
	CategorizeAssetsWithTransientArtifact: 0.011ms
	ProcessAssetsWithTransientArtifactChanges: 1.978ms
	CategorizeAssets: 35.380ms
	ImportOutOfDateAssets: 572.931ms (570.775ms without children)
		CompileScripts: 0.420ms
		CollectScriptTypesHashes: 0.743ms
		ReloadNativeAssets: 0.488ms
		UnloadImportedAssets: 0.018ms
		EnsureUptoDateAssetsAreRegisteredWithGuidPM: 0.311ms
		InitializingProgressBar: 0.000ms
		PostProcessAllAssetNotificationsAddChangedAssets: 0.000ms
		OnDemandSchedulerStart: 0.175ms
	PostProcessAllAssets: 11.729ms
	GatherAllCurrentPrimaryArtifactRevisions: 0.090ms
	UnloadStreamsBegin: 0.078ms
	PersistCurrentRevisions: 0.083ms
	UnloadStreamsEnd: 0.000ms
	GenerateScriptTypeHashes: 2.173ms
	Untracked: 403.802ms

Loaded scene 'Temp/__Backupscenes/0.backup'
	Deserialize:            0.449 ms
	Integration:            128.760 ms
	Integration of assets:  0.000 ms
	Thread Wait Time:       0.005 ms
	Total Operation Time:   129.215 ms
[MODES] ModeService[none].Initialize
[MODES] ModeService[none].LoadModes
[Licensing::Client] Successfully resolved entitlement details
[Licensing::Client] Successfully resolved entitlement details
[Licensing::Client] Successfully resolved entitlement details
[Licensing::Client] Successfully resolved entitlement details
Unloading 19 Unused Serialized files (Serialized files now loaded: 0)
UnloadTime: 0.103333 ms
Loaded scene 'Assets/Scenes/Game.unity'
	Deserialize:            13.269 ms
	Integration:            113.051 ms
	Integration of assets:  2.800 ms
	Thread Wait Time:       0.305 ms
	Total Operation Time:   129.425 ms
[Wiring] SessionHolder missing at Game (not loaded via Boot, or session state lost); using base PLAYER_MOVE_SPEED (Lv0)
UnityEngine.Debug:ExtractStackTraceNoAlloc (byte*,int,string)
UnityEngine.StackTraceUtility:ExtractStackTrace () (at <path-redacted>)
UnityEngine.DebugLogHandler:Internal_Log (UnityEngine.LogType,UnityEngine.LogOption,string,UnityEngine.Object)
UnityEngine.DebugLogHandler:LogFormat (UnityEngine.LogType,UnityEngine.Object,string,object[])
UnityEngine.Logger:Log (UnityEngine.LogType,object)
UnityEngine.Debug:LogWarning (object)
ForgeGame.Components.PlayerController:ResolveMoveSpeed () (at Assets/Scripts/Components/PlayerController.cs:213)
ForgeGame.Components.PlayerController:Start () (at Assets/Scripts/Components/PlayerController.cs:68)

(Filename: Assets/Scripts/Components/PlayerController.cs Line: 213)

[Wiring] SessionHolder missing at Game (not loaded via Boot, or session state lost); using base AUTO_ATTACK_DAMAGE_BASE (Lv0)
UnityEngine.Debug:ExtractStackTraceNoAlloc (byte*,int,string)
UnityEngine.StackTraceUtility:ExtractStackTrace () (at <path-redacted>)
UnityEngine.DebugLogHandler:Internal_Log (UnityEngine.LogType,UnityEngine.LogOption,string,UnityEngine.Object)
UnityEngine.DebugLogHandler:LogFormat (UnityEngine.LogType,UnityEngine.Object,string,object[])
UnityEngine.Logger:Log (UnityEngine.LogType,object)
UnityEngine.Debug:LogWarning (object)
ForgeGame.Components.AutoAttackDriver:ResolveAttackDamage () (at Assets/Scripts/Components/AutoAttackDriver.cs:194)
ForgeGame.Components.AutoAttackDriver:Start () (at Assets/Scripts/Components/AutoAttackDriver.cs:56)

(Filename: Assets/Scripts/Components/AutoAttackDriver.cs Line: 194)

[Wiring] SessionHolder missing at Game (not loaded via Boot, or session state lost); using base PLAYER_MAX_HP_BASE (Lv0)
UnityEngine.Debug:ExtractStackTraceNoAlloc (byte*,int,string)
UnityEngine.StackTraceUtility:ExtractStackTrace () (at <path-redacted>)
UnityEngine.DebugLogHandler:Internal_Log (UnityEngine.LogType,UnityEngine.LogOption,string,UnityEngine.Object)
UnityEngine.DebugLogHandler:LogFormat (UnityEngine.LogType,UnityEngine.Object,string,object[])
UnityEngine.Logger:Log (UnityEngine.LogType,object)
UnityEngine.Debug:LogWarning (object)
ForgeGame.Components.HealthComponent:ResolveEffectiveMaxHp () (at Assets/Scripts/Components/HealthComponent.cs:280)
ForgeGame.Components.HealthComponent:Start () (at Assets/Scripts/Components/HealthComponent.cs:58)

(Filename: Assets/Scripts/Components/HealthComponent.cs Line: 280)

Unloading 287 unused Assets / (63.3 KB). Loaded Objects now: 7865.
Memory consumption went from 245.0 MB to 245.0 MB.
Total: 6.174167 ms (FindLiveObjects: 0.174167 ms CreateObjectMapping: 0.063375 ms MarkObjects: 5.524208 ms  DeleteObjects: 0.412209 ms)

Unloading 5 Unused Serialized files (Serialized files now loaded: 0)
UnloadTime: 1.923125 ms
Loaded scene 'Assets/Scenes/Game.unity'
	Deserialize:            1.045 ms
	Integration:            106.817 ms
	Integration of assets:  0.074 ms
	Thread Wait Time:       0.265 ms
	Total Operation Time:   108.201 ms
[Wiring] SessionHolder missing at Game (not loaded via Boot, or session state lost); using base PLAYER_MOVE_SPEED (Lv0)
UnityEngine.Debug:ExtractStackTraceNoAlloc (byte*,int,string)
UnityEngine.StackTraceUtility:ExtractStackTrace () (at <path-redacted>)
UnityEngine.DebugLogHandler:Internal_Log (UnityEngine.LogType,UnityEngine.LogOption,string,UnityEngine.Object)
UnityEngine.DebugLogHandler:LogFormat (UnityEngine.LogType,UnityEngine.Object,string,object[])
UnityEngine.Logger:Log (UnityEngine.LogType,object)
UnityEngine.Debug:LogWarning (object)
ForgeGame.Components.PlayerController:ResolveMoveSpeed () (at Assets/Scripts/Components/PlayerController.cs:213)
ForgeGame.Components.PlayerController:Start () (at Assets/Scripts/Components/PlayerController.cs:68)

(Filename: Assets/Scripts/Components/PlayerController.cs Line: 213)

[Wiring] SessionHolder missing at Game (not loaded via Boot, or session state lost); using base AUTO_ATTACK_DAMAGE_BASE (Lv0)
UnityEngine.Debug:ExtractStackTraceNoAlloc (byte*,int,string)
UnityEngine.StackTraceUtility:ExtractStackTrace () (at <path-redacted>)
UnityEngine.DebugLogHandler:Internal_Log (UnityEngine.LogType,UnityEngine.LogOption,string,UnityEngine.Object)
UnityEngine.DebugLogHandler:LogFormat (UnityEngine.LogType,UnityEngine.Object,string,object[])
UnityEngine.Logger:Log (UnityEngine.LogType,object)
UnityEngine.Debug:LogWarning (object)
ForgeGame.Components.AutoAttackDriver:ResolveAttackDamage () (at Assets/Scripts/Components/AutoAttackDriver.cs:194)
ForgeGame.Components.AutoAttackDriver:Start () (at Assets/Scripts/Components/AutoAttackDriver.cs:56)

(Filename: Assets/Scripts/Components/AutoAttackDriver.cs Line: 194)

[Wiring] SessionHolder missing at Game (not loaded via Boot, or session state lost); using base PLAYER_MAX_HP_BASE (Lv0)
UnityEngine.Debug:ExtractStackTraceNoAlloc (byte*,int,string)
UnityEngine.StackTraceUtility:ExtractStackTrace () (at <path-redacted>)
UnityEngine.DebugLogHandler:Internal_Log (UnityEngine.LogType,UnityEngine.LogOption,string,UnityEngine.Object)
UnityEngine.DebugLogHandler:LogFormat (UnityEngine.LogType,UnityEngine.Object,string,object[])
UnityEngine.Logger:Log (UnityEngine.LogType,object)
UnityEngine.Debug:LogWarning (object)
ForgeGame.Components.HealthComponent:ResolveEffectiveMaxHp () (at Assets/Scripts/Components/HealthComponent.cs:280)
ForgeGame.Components.HealthComponent:Start () (at Assets/Scripts/Components/HealthComponent.cs:58)

(Filename: Assets/Scripts/Components/HealthComponent.cs Line: 280)

Unloading 124 unused Assets / (30.1 KB). Loaded Objects now: 7866.
Memory consumption went from 239.5 MB to 239.4 MB.
Total: 5.521875 ms (FindLiveObjects: 0.172791 ms CreateObjectMapping: 0.061083 ms MarkObjects: 5.237000 ms  DeleteObjects: 0.050875 ms)

[AssetIntegration] EnemyAgent 'TestEnemy': no "Visual" child found — coded approach motion (ApplyVisualMotion) will no-op for this enemy.
UnityEngine.Debug:ExtractStackTraceNoAlloc (byte*,int,string)
UnityEngine.StackTraceUtility:ExtractStackTrace () (at <path-redacted>)
UnityEngine.DebugLogHandler:Internal_Log (UnityEngine.LogType,UnityEngine.LogOption,string,UnityEngine.Object)
UnityEngine.DebugLogHandler:LogFormat (UnityEngine.LogType,UnityEngine.Object,string,object[])
UnityEngine.Logger:Log (UnityEngine.LogType,object)
UnityEngine.Debug:Log (object)
ForgeGame.Components.EnemyAgent:Awake () (at Assets/Scripts/Components/EnemyAgent.cs:104)
UnityEngine.GameObject:Internal_AddComponentWithType (System.Type)
UnityEngine.GameObject:AddComponent (System.Type) (at <path-redacted>)
UnityEngine.GameObject:AddComponent<ForgeGame.Components.EnemyAgent> () (at <path-redacted>)
ForgeGame.Tests.PlayMode.CrystalSceneTests:CreateEnemy (UnityEngine.Vector3) (at Assets/Tests/PlayMode/CrystalSceneTests.cs:51)
ForgeGame.Tests.PlayMode.CrystalSceneTests/<KillingEnemyWithinPickupRadius_DropsCrystal_AutoCollects_AndScoreIncreasesByScorePerCrystal>d__6:MoveNext () (at Assets/Tests/PlayMode/CrystalSceneTests.cs:133)
UnityEngine.TestTools.TestEnumerator/<Execute>d__7:MoveNext () (at ./Library/PackageCache/com.unity.test-framework@aebcb98460c6/UnityEngine.TestRunner/NUnitExtensions/Attributes/TestEnumerator.cs:44)
UnityEngine.TestTools.EnumerableTestMethodCommand/<ExecuteEnumerableAndRecordExceptions>d__4:MoveNext () (at ./Library/PackageCache/com.unity.test-framework@aebcb98460c6/UnityEngine.TestRunner/NUnitExtensions/Commands/EnumerableTestMethodCommand.cs:79)
UnityEngine.TestTools.EnumerableTestMethodCommand:AdvanceEnumerator (System.Collections.IEnumerator) (at ./Library/PackageCache/com.unity.test-framework@aebcb98460c6/UnityEngine.TestRunner/NUnitExtensions/Commands/EnumerableTestMethodCommand.cs:64)
UnityEngine.TestTools.EnumerableTestMethodCommand/<ExecuteEnumerable>d__2:MoveNext () (at ./Library/PackageCache/com.unity.test-framework@aebcb98460c6/UnityEngine.TestRunner/NUnitExtensions/Commands/EnumerableTestMethodCommand.cs:47)
UnityEngine.TestRunner.NUnitExtensions.Runner.UnityLogCheckDelegatingCommand/<ExecuteEnumerable>d__3:MoveNext () (at ./Library/PackageCache/com.unity.test-framework@aebcb98460c6/UnityEngine.TestRunner/NUnitExtensions/Runner/UnityLogCheckDelegatingCommand.cs:48)
UnityEngine.TestTools.BeforeAfterTestCommandBase`1/<ExecuteEnumerable>d__16<NUnit.Framework.ITestAction>:MoveNext () (at ./Library/PackageCache/com.unity.test-framework@aebcb98460c6/UnityEngine.TestRunner/NUnitExtensions/Commands/BeforeAfterTestCommandBase.cs:212)
UnityEngine.TestTools.BeforeAfterTestCommandBase`1/<ExecuteEnumerable>d__16<System.Reflection.MethodInfo>:MoveNext () (at ./Library/PackageCache/com.unity.test-framework@aebcb98460c6/UnityEngine.TestRunner/NUnitExtensions/Commands/BeforeAfterTestCommandBase.cs:212)
UnityEngine.TestTools.BeforeAfterTestCommandBase`1/<ExecuteEnumerable>d__16<System.Reflection.MethodInfo>:MoveNext () (at ./Library/PackageCache/com.unity.test-framework@aebcb98460c6/UnityEngine.TestRunner/NUnitExtensions/Commands/BeforeAfterTestCommandBase.cs:212)
UnityEngine.TestTools.BeforeAfterTestCommandBase`1/<ExecuteEnumerable>d__16<UnityEngine.TestTools.IOuterUnityTestAction>:MoveNext () (at ./Library/PackageCache/com.unity.test-framework@aebcb98460c6/UnityEngine.TestRunner/NUnitExtensions/Commands/BeforeAfterTestCommandBase.cs:212)
UnityEngine.TestTools.RetryCommand/<ExecuteEnumerable>d__2:MoveNext () (at ./Library/PackageCache/com.unity.test-framework@aebcb98460c6/UnityEngine.TestRunner/NUnitExtensions/Commands/RetryCommand.cs:37)
UnityEngine.TestTools.RepeatCommand/<ExecuteEnumerable>d__2:MoveNext () (at ./Library/PackageCache/com.unity.test-framework@aebcb98460c6/UnityEngine.TestRunner/NUnitExtensions/Commands/RepeatCommand.cs:36)
UnityEngine.TestTools.IgnoreTestCommand/<ExecuteEnumerable>d__3:MoveNext () (at ./Library/PackageCache/com.unity.test-framework@aebcb98460c6/UnityEngine.TestRunner/NUnitExtensions/Commands/IgnoreTestCommand.cs:42)
UnityEngine.TestTools.StrictCheckCommand/<ExecuteEnumerable>d__2:MoveNext () (at ./Library/PackageCache/com.unity.test-framework@aebcb98460c6/UnityEngine.TestRunner/NUnitExtensions/Commands/StrictCheckCommand.cs:29)
UnityEngine.TestTools.Utils.CoroutineRunner/<WrapEnumeratorForChecks>d__8:MoveNext () (at ./Library/PackageCache/com.unity.test-framework@aebcb98460c6/UnityEngine.TestRunner/Utils/CoroutineRunner.cs:58)
UnityEngine.SetupCoroutine:InvokeMoveNext (System.Collections.IEnumerator,intptr) (at <path-redacted>)

(Filename: Assets/Scripts/Components/EnemyAgent.cs Line: 104)

Unloading 4 Unused Serialized files (Serialized files now loaded: 0)
UnloadTime: 0.272000 ms
Loaded scene 'Assets/Scenes/Game.unity'
	Deserialize:            0.843 ms
	Integration:            103.420 ms
	Integration of assets:  0.077 ms
	Thread Wait Time:       0.213 ms
	Total Operation Time:   104.553 ms
[Wiring] SessionHolder missing at Game (not loaded via Boot, or session state lost); using base PLAYER_MOVE_SPEED (Lv0)
UnityEngine.Debug:ExtractStackTraceNoAlloc (byte*,int,string)
UnityEngine.StackTraceUtility:ExtractStackTrace () (at <path-redacted>)
UnityEngine.DebugLogHandler:Internal_Log (UnityEngine.LogType,UnityEngine.LogOption,string,UnityEngine.Object)
UnityEngine.DebugLogHandler:LogFormat (UnityEngine.LogType,UnityEngine.Object,string,object[])
UnityEngine.Logger:Log (UnityEngine.LogType,object)
UnityEngine.Debug:LogWarning (object)
ForgeGame.Components.PlayerController:ResolveMoveSpeed () (at Assets/Scripts/Components/PlayerController.cs:213)
ForgeGame.Components.PlayerController:Start () (at Assets/Scripts/Components/PlayerController.cs:68)

(Filename: Assets/Scripts/Components/PlayerController.cs Line: 213)

[Wiring] SessionHolder missing at Game (not loaded via Boot, or session state lost); using base AUTO_ATTACK_DAMAGE_BASE (Lv0)
UnityEngine.Debug:ExtractStackTraceNoAlloc (byte*,int,string)
UnityEngine.StackTraceUtility:ExtractStackTrace () (at <path-redacted>)
UnityEngine.DebugLogHandler:Internal_Log (UnityEngine.LogType,UnityEngine.LogOption,string,UnityEngine.Object)
UnityEngine.DebugLogHandler:LogFormat (UnityEngine.LogType,UnityEngine.Object,string,object[])
UnityEngine.Logger:Log (UnityEngine.LogType,object)
UnityEngine.Debug:LogWarning (object)
ForgeGame.Components.AutoAttackDriver:ResolveAttackDamage () (at Assets/Scripts/Components/AutoAttackDriver.cs:194)
ForgeGame.Components.AutoAttackDriver:Start () (at Assets/Scripts/Components/AutoAttackDriver.cs:56)

(Filename: Assets/Scripts/Components/AutoAttackDriver.cs Line: 194)

[Wiring] SessionHolder missing at Game (not loaded via Boot, or session state lost); using base PLAYER_MAX_HP_BASE (Lv0)
UnityEngine.Debug:ExtractStackTraceNoAlloc (byte*,int,string)
UnityEngine.StackTraceUtility:ExtractStackTrace () (at <path-redacted>)
UnityEngine.DebugLogHandler:Internal_Log (UnityEngine.LogType,UnityEngine.LogOption,string,UnityEngine.Object)
UnityEngine.DebugLogHandler:LogFormat (UnityEngine.LogType,UnityEngine.Object,string,object[])
UnityEngine.Logger:Log (UnityEngine.LogType,object)
UnityEngine.Debug:LogWarning (object)
ForgeGame.Components.HealthComponent:ResolveEffectiveMaxHp () (at Assets/Scripts/Components/HealthComponent.cs:280)
ForgeGame.Components.HealthComponent:Start () (at Assets/Scripts/Components/HealthComponent.cs:58)

(Filename: Assets/Scripts/Components/HealthComponent.cs Line: 280)

Unloading 124 unused Assets / (30.1 KB). Loaded Objects now: 7866.
Memory consumption went from 238.9 MB to 238.9 MB.
Total: 5.681417 ms (FindLiveObjects: 0.165334 ms CreateObjectMapping: 0.055625 ms MarkObjects: 5.405750 ms  DeleteObjects: 0.054458 ms)

Saving results to: <path-redacted> Support/DefaultCompany/game/TestResults.xml
Saving results to: <repo>/qa/evidence/playmode-crystal-retry.xml
Thread 0x1790f3000 may have been prematurely finalized
Unloading 2 Unused Serialized files (Serialized files now loaded: 0)
Loaded scene 'Temp/__Backupscenes/0.backup'
	Deserialize:            0.266 ms
	Integration:            107.302 ms
	Integration of assets:  0.001 ms
	Thread Wait Time:       0.009 ms
	Total Operation Time:   107.578 ms
Unloading 45 unused Assets / (365.0 KB). Loaded Objects now: 7663.
Memory consumption went from 238.5 MB to 238.2 MB.
Total: 5.761917 ms (FindLiveObjects: 0.175708 ms CreateObjectMapping: 0.069625 ms MarkObjects: 5.416125 ms  DeleteObjects: 0.100292 ms)

Executing IPostBuildCleanup for: Unity.PerformanceTesting.Editor.TestRunBuilder.
UnityEngine.Debug:ExtractStackTraceNoAlloc (byte*,int,string)
UnityEngine.StackTraceUtility:ExtractStackTrace () (at <path-redacted>)
UnityEngine.DebugLogHandler:Internal_Log (UnityEngine.LogType,UnityEngine.LogOption,string,UnityEngine.Object)
UnityEngine.DebugLogHandler:LogFormat (UnityEngine.LogType,UnityEngine.Object,string,object[])
UnityEngine.Logger:Log (UnityEngine.LogType,object)
UnityEngine.Debug:Log (object)
UnityEditor.TestTools.TestRunner.TestRun.Tasks.BuildActionTaskBase`1/<ExecuteMethods>d__8<UnityEngine.TestTools.IPostBuildCleanup>:MoveNext () (at ./Library/PackageCache/com.unity.test-framework@aebcb98460c6/UnityEditor.TestRunner/TestRun/Tasks/BuildActionTaskBase.cs:48)
UnityEditor.TestTools.TestRunner.TestRun.Tasks.BuildActionTaskBase`1/<Execute>d__7<UnityEngine.TestTools.IPostBuildCleanup>:MoveNext () (at ./Library/PackageCache/com.unity.test-framework@aebcb98460c6/UnityEditor.TestRunner/TestRun/Tasks/BuildActionTaskBase.cs:34)
UnityEditor.TestTools.TestRunner.TestRun.TestJobRunner:ExecuteStep () (at ./Library/PackageCache/com.unity.test-framework@aebcb98460c6/UnityEditor.TestRunner/TestRun/TestJobRunner.cs:173)
UnityEditor.TestTools.TestRunner.TestRun.TestJobRunner:ExecuteCallback () (at ./Library/PackageCache/com.unity.test-framework@aebcb98460c6/UnityEditor.TestRunner/TestRun/TestJobRunner.cs:108)
UnityEditor.EditorApplication:Internal_CallUpdateFunctions () (at <path-redacted>)

(Filename: ./Library/PackageCache/com.unity.test-framework@aebcb98460c6/UnityEditor.TestRunner/TestRun/Tasks/BuildActionTaskBase.cs Line: 48)

Unloading 0 Unused Serialized files (Serialized files now loaded: 0)
Unloading 0 unused Assets / (0 B). Loaded Objects now: 7668.
Memory consumption went from 223.6 MB to 223.6 MB.
Total: 5.764625 ms (FindLiveObjects: 0.104167 ms CreateObjectMapping: 0.059208 ms MarkObjects: 5.596584 ms  DeleteObjects: 0.004458 ms)

Refreshing native plugins compatible for Editor in 0.51 ms, found 2 plugins.
Preloading 0 native plugins for Editor in 0.00 ms.
Asset Pipeline Refresh (id=d0877f7c06bee4035ba45819b3666046): Total: 0.047 seconds - Initiated by StopAssetImportingV2(NoUpdateAssetOptions)
DisplayProgressbar: Undo
Test run completed. Exiting with code 0 (Ok). Run completed.
UnityEngine.Debug:ExtractStackTraceNoAlloc (byte*,int,string)
UnityEngine.StackTraceUtility:ExtractStackTrace () (at <path-redacted>)
UnityEngine.DebugLogHandler:Internal_Log (UnityEngine.LogType,UnityEngine.LogOption,string,UnityEngine.Object)
UnityEngine.DebugLogHandler:LogFormat (UnityEngine.LogType,UnityEngine.Object,string,object[])
UnityEngine.Logger:Log (UnityEngine.LogType,object)
UnityEngine.Debug:Log (object)
UnityEditor.TestTools.TestRunner.CommandLineTest.Executer:ExitApplication (UnityEditor.TestTools.TestRunner.CommandLineTest.Executer/ReturnCodes,string) (at ./Library/PackageCache/com.unity.test-framework@aebcb98460c6/UnityEditor.TestRunner/CommandLineTest/Executer.cs:81)
UnityEditor.TestTools.TestRunner.CommandLineTest.Executer:ExitIfRunIsCompleted () (at ./Library/PackageCache/com.unity.test-framework@aebcb98460c6/UnityEditor.TestRunner/CommandLineTest/Executer.cs:74)
UnityEditor.EditorApplication:Internal_CallUpdateFunctions () (at <path-redacted>)

(Filename: ./Library/PackageCache/com.unity.test-framework@aebcb98460c6/UnityEditor.TestRunner/CommandLineTest/Executer.cs Line: 81)

Killing ADB server in 0.044704 seconds.
Start importing ProjectSettings/ProjectSettings.asset using Guid(00000000000000004000000000000000) (LibraryAssetImporter) -> (artifact id: '0786e2f41034c3337e0300e55a1d6f6c') in 0.003449875 seconds
Refreshing native plugins compatible for Editor in 0.54 ms, found 2 plugins.
Preloading 0 native plugins for Editor in 0.00 ms.
Asset Pipeline Refresh (id=23235320d4cbc4edb87f25960871d09b): Total: 0.012 seconds - Initiated by StopAssetImportingV2(NoUpdateAssetOptions)
Thread 0x35e0c7000 may have been prematurely finalized
Input System module state changed to: ShutdownInProgress.
Input System polling thread exited.
Input System module state changed to: Shutdown.
[Physics::Module] Cleanup current backend.
[Physics::Module] Id: 0xf2b8ea05
[Licensing::IpcConnector] LicenseClient-redacted-user-notifications channel disconnected successfully.
[Licensing::IpcConnector] LicenseClient-redacted-user channel disconnected successfully.
Thread 0x1708e3000 may have been prematurely finalized
Thread 0x17096f000 may have been prematurely finalized
Thread 0x170b13000 may have been prematurely finalized
Thread 0x170a87000 may have been prematurely finalized
Thread 0x170c2b000 may have been prematurely finalized
Thread 0x170cb7000 may have been prematurely finalized
Thread 0x170b9f000 may have been prematurely finalized
Thread 0x1709fb000 may have been prematurely finalized
Thread 0x170e5b000 may have been prematurely finalized
Thread 0x170dcf000 may have been prematurely finalized
Thread 0x170d43000 may have been prematurely finalized
Thread 0x170ee7000 may have been prematurely finalized
Thread 0x170fff000 may have been prematurely finalized
Thread 0x170f73000 may have been prematurely finalized
Thread 0x17108b000 may have been prematurely finalized
AcceleratorClientConnectionCallback - disconnected - :0
[40m[32minfo[39m[22m[49m: Microsoft.Hosting.Lifetime[0]
      Application is shutting down...
Cleanup mono
[40m[32minfo[39m[22m[49m: Unity.ILPP.Runner.PostProcessingAssemblyLoadContext[0]
      ALC ILPP context 1 is unloading
15:54:15.308 |V| RiderPlugin                    | :1                             | AppDomain.CurrentDomain.DomainUnload lifetimeDefinition.Terminate
debugger-agent: Unable to listen on 44
[usbmuxd] Stop listen thread
[usbmuxd] Error: 
[usbmuxd] Listen thread exiting
