Mono path[0] = '<repo>/game/Build/ForgeGame.app/Contents/Resources/Data/Managed'
Mono config path = '<repo>/game/Build/ForgeGame.app/Contents/MonoBleedingEdge/etc'
Input System module state changed to: Initialized.
[Physics::Module] Initialized fallback backend.
[Physics::Module] Id: 0xdecafbad
Initialize engine version: 6000.3.16f1 (a56f230f6470)
[Subsystems] Discovering subsystems at path <repo>/game/Build/ForgeGame.app/Contents/Resources/Data/UnitySubsystems
GfxDevice: creating device client; kGfxThreadingModeThreaded
 preferred device: Apple M4 Max (high power)
Metal devices available: 1
0: Apple M4 Max (high power)
Using device Apple M4 Max (high power)
Initializing Metal device caps: Apple M4 Max
Mac GPU Family: 2
Apple GPU Family: 9
MSL Version: 3.0
Has Float MSAA: 1
Has Float Filtering: 1
ReadWrite Texture Tier: 2
Begin MonoManager ReloadAssembly
- Loaded All Assemblies, in  0.147 seconds
- Finished resetting the current domain, in  0.003 seconds
[Physics::Module] Selected backend.
[Physics::Module] Name: PhysX
[Physics::Module] Id: 0xf2b8ea05
[Physics::Module] SDK Version: 4.1.2
[Physics::Module] Integration Version: 1.0.0
[Physics::Module] Threading Mode: Multi-Threaded
UnloadTime: 0.544250 ms
Unloading 5 Unused Serialized files (Serialized files now loaded: 0)
UnloadTime: 0.241333 ms
Unloading 3 unused Assets to reduce memory usage. Loaded Objects now: 2625.
Total: 0.906709 ms (FindLiveObjects: 0.041584 ms CreateObjectMapping: 0.033125 ms MarkObjects: 0.826875 ms  DeleteObjects: 0.005125 ms)

